
2021-01-25 23:23:11 connectionpool.py [line:231] DEBUG: Starting new HTTP connection (1): 103.80.83.48:3127
2021-01-25 23:23:11 connectionpool.py [line:231] DEBUG: Starting new HTTP connection (1): 115.221.241.140:9999
2021-01-25 23:23:11 connectionpool.py [line:231] DEBUG: Starting new HTTP connection (1): 116.68.249.228:8089
2021-01-25 23:23:11 connectionpool.py [line:231] DEBUG: Starting new HTTP connection (1): 116.68.254.94:8089
2021-01-25 23:23:11 connectionpool.py [line:231] DEBUG: Starting new HTTP connection (1): 181.143.17.35:3128
2021-01-25 23:23:11 connectionpool.py [line:231] DEBUG: Starting new HTTP connection (1): 183.89.198.132:8080
2021-01-25 23:23:11 connectionpool.py [line:231] DEBUG: Starting new HTTP connection (1): 186.91.187.166:8080
2021-01-25 23:23:11 connectionpool.py [line:231] DEBUG: Starting new HTTP connection (1): 186.91.91.90:8080
2021-01-25 23:23:11 connectionpool.py [line:231] DEBUG: Starting new HTTP connection (1): 187.111.160.8:42579
2021-01-25 23:23:11 connectionpool.py [line:231] DEBUG: Starting new HTTP connection (1): 191.101.39.118:80
2021-01-25 23:23:11 _internal.py [line:113] INFO:  * Running on http://0.0.0.0:6868/ (Press CTRL+C to quit)
2021-01-25 23:23:11 connectionpool.py [line:231] DEBUG: Starting new HTTP connection (1): www.66ip.cn:80
2021-01-25 23:23:11 connectionpool.py [line:231] DEBUG: Starting new HTTP connection (1): www.ip3366.net:80
2021-01-25 23:23:11 connectionpool.py [line:975] DEBUG: Starting new HTTPS connection (1): list.proxylistplus.com:443
2021-01-25 23:23:12 connectionpool.py [line:461] DEBUG: http://www.66ip.cn:80 "GET /1.html HTTP/1.1" 200 9154
2021-01-25 23:23:12 connectionpool.py [line:461] DEBUG: http://www.ip3366.net:80 "GET /free/?stype=1&page=1 HTTP/1.1" 200 5438
2021-01-25 23:23:12 connectionpool.py [line:231] DEBUG: Starting new HTTP connection (1): 115.221.241.234:9999
2021-01-25 23:23:13 connectionpool.py [line:231] DEBUG: Starting new HTTP connection (1): 49.70.64.219:9999
2021-01-25 23:23:15 connectionpool.py [line:461] DEBUG: http://191.101.39.118:80 "GET http://httpbin.org/get HTTP/1.1" 200 372
2021-01-25 23:23:15 connectionpool.py [line:975] DEBUG: Starting new HTTPS connection (1): httpbin.org:443
2021-01-25 23:23:16 connectionpool.py [line:461] DEBUG: https://list.proxylistplus.com:443 "GET /Fresh-HTTP-Proxy-List-1 HTTP/1.1" 200 None
2021-01-25 23:23:16 connectionpool.py [line:231] DEBUG: Starting new HTTP connection (1): 110.77.134.112:8080
2021-01-25 23:23:17 httpbin_check.py [line:53] DEBUG: {'ip': '191.101.39.118', 'port': 80, 'protocol': 0, 'nick_type': 0, 'speed': 3.8, 'area': '柬埔寨', 'score': 50}
2021-01-25 23:23:17 mysql_pool.py [line:89] INFO: 修改代理成功:{'ip': '191.101.39.118', 'port': 80, 'protocol': 0, 'nick_type': 0, 'speed': 3.8, 'area': '柬埔寨', 'score': 50}
2021-01-25 23:23:17 connectionpool.py [line:231] DEBUG: Starting new HTTP connection (1): 195.154.173.28:80
2021-01-25 23:23:18 connectionpool.py [line:461] DEBUG: http://183.89.198.132:8080 "GET http://httpbin.org/get HTTP/1.1" 200 425
2021-01-25 23:23:18 connectionpool.py [line:975] DEBUG: Starting new HTTPS connection (1): httpbin.org:443
2021-01-25 23:23:20 connectionpool.py [line:461] DEBUG: http://116.68.249.228:8089 "GET http://httpbin.org/get HTTP/1.1" 200 425
2021-01-25 23:23:21 connectionpool.py [line:461] DEBUG: http://187.111.160.8:42579 "GET http://httpbin.org/get HTTP/1.1" 200 392
2021-01-25 23:23:21 connectionpool.py [line:975] DEBUG: Starting new HTTPS connection (1): httpbin.org:443
2021-01-25 23:23:21 connectionpool.py [line:975] DEBUG: Starting new HTTPS connection (1): httpbin.org:443
2021-01-25 23:23:21 connectionpool.py [line:975] DEBUG: Starting new HTTPS connection (1): httpbin.org:443
2021-01-25 23:23:21 connectionpool.py [line:975] DEBUG: Starting new HTTPS connection (1): httpbin.org:443
2021-01-25 23:23:21 connectionpool.py [line:975] DEBUG: Starting new HTTPS connection (1): httpbin.org:443
2021-01-25 23:23:21 connectionpool.py [line:975] DEBUG: Starting new HTTPS connection (1): httpbin.org:443
2021-01-25 23:23:22 connectionpool.py [line:975] DEBUG: Starting new HTTPS connection (1): httpbin.org:443
2021-01-25 23:23:23 connectionpool.py [line:975] DEBUG: Starting new HTTPS connection (1): httpbin.org:443
2021-01-25 23:23:23 connectionpool.py [line:975] DEBUG: Starting new HTTPS connection (1): httpbin.org:443
2021-01-25 23:23:26 connectionpool.py [line:975] DEBUG: Starting new HTTPS connection (1): httpbin.org:443
2021-01-25 23:23:27 connectionpool.py [line:975] DEBUG: Starting new HTTPS connection (1): httpbin.org:443
2021-01-25 23:23:28 httpbin_check.py [line:53] DEBUG: {'ip': '183.89.198.132', 'port': 8080, 'protocol': 0, 'nick_type': 2, 'speed': 6.67, 'area': '高匿_泰国', 'score': 46}
2021-01-25 23:23:30 connectionpool.py [line:975] DEBUG: Starting new HTTPS connection (1): httpbin.org:443
2021-01-25 23:23:31 httpbin_check.py [line:53] DEBUG: {'ip': '187.111.160.8', 'port': 42579, 'protocol': 0, 'nick_type': 0, 'speed': 9.78, 'area': '巴西', 'score': 43}
2021-01-25 23:23:31 httpbin_check.py [line:53] DEBUG: {'ip': '103.80.83.48', 'port': 3127, 'protocol': -1, 'nick_type': -1, 'speed': -1, 'area': '亚太地区', 'score': 47}
2021-01-25 23:23:31 httpbin_check.py [line:53] DEBUG: {'ip': '115.221.241.140', 'port': 9999, 'protocol': -1, 'nick_type': -1, 'speed': -1, 'area': '浙江省温州市', 'score': 47}
2021-01-25 23:23:31 httpbin_check.py [line:53] DEBUG: {'ip': '181.143.17.35', 'port': 3128, 'protocol': -1, 'nick_type': -1, 'speed': -1, 'area': '高匿_哥伦比亚', 'score': 49}
2021-01-25 23:23:31 httpbin_check.py [line:53] DEBUG: {'ip': '186.91.91.90', 'port': 8080, 'protocol': -1, 'nick_type': -1, 'speed': -1, 'area': 'SSL高匿_委内瑞拉', 'score': 50}
2021-01-25 23:23:32 httpbin_check.py [line:53] DEBUG: {'ip': '115.221.241.234', 'port': '9999', 'protocol': -1, 'nick_type': -1, 'speed': -1, 'area': '浙江省温州市', 'score': 50}
2021-01-25 23:23:32 connectionpool.py [line:231] DEBUG: Starting new HTTP connection (1): 188.94.224.10:8080
2021-01-25 23:23:33 httpbin_check.py [line:53] DEBUG: {'ip': '186.91.187.166', 'port': 8080, 'protocol': -1, 'nick_type': -1, 'speed': -1, 'area': '委内瑞拉', 'score': 48}
2021-01-25 23:23:33 mysql_pool.py [line:89] INFO: 修改代理成功:{'ip': '183.89.198.132', 'port': 8080, 'protocol': 0, 'nick_type': 2, 'speed': 6.67, 'area': '高匿_泰国', 'score': 50}
2021-01-25 23:23:33 connectionpool.py [line:231] DEBUG: Starting new HTTP connection (1): 216.58.163.118:80
2021-01-25 23:23:33 httpbin_check.py [line:53] DEBUG: {'ip': '49.70.64.219', 'port': '9999', 'protocol': -1, 'nick_type': -1, 'speed': -1, 'area': '高匿_江苏省宿迁市电信', 'score': 50}
2021-01-25 23:23:33 connectionpool.py [line:231] DEBUG: Starting new HTTP connection (1): 49.70.99.139:9999
2021-01-25 23:23:33 mysql_pool.py [line:89] INFO: 修改代理成功:{'ip': '187.111.160.8', 'port': 42579, 'protocol': 0, 'nick_type': 0, 'speed': 9.78, 'area': '巴西', 'score': 50}
2021-01-25 23:23:33 connectionpool.py [line:231] DEBUG: Starting new HTTP connection (1): 78.111.97.180:3140
2021-01-25 23:23:34 mysql_pool.py [line:89] INFO: 修改代理成功:{'ip': '103.80.83.48', 'port': 3127, 'protocol': -1, 'nick_type': -1, 'speed': -1, 'area': '亚太地区', 'score': 46}
2021-01-25 23:23:34 connectionpool.py [line:231] DEBUG: Starting new HTTP connection (1): 91.224.182.49:8080
2021-01-25 23:23:34 mysql_pool.py [line:89] INFO: 修改代理成功:{'ip': '115.221.241.140', 'port': 9999, 'protocol': -1, 'nick_type': -1, 'speed': -1, 'area': '浙江省温州市', 'score': 46}
2021-01-25 23:23:34 mysql_pool.py [line:89] INFO: 修改代理成功:{'ip': '181.143.17.35', 'port': 3128, 'protocol': -1, 'nick_type': -1, 'speed': -1, 'area': '高匿_哥伦比亚', 'score': 48}
2021-01-25 23:23:36 mysql_pool.py [line:89] INFO: 修改代理成功:{'ip': '186.91.91.90', 'port': 8080, 'protocol': -1, 'nick_type': -1, 'speed': -1, 'area': 'SSL高匿_委内瑞拉', 'score': 49}
2021-01-25 23:23:36 mysql_pool.py [line:89] INFO: 修改代理成功:{'ip': '186.91.187.166', 'port': 8080, 'protocol': -1, 'nick_type': -1, 'speed': -1, 'area': '委内瑞拉', 'score': 47}
2021-01-25 23:23:36 httpbin_check.py [line:53] DEBUG: {'ip': '110.77.134.112', 'port': '8080', 'protocol': -1, 'nick_type': -1, 'speed': -1, 'area': 'Thailand', 'score': 50}
2021-01-25 23:23:36 connectionpool.py [line:231] DEBUG: Starting new HTTP connection (1): 178.19.97.1:8088
2021-01-25 23:23:37 httpbin_check.py [line:53] DEBUG: {'ip': '195.154.173.28', 'port': 80, 'protocol': -1, 'nick_type': -1, 'speed': -1, 'area': '法国', 'score': 46}
2021-01-25 23:23:38 httpbin_check.py [line:53] DEBUG: {'ip': '116.68.254.94', 'port': 8089, 'protocol': -1, 'nick_type': -1, 'speed': -1, 'area': '印度尼西亚', 'score': 46}
2021-01-25 23:23:40 mysql_pool.py [line:89] INFO: 修改代理成功:{'ip': '195.154.173.28', 'port': 80, 'protocol': -1, 'nick_type': -1, 'speed': -1, 'area': '法国', 'score': 45}
2021-01-25 23:23:40 httpbin_check.py [line:53] DEBUG: {'ip': '116.68.249.228', 'port': 8089, 'protocol': -1, 'nick_type': -1, 'speed': -1, 'area': '印度尼西亚', 'score': 47}
2021-01-25 23:23:40 mysql_pool.py [line:89] INFO: 修改代理成功:{'ip': '116.68.254.94', 'port': 8089, 'protocol': -1, 'nick_type': -1, 'speed': -1, 'area': '印度尼西亚', 'score': 45}
2021-01-25 23:23:41 mysql_pool.py [line:89] INFO: 修改代理成功:{'ip': '116.68.249.228', 'port': 8089, 'protocol': -1, 'nick_type': -1, 'speed': -1, 'area': '印度尼西亚', 'score': 46}
2021-01-25 23:23:42 connectionpool.py [line:975] DEBUG: Starting new HTTPS connection (1): httpbin.org:443
2021-01-25 23:23:43 connectionpool.py [line:975] DEBUG: Starting new HTTPS connection (1): httpbin.org:443
2021-01-25 23:23:43 connectionpool.py [line:975] DEBUG: Starting new HTTPS connection (1): httpbin.org:443
2021-01-25 23:23:43 connectionpool.py [line:975] DEBUG: Starting new HTTPS connection (1): httpbin.org:443
2021-01-25 23:23:44 connectionpool.py [line:975] DEBUG: Starting new HTTPS connection (1): httpbin.org:443
2021-01-25 23:23:46 connectionpool.py [line:975] DEBUG: Starting new HTTPS connection (1): httpbin.org:443
2021-01-25 23:23:52 httpbin_check.py [line:53] DEBUG: {'ip': '188.94.224.10', 'port': '8080', 'protocol': -1, 'nick_type': -1, 'speed': -1, 'area': '俄罗斯', 'score': 50}
2021-01-25 23:23:52 connectionpool.py [line:231] DEBUG: Starting new HTTP connection (1): 45.6.228.158:8080
2021-01-25 23:23:53 httpbin_check.py [line:53] DEBUG: {'ip': '216.58.163.118', 'port': 80, 'protocol': -1, 'nick_type': -1, 'speed': -1, 'area': '美国', 'score': 49}
2021-01-25 23:23:53 httpbin_check.py [line:53] DEBUG: {'ip': '49.70.99.139', 'port': '9999', 'protocol': -1, 'nick_type': -1, 'speed': -1, 'area': '高匿_江苏省宿迁市电信', 'score': 50}
2021-01-25 23:23:53 connectionpool.py [line:231] DEBUG: Starting new HTTP connection (1): 60.174.191.205:9999
2021-01-25 23:23:54 mysql_pool.py [line:89] INFO: 修改代理成功:{'ip': '216.58.163.118', 'port': 80, 'protocol': -1, 'nick_type': -1, 'speed': -1, 'area': '美国', 'score': 48}
2021-01-25 23:23:54 httpbin_check.py [line:53] DEBUG: {'ip': '91.224.182.49', 'port': 8080, 'protocol': -1, 'nick_type': -1, 'speed': -1, 'area': '俄罗斯', 'score': 45}
2021-01-25 23:23:54 mysql_pool.py [line:89] INFO: 修改代理成功:{'ip': '91.224.182.49', 'port': 8080, 'protocol': -1, 'nick_type': -1, 'speed': -1, 'area': '俄罗斯', 'score': 44}
2021-01-25 23:23:55 httpbin_check.py [line:53] DEBUG: {'ip': '78.111.97.180', 'port': 3140, 'protocol': -1, 'nick_type': -1, 'speed': -1, 'area': '土耳其', 'score': 48}
2021-01-25 23:23:55 mysql_pool.py [line:89] INFO: 修改代理成功:{'ip': '78.111.97.180', 'port': 3140, 'protocol': -1, 'nick_type': -1, 'speed': -1, 'area': '土耳其', 'score': 47}
2021-01-25 23:23:56 httpbin_check.py [line:53] DEBUG: {'ip': '178.19.97.1', 'port': '8088', 'protocol': -1, 'nick_type': -1, 'speed': -1, 'area': 'Poland', 'score': 50}
2021-01-25 23:23:56 connectionpool.py [line:231] DEBUG: Starting new HTTP connection (1): 71.41.27.245:8080
2021-01-25 23:24:02 connectionpool.py [line:975] DEBUG: Starting new HTTPS connection (1): httpbin.org:443
2021-01-25 23:24:03 connectionpool.py [line:975] DEBUG: Starting new HTTPS connection (1): httpbin.org:443
2021-01-25 23:24:06 connectionpool.py [line:975] DEBUG: Starting new HTTPS connection (1): httpbin.org:443
2021-01-25 23:24:13 httpbin_check.py [line:53] DEBUG: {'ip': '60.174.191.205', 'port': '9999', 'protocol': -1, 'nick_type': -1, 'speed': -1, 'area': '安徽省马鞍山市', 'score': 50}
2021-01-25 23:24:13 connectionpool.py [line:231] DEBUG: Starting new HTTP connection (1): 60.168.81.100:1133
2021-01-25 23:24:16 httpbin_check.py [line:53] DEBUG: {'ip': '71.41.27.245', 'port': '8080', 'protocol': -1, 'nick_type': -1, 'speed': -1, 'area': 'United States', 'score': 50}
2021-01-25 23:24:16 connectionpool.py [line:231] DEBUG: Starting new HTTP connection (1): 176.106.120.82:8080
2021-01-25 23:24:20 httpbin_check.py [line:53] DEBUG: {'ip': '45.6.228.158', 'port': '8080', 'protocol': -1, 'nick_type': -1, 'speed': -1, 'area': 'IANA', 'score': 50}
2021-01-25 23:24:20 connectionpool.py [line:231] DEBUG: Starting new HTTP connection (1): 103.80.83.48:3127
2021-01-25 23:24:23 connectionpool.py [line:975] DEBUG: Starting new HTTPS connection (1): httpbin.org:443
2021-01-25 23:24:26 connectionpool.py [line:975] DEBUG: Starting new HTTPS connection (1): httpbin.org:443
2021-01-25 23:24:30 connectionpool.py [line:975] DEBUG: Starting new HTTPS connection (1): httpbin.org:443
2021-01-25 23:24:33 httpbin_check.py [line:53] DEBUG: {'ip': '60.168.81.100', 'port': '1133', 'protocol': -1, 'nick_type': -1, 'speed': -1, 'area': '高匿_安徽省合肥市电信', 'score': 50}
2021-01-25 23:24:33 connectionpool.py [line:231] DEBUG: Starting new HTTP connection (1): 49.70.17.223:9999
2021-01-25 23:24:36 httpbin_check.py [line:53] DEBUG: {'ip': '176.106.120.82', 'port': '8080', 'protocol': -1, 'nick_type': -1, 'speed': -1, 'area': 'Serbia', 'score': 50}
2021-01-25 23:24:36 connectionpool.py [line:231] DEBUG: Starting new HTTP connection (1): 190.104.170.234:8080
2021-01-25 23:24:43 connectionpool.py [line:975] DEBUG: Starting new HTTPS connection (1): httpbin.org:443
2021-01-25 23:24:43 httpbin_check.py [line:53] DEBUG: {'ip': '103.80.83.48', 'port': '3127', 'protocol': -1, 'nick_type': -1, 'speed': -1, 'area': '亚太地区', 'score': 50}
2021-01-25 23:24:43 connectionpool.py [line:231] DEBUG: Starting new HTTP connection (1): 216.58.163.118:80
2021-01-25 23:24:45 httpbin_check.py [line:53] DEBUG: {'ip': '49.70.17.223', 'port': '9999', 'protocol': -1, 'nick_type': -1, 'speed': -1, 'area': '高匿_江苏省宿迁市电信', 'score': 50}
2021-01-25 23:24:45 connectionpool.py [line:231] DEBUG: Starting new HTTP connection (1): 58.21.182.148:9999
2021-01-25 23:24:46 connectionpool.py [line:975] DEBUG: Starting new HTTPS connection (1): httpbin.org:443
2021-01-25 23:24:49 connectionpool.py [line:461] DEBUG: http://216.58.163.118:80 "GET http://httpbin.org/get HTTP/1.1" 200 311
2021-01-25 23:24:49 connectionpool.py [line:975] DEBUG: Starting new HTTPS connection (1): httpbin.org:443
2021-01-25 23:24:55 connectionpool.py [line:975] DEBUG: Starting new HTTPS connection (1): httpbin.org:443
2021-01-25 23:24:55 httpbin_check.py [line:53] DEBUG: {'ip': '216.58.163.118', 'port': '80', 'protocol': 0, 'nick_type': 0, 'speed': 5.29, 'area': '美国', 'score': 50}
2021-01-25 23:24:56 httpbin_check.py [line:53] DEBUG: {'ip': '190.104.170.234', 'port': '8080', 'protocol': -1, 'nick_type': -1, 'speed': -1, 'area': 'Paraguay', 'score': 50}
2021-01-25 23:24:56 connectionpool.py [line:231] DEBUG: Starting new HTTP connection (1): 203.160.163.58:8080
2021-01-25 23:24:58 mysql_pool.py [line:38] WARNING: 已经存在的代理:{'ip': '216.58.163.118', 'port': '80', 'protocol': 0, 'nick_type': 0, 'speed': 5.29, 'area': '美国', 'score': 50}
2021-01-25 23:24:58 connectionpool.py [line:231] DEBUG: Starting new HTTP connection (1): 114.239.151.83:9999
2021-01-25 23:25:05 httpbin_check.py [line:53] DEBUG: {'ip': '58.21.182.148', 'port': '9999', 'protocol': -1, 'nick_type': -1, 'speed': -1, 'area': '吉林省白山市', 'score': 50}
2021-01-25 23:25:05 connectionpool.py [line:231] DEBUG: Starting new HTTP connection (1): 60.169.114.159:8888
2021-01-25 23:25:06 connectionpool.py [line:975] DEBUG: Starting new HTTPS connection (1): httpbin.org:443
2021-01-25 23:25:08 connectionpool.py [line:975] DEBUG: Starting new HTTPS connection (1): httpbin.org:443
2021-01-25 23:25:15 connectionpool.py [line:975] DEBUG: Starting new HTTPS connection (1): httpbin.org:443
2021-01-25 23:25:16 httpbin_check.py [line:53] DEBUG: {'ip': '203.160.163.58', 'port': '8080', 'protocol': -1, 'nick_type': -1, 'speed': -1, 'area': 'Philippines', 'score': 50}
2021-01-25 23:25:16 connectionpool.py [line:231] DEBUG: Starting new HTTP connection (1): 75.134.84.195:8080
2021-01-25 23:25:18 httpbin_check.py [line:53] DEBUG: {'ip': '114.239.151.83', 'port': '9999', 'protocol': -1, 'nick_type': -1, 'speed': -1, 'area': '江苏省宿迁市泗阳县', 'score': 50}
2021-01-25 23:25:18 connectionpool.py [line:231] DEBUG: Starting new HTTP connection (1): 36.91.188.18:80
2021-01-25 23:25:25 httpbin_check.py [line:53] DEBUG: {'ip': '60.169.114.159', 'port': '8888', 'protocol': -1, 'nick_type': -1, 'speed': -1, 'area': '安徽省芜湖市', 'score': 50}
2021-01-25 23:25:25 connectionpool.py [line:231] DEBUG: Starting new HTTP connection (1): 60.184.192.156:8888
2021-01-25 23:25:26 connectionpool.py [line:975] DEBUG: Starting new HTTPS connection (1): httpbin.org:443
2021-01-25 23:25:28 connectionpool.py [line:975] DEBUG: Starting new HTTPS connection (1): httpbin.org:443
2021-01-25 23:25:35 connectionpool.py [line:975] DEBUG: Starting new HTTPS connection (1): httpbin.org:443
2021-01-25 23:25:36 httpbin_check.py [line:53] DEBUG: {'ip': '75.134.84.195', 'port': '8080', 'protocol': -1, 'nick_type': -1, 'speed': -1, 'area': 'United States', 'score': 50}
2021-01-25 23:25:36 connectionpool.py [line:231] DEBUG: Starting new HTTP connection (1): 182.180.154.47:3128
2021-01-25 23:25:38 httpbin_check.py [line:53] DEBUG: {'ip': '36.91.188.18', 'port': '80', 'protocol': -1, 'nick_type': -1, 'speed': -1, 'area': '印度尼西亚', 'score': 50}
2021-01-25 23:25:38 connectionpool.py [line:231] DEBUG: Starting new HTTP connection (1): 78.111.97.180:3140
2021-01-25 23:25:45 httpbin_check.py [line:53] DEBUG: {'ip': '60.184.192.156', 'port': '8888', 'protocol': -1, 'nick_type': -1, 'speed': -1, 'area': '高匿_浙江省丽水市电信', 'score': 50}
2021-01-25 23:25:45 connectionpool.py [line:231] DEBUG: Starting new HTTP connection (1): 39.76.203.86:9999
2021-01-25 23:25:46 connectionpool.py [line:975] DEBUG: Starting new HTTPS connection (1): httpbin.org:443
2021-01-25 23:25:47 connectionpool.py [line:461] DEBUG: http://78.111.97.180:3140 "GET http://httpbin.org/get HTTP/1.1" 200 424
2021-01-25 23:25:55 connectionpool.py [line:975] DEBUG: Starting new HTTPS connection (1): httpbin.org:443
2021-01-25 23:25:56 httpbin_check.py [line:53] DEBUG: {'ip': '182.180.154.47', 'port': '3128', 'protocol': -1, 'nick_type': -1, 'speed': -1, 'area': 'Pakistan', 'score': 50}
2021-01-25 23:25:56 connectionpool.py [line:231] DEBUG: Starting new HTTP connection (1): 23.95.43.171:3128
2021-01-25 23:25:57 connectionpool.py [line:975] DEBUG: Starting new HTTPS connection (1): httpbin.org:443
2021-01-25 23:26:05 httpbin_check.py [line:53] DEBUG: {'ip': '39.76.203.86', 'port': '9999', 'protocol': -1, 'nick_type': -1, 'speed': -1, 'area': '山东省临沂市', 'score': 50}
2021-01-25 23:26:05 connectionpool.py [line:231] DEBUG: Starting new HTTP connection (1): 61.145.49.54:9999
2021-01-25 23:26:06 connectionpool.py [line:975] DEBUG: Starting new HTTPS connection (1): httpbin.org:443
2021-01-25 23:26:07 httpbin_check.py [line:53] DEBUG: {'ip': '78.111.97.180', 'port': '3140', 'protocol': -1, 'nick_type': -1, 'speed': -1, 'area': '土耳其', 'score': 50}
2021-01-25 23:26:07 connectionpool.py [line:231] DEBUG: Starting new HTTP connection (1): 197.210.164.66:8080
2021-01-25 23:26:15 connectionpool.py [line:975] DEBUG: Starting new HTTPS connection (1): httpbin.org:443
2021-01-25 23:26:16 httpbin_check.py [line:53] DEBUG: {'ip': '23.95.43.171', 'port': '3128', 'protocol': -1, 'nick_type': -1, 'speed': -1, 'area': 'United States', 'score': 50}
2021-01-25 23:26:16 connectionpool.py [line:231] DEBUG: Starting new HTTP connection (1): 82.192.30.238:8080
2021-01-25 23:26:20 connectionpool.py [line:975] DEBUG: Starting new HTTPS connection (1): httpbin.org:443
2021-01-25 23:26:25 httpbin_check.py [line:53] DEBUG: {'ip': '61.145.49.54', 'port': '9999', 'protocol': -1, 'nick_type': -1, 'speed': -1, 'area': '广东省江门市恩平市', 'score': 50}
2021-01-25 23:26:25 connectionpool.py [line:231] DEBUG: Starting new HTTP connection (1): 61.145.49.192:9999
2021-01-25 23:26:26 connectionpool.py [line:975] DEBUG: Starting new HTTPS connection (1): httpbin.org:443
2021-01-25 23:26:35 connectionpool.py [line:975] DEBUG: Starting new HTTPS connection (1): httpbin.org:443
2021-01-25 23:26:36 httpbin_check.py [line:53] DEBUG: {'ip': '82.192.30.238', 'port': '8080', 'protocol': -1, 'nick_type': -1, 'speed': -1, 'area': 'Austria', 'score': 50}
2021-01-25 23:26:36 connectionpool.py [line:231] DEBUG: Starting new HTTP connection (1): 198.23.143.27:8080
2021-01-25 23:26:37 httpbin_check.py [line:53] DEBUG: {'ip': '197.210.164.66', 'port': '8080', 'protocol': -1, 'nick_type': -1, 'speed': -1, 'area': '尼日利亚', 'score': 50}
2021-01-25 23:26:37 connectionpool.py [line:231] DEBUG: Starting new HTTP connection (1): 181.209.97.75:999
2021-01-25 23:26:39 connectionpool.py [line:975] DEBUG: Starting new HTTPS connection (1): httpbin.org:443
2021-01-25 23:26:45 httpbin_check.py [line:53] DEBUG: {'ip': '61.145.49.192', 'port': '9999', 'protocol': -1, 'nick_type': -1, 'speed': -1, 'area': '广东省江门市恩平市', 'score': 50}
2021-01-25 23:26:45 connectionpool.py [line:231] DEBUG: Starting new HTTP connection (1): 61.145.49.198:9999
2021-01-25 23:26:46 httpbin_check.py [line:53] DEBUG: {'ip': '198.23.143.27', 'port': '8080', 'protocol': -1, 'nick_type': -1, 'speed': -1, 'area': 'United States', 'score': 50}
2021-01-25 23:26:46 connectionpool.py [line:231] DEBUG: Starting new HTTP connection (1): 190.186.42.124:8080
2021-01-25 23:26:48 connectionpool.py [line:975] DEBUG: Starting new HTTPS connection (1): httpbin.org:443
2021-01-25 23:26:50 connectionpool.py [line:975] DEBUG: Starting new HTTPS connection (1): httpbin.org:443
2021-01-25 23:26:52 httpbin_check.py [line:53] DEBUG: {'ip': '61.145.49.198', 'port': '9999', 'protocol': -1, 'nick_type': -1, 'speed': -1, 'area': '广东省江门市恩平市', 'score': 50}
2021-01-25 23:26:52 connectionpool.py [line:231] DEBUG: Starting new HTTP connection (1): 49.70.17.118:9999
2021-01-25 23:26:56 connectionpool.py [line:975] DEBUG: Starting new HTTPS connection (1): httpbin.org:443
2021-01-25 23:26:57 connectionpool.py [line:975] DEBUG: Starting new HTTPS connection (1): httpbin.org:443
2021-01-25 23:27:02 httpbin_check.py [line:53] DEBUG: {'ip': '49.70.17.118', 'port': '9999', 'protocol': -1, 'nick_type': -1, 'speed': -1, 'area': '高匿_江苏省宿迁市电信', 'score': 50}
2021-01-25 23:27:02 connectionpool.py [line:231] DEBUG: Starting new HTTP connection (1): 58.19.15.116:9999
2021-01-25 23:27:06 httpbin_check.py [line:53] DEBUG: {'ip': '181.209.97.75', 'port': '999', 'protocol': -1, 'nick_type': -1, 'speed': -1, 'area': '阿根廷', 'score': 50}
2021-01-25 23:27:06 connectionpool.py [line:231] DEBUG: Starting new HTTP connection (1): 78.111.97.182:3142
2021-01-25 23:27:06 httpbin_check.py [line:53] DEBUG: {'ip': '190.186.42.124', 'port': '8080', 'protocol': -1, 'nick_type': -1, 'speed': -1, 'area': 'Bolivia', 'score': 50}
2021-01-25 23:27:06 connectionpool.py [line:231] DEBUG: Starting new HTTP connection (1): 36.66.34.10:8080
2021-01-25 23:27:12 connectionpool.py [line:975] DEBUG: Starting new HTTPS connection (1): httpbin.org:443
2021-01-25 23:27:13 connectionpool.py [line:975] DEBUG: Starting new HTTPS connection (1): httpbin.org:443
2021-01-25 23:27:16 connectionpool.py [line:975] DEBUG: Starting new HTTPS connection (1): httpbin.org:443
2021-01-25 23:27:18 httpbin_check.py [line:53] DEBUG: {'ip': '36.66.34.10', 'port': '8080', 'protocol': -1, 'nick_type': -1, 'speed': -1, 'area': 'Indonesia', 'score': 50}
2021-01-25 23:27:18 connectionpool.py [line:231] DEBUG: Starting new HTTP connection (1): 84.22.46.25:8080
2021-01-25 23:27:22 httpbin_check.py [line:53] DEBUG: {'ip': '58.19.15.116', 'port': '9999', 'protocol': -1, 'nick_type': -1, 'speed': -1, 'area': '湖北省武汉市', 'score': 50}
2021-01-25 23:27:22 connectionpool.py [line:231] DEBUG: Starting new HTTP connection (1): 36.56.102.245:9999
2021-01-25 23:27:26 httpbin_check.py [line:53] DEBUG: {'ip': '78.111.97.182', 'port': '3142', 'protocol': -1, 'nick_type': -1, 'speed': -1, 'area': '土耳其', 'score': 50}
2021-01-25 23:27:26 connectionpool.py [line:231] DEBUG: Starting new HTTP connection (1): 154.72.197.106:42113
2021-01-25 23:27:28 connectionpool.py [line:975] DEBUG: Starting new HTTPS connection (1): httpbin.org:443
2021-01-25 23:27:32 connectionpool.py [line:975] DEBUG: Starting new HTTPS connection (1): httpbin.org:443
2021-01-25 23:27:36 connectionpool.py [line:461] DEBUG: http://154.72.197.106:42113 "GET http://httpbin.org/get HTTP/1.1" 200 401
2021-01-25 23:27:36 connectionpool.py [line:975] DEBUG: Starting new HTTPS connection (1): httpbin.org:443
2021-01-25 23:27:38 httpbin_check.py [line:53] DEBUG: {'ip': '84.22.46.25', 'port': '8080', 'protocol': -1, 'nick_type': -1, 'speed': -1, 'area': 'Serbia', 'score': 50}
2021-01-25 23:27:38 connectionpool.py [line:231] DEBUG: Starting new HTTP connection (1): 103.19.109.186:8088
2021-01-25 23:27:42 httpbin_check.py [line:53] DEBUG: {'ip': '36.56.102.245', 'port': '9999', 'protocol': -1, 'nick_type': -1, 'speed': -1, 'area': '安徽省宣城市', 'score': 50}
2021-01-25 23:27:42 connectionpool.py [line:231] DEBUG: Starting new HTTP connection (1): www.ip3366.net:80
2021-01-25 23:27:42 connectionpool.py [line:461] DEBUG: http://www.ip3366.net:80 "GET /free/?stype=3&page=1 HTTP/1.1" 200 5333
2021-01-25 23:27:43 connectionpool.py [line:231] DEBUG: Starting new HTTP connection (1): 183.89.156.176:8080
2021-01-25 23:27:46 httpbin_check.py [line:53] DEBUG: {'ip': '154.72.197.106', 'port': '42113', 'protocol': 0, 'nick_type': 0, 'speed': 10.07, 'area': '非洲', 'score': 50}
2021-01-25 23:27:48 connectionpool.py [line:975] DEBUG: Starting new HTTPS connection (1): httpbin.org:443
2021-01-25 23:27:53 connectionpool.py [line:975] DEBUG: Starting new HTTPS connection (1): httpbin.org:443
2021-01-25 23:27:58 httpbin_check.py [line:53] DEBUG: {'ip': '103.19.109.186', 'port': '8088', 'protocol': -1, 'nick_type': -1, 'speed': -1, 'area': 'Indonesia', 'score': 50}
2021-01-25 23:27:58 connectionpool.py [line:231] DEBUG: Starting new HTTP connection (1): 61.90.41.97:8888
2021-01-25 23:28:03 httpbin_check.py [line:53] DEBUG: {'ip': '183.89.156.176', 'port': '8080', 'protocol': -1, 'nick_type': -1, 'speed': -1, 'area': 'SSL高匿_泰国', 'score': 50}
2021-01-25 23:28:03 connectionpool.py [line:231] DEBUG: Starting new HTTP connection (1): 202.6.238.238:8080
2021-01-25 23:28:08 connectionpool.py [line:975] DEBUG: Starting new HTTPS connection (1): httpbin.org:443
2021-01-25 23:28:13 connectionpool.py [line:975] DEBUG: Starting new HTTPS connection (1): httpbin.org:443
2021-01-25 23:28:18 httpbin_check.py [line:53] DEBUG: {'ip': '61.90.41.97', 'port': '8888', 'protocol': -1, 'nick_type': -1, 'speed': -1, 'area': 'Thailand', 'score': 50}
2021-01-25 23:28:18 connectionpool.py [line:231] DEBUG: Starting new HTTP connection (1): 176.123.129.14:8080
2021-01-25 23:28:23 httpbin_check.py [line:53] DEBUG: {'ip': '202.6.238.238', 'port': '8080', 'protocol': -1, 'nick_type': -1, 'speed': -1, 'area': '印度尼西亚', 'score': 50}
2021-01-25 23:28:23 connectionpool.py [line:231] DEBUG: Starting new HTTP connection (1): 185.132.251.1:8080
2021-01-25 23:28:28 connectionpool.py [line:975] DEBUG: Starting new HTTPS connection (1): httpbin.org:443
2021-01-25 23:28:33 connectionpool.py [line:975] DEBUG: Starting new HTTPS connection (1): httpbin.org:443
2021-01-25 23:28:38 httpbin_check.py [line:53] DEBUG: {'ip': '176.123.129.14', 'port': '8080', 'protocol': -1, 'nick_type': -1, 'speed': -1, 'area': 'Russian Federation', 'score': 50}
2021-01-25 23:28:38 connectionpool.py [line:231] DEBUG: Starting new HTTP connection (1): 46.39.192.48:8080
2021-01-25 23:28:48 connectionpool.py [line:975] DEBUG: Starting new HTTPS connection (1): httpbin.org:443
2021-01-25 23:28:48 httpbin_check.py [line:53] DEBUG: {'ip': '185.132.251.1', 'port': '8080', 'protocol': -1, 'nick_type': -1, 'speed': -1, 'area': '高匿_巴勒斯坦', 'score': 50}
2021-01-25 23:28:48 connectionpool.py [line:231] DEBUG: Starting new HTTP connection (1): 183.89.65.251:8080
2021-01-25 23:28:58 httpbin_check.py [line:53] DEBUG: {'ip': '46.39.192.48', 'port': '8080', 'protocol': -1, 'nick_type': -1, 'speed': -1, 'area': 'Spain', 'score': 50}
2021-01-25 23:28:58 connectionpool.py [line:231] DEBUG: Starting new HTTP connection (1): 103.247.101.102:8080
2021-01-25 23:29:01 connectionpool.py [line:975] DEBUG: Starting new HTTPS connection (1): httpbin.org:443
2021-01-25 23:29:08 connectionpool.py [line:975] DEBUG: Starting new HTTPS connection (1): httpbin.org:443
2021-01-25 23:29:11 httpbin_check.py [line:53] DEBUG: {'ip': '183.89.65.251', 'port': '8080', 'protocol': -1, 'nick_type': -1, 'speed': -1, 'area': 'SSL高匿_泰国', 'score': 50}
2021-01-25 23:29:11 connectionpool.py [line:231] DEBUG: Starting new HTTP connection (1): 190.207.39.168:8080
2021-01-25 23:29:18 httpbin_check.py [line:53] DEBUG: {'ip': '103.247.101.102', 'port': '8080', 'protocol': -1, 'nick_type': -1, 'speed': -1, 'area': 'Indonesia', 'score': 50}
2021-01-25 23:29:18 connectionpool.py [line:231] DEBUG: Starting new HTTP connection (1): 103.4.66.45:8080
2021-01-25 23:29:21 connectionpool.py [line:975] DEBUG: Starting new HTTPS connection (1): httpbin.org:443
2021-01-25 23:29:28 connectionpool.py [line:975] DEBUG: Starting new HTTPS connection (1): httpbin.org:443
2021-01-25 23:29:35 httpbin_check.py [line:53] DEBUG: {'ip': '190.207.39.168', 'port': '8080', 'protocol': -1, 'nick_type': -1, 'speed': -1, 'area': 'SSL高匿_委内瑞拉', 'score': 50}
2021-01-25 23:29:35 connectionpool.py [line:231] DEBUG: Starting new HTTP connection (1): 3.12.104.236:80
2021-01-25 23:29:38 httpbin_check.py [line:53] DEBUG: {'ip': '103.4.66.45', 'port': '8080', 'protocol': -1, 'nick_type': -1, 'speed': -1, 'area': 'Bangladesh', 'score': 50}
2021-01-25 23:29:38 connectionpool.py [line:231] DEBUG: Starting new HTTP connection (1): 202.56.160.110:8080
2021-01-25 23:29:45 connectionpool.py [line:975] DEBUG: Starting new HTTPS connection (1): httpbin.org:443
2021-01-25 23:29:48 connectionpool.py [line:975] DEBUG: Starting new HTTPS connection (1): httpbin.org:443
2021-01-25 23:29:55 httpbin_check.py [line:53] DEBUG: {'ip': '3.12.104.236', 'port': '80', 'protocol': -1, 'nick_type': -1, 'speed': -1, 'area': '美国', 'score': 50}
2021-01-25 23:29:55 connectionpool.py [line:231] DEBUG: Starting new HTTP connection (1): 201.242.66.3:8080
2021-01-25 23:29:58 httpbin_check.py [line:53] DEBUG: {'ip': '202.56.160.110', 'port': '8080', 'protocol': -1, 'nick_type': -1, 'speed': -1, 'area': 'Indonesia', 'score': 50}
2021-01-25 23:29:58 connectionpool.py [line:231] DEBUG: Starting new HTTP connection (1): 78.189.178.224:80
2021-01-25 23:30:05 connectionpool.py [line:975] DEBUG: Starting new HTTPS connection (1): httpbin.org:443
2021-01-25 23:30:08 connectionpool.py [line:975] DEBUG: Starting new HTTPS connection (1): httpbin.org:443
2021-01-25 23:30:15 httpbin_check.py [line:53] DEBUG: {'ip': '201.242.66.3', 'port': '8080', 'protocol': -1, 'nick_type': -1, 'speed': -1, 'area': 'SSL高匿_委内瑞拉', 'score': 50}
2021-01-25 23:30:15 connectionpool.py [line:231] DEBUG: Starting new HTTP connection (1): 197.50.137.227:8080
2021-01-25 23:30:18 httpbin_check.py [line:53] DEBUG: {'ip': '78.189.178.224', 'port': '80', 'protocol': -1, 'nick_type': -1, 'speed': -1, 'area': 'Turkey', 'score': 50}
2021-01-25 23:30:18 connectionpool.py [line:231] DEBUG: Starting new HTTP connection (1): 186.19.175.6:3128
2021-01-25 23:30:20 connectionpool.py [line:461] DEBUG: http://197.50.137.227:8080 "GET http://httpbin.org/get HTTP/1.1" 200 435
2021-01-25 23:30:20 connectionpool.py [line:975] DEBUG: Starting new HTTPS connection (1): httpbin.org:443
2021-01-25 23:30:25 connectionpool.py [line:975] DEBUG: Starting new HTTPS connection (1): httpbin.org:443
2021-01-25 23:30:31 httpbin_check.py [line:53] DEBUG: {'ip': '197.50.137.227', 'port': '8080', 'protocol': 0, 'nick_type': 2, 'speed': 5.07, 'area': '高匿_埃及Te Data', 'score': 50}
2021-01-25 23:30:35 httpbin_check.py [line:53] DEBUG: {'ip': '186.19.175.6', 'port': '3128', 'protocol': -1, 'nick_type': -1, 'speed': -1, 'area': 'Argentina', 'score': 50}
2021-01-25 23:30:35 connectionpool.py [line:231] DEBUG: Starting new HTTP connection (1): 103.246.1.101:8080
2021-01-25 23:30:45 connectionpool.py [line:975] DEBUG: Starting new HTTPS connection (1): httpbin.org:443
2021-01-25 23:30:55 httpbin_check.py [line:53] DEBUG: {'ip': '103.246.1.101', 'port': '8080', 'protocol': -1, 'nick_type': -1, 'speed': -1, 'area': 'Indonesia', 'score': 50}
2021-01-25 23:30:55 connectionpool.py [line:231] DEBUG: Starting new HTTP connection (1): 119.18.153.18:8080
2021-01-25 23:31:05 connectionpool.py [line:975] DEBUG: Starting new HTTPS connection (1): httpbin.org:443
2021-01-25 23:31:09 httpbin_check.py [line:53] DEBUG: {'ip': '119.18.153.18', 'port': '8080', 'protocol': -1, 'nick_type': -1, 'speed': -1, 'area': 'Indonesia', 'score': 50}
2021-01-25 23:31:09 connectionpool.py [line:231] DEBUG: Starting new HTTP connection (1): 125.209.73.57:8080
2021-01-25 23:31:19 connectionpool.py [line:975] DEBUG: Starting new HTTPS connection (1): httpbin.org:443
2021-01-25 23:31:29 httpbin_check.py [line:53] DEBUG: {'ip': '125.209.73.57', 'port': '8080', 'protocol': -1, 'nick_type': -1, 'speed': -1, 'area': 'Pakistan', 'score': 50}
2021-01-25 23:31:29 connectionpool.py [line:231] DEBUG: Starting new HTTP connection (1): 186.101.113.234:8080
2021-01-25 23:31:39 connectionpool.py [line:975] DEBUG: Starting new HTTPS connection (1): httpbin.org:443
2021-01-25 23:31:49 httpbin_check.py [line:53] DEBUG: {'ip': '186.101.113.234', 'port': '8080', 'protocol': -1, 'nick_type': -1, 'speed': -1, 'area': 'Ecuador', 'score': 50}
2021-01-25 23:31:49 connectionpool.py [line:231] DEBUG: Starting new HTTP connection (1): 36.66.242.10:8080
2021-01-25 23:31:59 connectionpool.py [line:975] DEBUG: Starting new HTTPS connection (1): httpbin.org:443
2021-01-25 23:32:09 httpbin_check.py [line:53] DEBUG: {'ip': '36.66.242.10', 'port': '8080', 'protocol': -1, 'nick_type': -1, 'speed': -1, 'area': 'Indonesia', 'score': 50}
2021-01-25 23:32:09 connectionpool.py [line:231] DEBUG: Starting new HTTP connection (1): 180.250.100.66:3128
2021-01-25 23:32:19 connectionpool.py [line:975] DEBUG: Starting new HTTPS connection (1): httpbin.org:443
2021-01-25 23:32:29 httpbin_check.py [line:53] DEBUG: {'ip': '180.250.100.66', 'port': '3128', 'protocol': -1, 'nick_type': -1, 'speed': -1, 'area': 'Indonesia', 'score': 50}
2021-01-25 23:32:29 connectionpool.py [line:231] DEBUG: Starting new HTTP connection (1): 94.154.222.95:8080
2021-01-25 23:32:39 connectionpool.py [line:975] DEBUG: Starting new HTTPS connection (1): httpbin.org:443
2021-01-25 23:32:49 httpbin_check.py [line:53] DEBUG: {'ip': '94.154.222.95', 'port': '8080', 'protocol': -1, 'nick_type': -1, 'speed': -1, 'area': 'Ukraine', 'score': 50}
2021-01-25 23:32:49 connectionpool.py [line:231] DEBUG: Starting new HTTP connection (1): 80.188.135.10:8080
2021-01-25 23:32:59 connectionpool.py [line:975] DEBUG: Starting new HTTPS connection (1): httpbin.org:443
2021-01-25 23:33:09 httpbin_check.py [line:53] DEBUG: {'ip': '80.188.135.10', 'port': '8080', 'protocol': -1, 'nick_type': -1, 'speed': -1, 'area': 'Czech Republic', 'score': 50}
2021-01-25 23:33:09 connectionpool.py [line:231] DEBUG: Starting new HTTP connection (1): 83.241.46.175:8080
2021-01-25 23:33:19 connectionpool.py [line:975] DEBUG: Starting new HTTPS connection (1): httpbin.org:443
2021-01-25 23:33:29 httpbin_check.py [line:53] DEBUG: {'ip': '83.241.46.175', 'port': '8080', 'protocol': -1, 'nick_type': -1, 'speed': -1, 'area': 'Latvia', 'score': 50}
2021-01-25 23:33:29 connectionpool.py [line:231] DEBUG: Starting new HTTP connection (1): 104.236.156.162:80
2021-01-25 23:33:39 connectionpool.py [line:975] DEBUG: Starting new HTTPS connection (1): httpbin.org:443
2021-01-25 23:33:49 httpbin_check.py [line:53] DEBUG: {'ip': '104.236.156.162', 'port': '80', 'protocol': -1, 'nick_type': -1, 'speed': -1, 'area': 'United States', 'score': 50}
2021-01-25 23:33:49 connectionpool.py [line:231] DEBUG: Starting new HTTP connection (1): 190.77.134.96:8080
2021-01-25 23:33:59 connectionpool.py [line:975] DEBUG: Starting new HTTPS connection (1): httpbin.org:443
2021-01-25 23:34:09 httpbin_check.py [line:53] DEBUG: {'ip': '190.77.134.96', 'port': '8080', 'protocol': -1, 'nick_type': -1, 'speed': -1, 'area': 'Venezuela', 'score': 50}
2021-01-25 23:34:09 connectionpool.py [line:231] DEBUG: Starting new HTTP connection (1): 188.214.23.78:80
2021-01-25 23:34:19 connectionpool.py [line:975] DEBUG: Starting new HTTPS connection (1): httpbin.org:443
2021-01-25 23:34:29 httpbin_check.py [line:53] DEBUG: {'ip': '188.214.23.78', 'port': '80', 'protocol': -1, 'nick_type': -1, 'speed': -1, 'area': 'Romania', 'score': 50}
2021-01-25 23:34:29 connectionpool.py [line:231] DEBUG: Starting new HTTP connection (1): 89.122.149.97:3128
2021-01-25 23:34:39 connectionpool.py [line:975] DEBUG: Starting new HTTPS connection (1): httpbin.org:443
2021-01-25 23:34:49 httpbin_check.py [line:53] DEBUG: {'ip': '89.122.149.97', 'port': '3128', 'protocol': -1, 'nick_type': -1, 'speed': -1, 'area': 'Romania', 'score': 50}
2021-01-25 23:34:49 connectionpool.py [line:231] DEBUG: Starting new HTTP connection (1): 217.117.13.170:8080
2021-01-25 23:34:59 connectionpool.py [line:975] DEBUG: Starting new HTTPS connection (1): httpbin.org:443
2021-01-25 23:35:09 httpbin_check.py [line:53] DEBUG: {'ip': '217.117.13.170', 'port': '8080', 'protocol': -1, 'nick_type': -1, 'speed': -1, 'area': 'Nigeria', 'score': 50}
2021-01-25 23:35:09 connectionpool.py [line:231] DEBUG: Starting new HTTP connection (1): 46.97.0.186:8080
2021-01-25 23:35:19 connectionpool.py [line:975] DEBUG: Starting new HTTPS connection (1): httpbin.org:443
2021-01-25 23:35:29 httpbin_check.py [line:53] DEBUG: {'ip': '46.97.0.186', 'port': '8080', 'protocol': -1, 'nick_type': -1, 'speed': -1, 'area': 'Romania', 'score': 50}
2021-01-25 23:35:29 connectionpool.py [line:231] DEBUG: Starting new HTTP connection (1): 107.163.117.80:808
2021-01-25 23:35:39 connectionpool.py [line:975] DEBUG: Starting new HTTPS connection (1): httpbin.org:443
2021-01-25 23:35:49 httpbin_check.py [line:53] DEBUG: {'ip': '107.163.117.80', 'port': '808', 'protocol': -1, 'nick_type': -1, 'speed': -1, 'area': 'United States', 'score': 50}
2021-01-25 23:35:49 connectionpool.py [line:231] DEBUG: Starting new HTTP connection (1): 104.40.159.62:8118
2021-01-25 23:35:59 connectionpool.py [line:975] DEBUG: Starting new HTTPS connection (1): httpbin.org:443
2021-01-25 23:36:09 httpbin_check.py [line:53] DEBUG: {'ip': '104.40.159.62', 'port': '8118', 'protocol': -1, 'nick_type': -1, 'speed': -1, 'area': 'Netherlands', 'score': 50}
2021-01-25 23:36:09 connectionpool.py [line:231] DEBUG: Starting new HTTP connection (1): 107.163.117.160:808
2021-01-25 23:36:19 connectionpool.py [line:975] DEBUG: Starting new HTTPS connection (1): httpbin.org:443
2021-01-25 23:36:29 httpbin_check.py [line:53] DEBUG: {'ip': '107.163.117.160', 'port': '808', 'protocol': -1, 'nick_type': -1, 'speed': -1, 'area': 'United States', 'score': 50}
2021-01-25 23:36:29 connectionpool.py [line:231] DEBUG: Starting new HTTP connection (1): 107.163.117.58:808
2021-01-25 23:36:39 connectionpool.py [line:975] DEBUG: Starting new HTTPS connection (1): httpbin.org:443
2021-01-25 23:36:49 httpbin_check.py [line:53] DEBUG: {'ip': '107.163.117.58', 'port': '808', 'protocol': -1, 'nick_type': -1, 'speed': -1, 'area': 'United States', 'score': 50}
2021-01-25 23:36:49 connectionpool.py [line:231] DEBUG: Starting new HTTP connection (1): 107.163.117.239:808
2021-01-25 23:36:59 connectionpool.py [line:975] DEBUG: Starting new HTTPS connection (1): httpbin.org:443
2021-01-25 23:37:09 httpbin_check.py [line:53] DEBUG: {'ip': '107.163.117.239', 'port': '808', 'protocol': -1, 'nick_type': -1, 'speed': -1, 'area': 'United States', 'score': 50}
2021-01-25 23:37:09 connectionpool.py [line:231] DEBUG: Starting new HTTP connection (1): 80.79.127.140:8080
2021-01-25 23:37:19 connectionpool.py [line:975] DEBUG: Starting new HTTPS connection (1): httpbin.org:443
2021-01-25 23:37:29 httpbin_check.py [line:53] DEBUG: {'ip': '80.79.127.140', 'port': '8080', 'protocol': -1, 'nick_type': -1, 'speed': -1, 'area': 'Estonia', 'score': 50}
2021-01-25 23:37:29 connectionpool.py [line:231] DEBUG: Starting new HTTP connection (1): 107.163.117.178:808
2021-01-25 23:37:39 connectionpool.py [line:975] DEBUG: Starting new HTTPS connection (1): httpbin.org:443
2021-01-25 23:37:49 httpbin_check.py [line:53] DEBUG: {'ip': '107.163.117.178', 'port': '808', 'protocol': -1, 'nick_type': -1, 'speed': -1, 'area': 'United States', 'score': 50}
2021-01-25 23:37:49 connectionpool.py [line:231] DEBUG: Starting new HTTP connection (1): 107.163.117.13:808
2021-01-25 23:37:59 connectionpool.py [line:975] DEBUG: Starting new HTTPS connection (1): httpbin.org:443
2021-01-25 23:38:09 httpbin_check.py [line:53] DEBUG: {'ip': '107.163.117.13', 'port': '808', 'protocol': -1, 'nick_type': -1, 'speed': -1, 'area': 'United States', 'score': 50}
2021-01-25 23:38:09 connectionpool.py [line:231] DEBUG: Starting new HTTP connection (1): 107.163.117.61:808
2021-01-25 23:38:19 connectionpool.py [line:975] DEBUG: Starting new HTTPS connection (1): httpbin.org:443
2021-01-25 23:38:29 httpbin_check.py [line:53] DEBUG: {'ip': '107.163.117.61', 'port': '808', 'protocol': -1, 'nick_type': -1, 'speed': -1, 'area': 'United States', 'score': 50}
2021-01-25 23:38:29 connectionpool.py [line:231] DEBUG: Starting new HTTP connection (1): 111.68.123.214:8080
2021-01-25 23:38:39 connectionpool.py [line:975] DEBUG: Starting new HTTPS connection (1): httpbin.org:443
2021-01-25 23:38:46 httpbin_check.py [line:53] DEBUG: {'ip': '111.68.123.214', 'port': '8080', 'protocol': -1, 'nick_type': -1, 'speed': -1, 'area': 'Indonesia', 'score': 50}
2021-01-25 23:38:46 connectionpool.py [line:231] DEBUG: Starting new HTTP connection (1): 107.163.208.201:808
2021-01-25 23:38:56 connectionpool.py [line:975] DEBUG: Starting new HTTPS connection (1): httpbin.org:443
2021-01-25 23:39:06 httpbin_check.py [line:53] DEBUG: {'ip': '107.163.208.201', 'port': '808', 'protocol': -1, 'nick_type': -1, 'speed': -1, 'area': 'United States', 'score': 50}
2021-01-25 23:39:06 connectionpool.py [line:231] DEBUG: Starting new HTTP connection (1): 112.105.11.196:8088
2021-01-25 23:39:16 connectionpool.py [line:975] DEBUG: Starting new HTTPS connection (1): httpbin.org:443
2021-01-25 23:39:26 httpbin_check.py [line:53] DEBUG: {'ip': '112.105.11.196', 'port': '8088', 'protocol': -1, 'nick_type': -1, 'speed': -1, 'area': 'Taiwan', 'score': 50}
2021-01-25 23:39:26 connectionpool.py [line:975] DEBUG: Starting new HTTPS connection (1): list.proxylistplus.com:443
2021-01-25 23:48:56 connectionpool.py [line:231] DEBUG: Starting new HTTP connection (1): 103.80.83.48:3127
2021-01-25 23:48:56 connectionpool.py [line:231] DEBUG: Starting new HTTP connection (1): 115.221.241.140:9999
2021-01-25 23:48:56 connectionpool.py [line:231] DEBUG: Starting new HTTP connection (1): 116.68.249.228:8089
2021-01-25 23:48:56 connectionpool.py [line:231] DEBUG: Starting new HTTP connection (1): 116.68.254.94:8089
2021-01-25 23:48:56 connectionpool.py [line:231] DEBUG: Starting new HTTP connection (1): 181.143.17.35:3128
2021-01-25 23:48:56 connectionpool.py [line:231] DEBUG: Starting new HTTP connection (1): 183.89.198.132:8080
2021-01-25 23:48:56 connectionpool.py [line:231] DEBUG: Starting new HTTP connection (1): 186.91.187.166:8080
2021-01-25 23:48:56 connectionpool.py [line:231] DEBUG: Starting new HTTP connection (1): 186.91.91.90:8080
2021-01-25 23:48:56 connectionpool.py [line:231] DEBUG: Starting new HTTP connection (1): 187.111.160.8:42579
2021-01-25 23:48:56 connectionpool.py [line:231] DEBUG: Starting new HTTP connection (1): 191.101.39.118:80
2021-01-25 23:48:56 _internal.py [line:113] INFO:  * Running on http://0.0.0.0:6868/ (Press CTRL+C to quit)
2021-01-25 23:48:56 connectionpool.py [line:231] DEBUG: Starting new HTTP connection (1): www.66ip.cn:80
2021-01-25 23:48:56 connectionpool.py [line:231] DEBUG: Starting new HTTP connection (1): www.ip3366.net:80
2021-01-25 23:48:56 connectionpool.py [line:975] DEBUG: Starting new HTTPS connection (1): list.proxylistplus.com:443
2021-01-25 23:48:56 connectionpool.py [line:461] DEBUG: http://www.66ip.cn:80 "GET /1.html HTTP/1.1" 200 9154
2021-01-25 23:48:56 connectionpool.py [line:461] DEBUG: http://www.ip3366.net:80 "GET /free/?stype=1&page=1 HTTP/1.1" 200 5421
2021-01-25 23:48:56 connectionpool.py [line:231] DEBUG: Starting new HTTP connection (1): 115.221.241.234:9999
2021-01-25 23:48:57 connectionpool.py [line:231] DEBUG: Starting new HTTP connection (1): 60.167.134.116:8888
2021-01-25 23:48:57 connectionpool.py [line:461] DEBUG: https://list.proxylistplus.com:443 "GET /Fresh-HTTP-Proxy-List-1 HTTP/1.1" 200 None
2021-01-25 23:48:57 connectionpool.py [line:231] DEBUG: Starting new HTTP connection (1): 110.77.134.112:8080
2021-01-25 23:48:59 connectionpool.py [line:461] DEBUG: http://191.101.39.118:80 "GET http://httpbin.org/get HTTP/1.1" 200 463
2021-01-25 23:48:59 connectionpool.py [line:975] DEBUG: Starting new HTTPS connection (1): httpbin.org:443
2021-01-25 23:49:00 httpbin_check.py [line:53] DEBUG: {'ip': '191.101.39.118', 'port': 80, 'protocol': 0, 'nick_type': 0, 'speed': 3.51, 'area': '柬埔寨', 'score': 50}
2021-01-25 23:49:00 mysql_pool.py [line:90] INFO: 修改代理成功:{'ip': '191.101.39.118', 'port': 80, 'protocol': 0, 'nick_type': 0, 'speed': 3.51, 'area': '柬埔寨', 'score': 50}
2021-01-25 23:49:00 connectionpool.py [line:231] DEBUG: Starting new HTTP connection (1): 195.154.173.28:80
2021-01-25 23:49:03 connectionpool.py [line:461] DEBUG: http://186.91.187.166:8080 "GET http://httpbin.org/get HTTP/1.1" 200 425
2021-01-25 23:49:03 connectionpool.py [line:975] DEBUG: Starting new HTTPS connection (1): httpbin.org:443
2021-01-25 23:49:04 connectionpool.py [line:461] DEBUG: http://183.89.198.132:8080 "GET http://httpbin.org/get HTTP/1.1" 200 538
2021-01-25 23:49:04 connectionpool.py [line:975] DEBUG: Starting new HTTPS connection (1): httpbin.org:443
2021-01-25 23:49:06 connectionpool.py [line:975] DEBUG: Starting new HTTPS connection (1): httpbin.org:443
2021-01-25 23:49:06 connectionpool.py [line:975] DEBUG: Starting new HTTPS connection (1): httpbin.org:443
2021-01-25 23:49:06 connectionpool.py [line:975] DEBUG: Starting new HTTPS connection (1): httpbin.org:443
2021-01-25 23:49:06 connectionpool.py [line:975] DEBUG: Starting new HTTPS connection (1): httpbin.org:443
2021-01-25 23:49:06 connectionpool.py [line:975] DEBUG: Starting new HTTPS connection (1): httpbin.org:443
2021-01-25 23:49:06 connectionpool.py [line:975] DEBUG: Starting new HTTPS connection (1): httpbin.org:443
2021-01-25 23:49:07 connectionpool.py [line:975] DEBUG: Starting new HTTPS connection (1): httpbin.org:443
2021-01-25 23:49:07 connectionpool.py [line:975] DEBUG: Starting new HTTPS connection (1): httpbin.org:443
2021-01-25 23:49:10 connectionpool.py [line:975] DEBUG: Starting new HTTPS connection (1): httpbin.org:443
2021-01-25 23:49:13 connectionpool.py [line:975] DEBUG: Starting new HTTPS connection (1): httpbin.org:443
2021-01-25 23:49:14 connectionpool.py [line:975] DEBUG: Starting new HTTPS connection (1): httpbin.org:443
2021-01-25 23:49:14 httpbin_check.py [line:53] DEBUG: {'ip': '181.143.17.35', 'port': 3128, 'protocol': -1, 'nick_type': -1, 'speed': -1, 'area': '高匿_哥伦比亚', 'score': 48}
2021-01-25 23:49:14 mysql_pool.py [line:90] INFO: 修改代理成功:{'ip': '181.143.17.35', 'port': 3128, 'protocol': -1, 'nick_type': -1, 'speed': -1, 'area': '高匿_哥伦比亚', 'score': 47}
2021-01-25 23:49:14 connectionpool.py [line:231] DEBUG: Starting new HTTP connection (1): 216.58.163.118:80
2021-01-25 23:49:16 httpbin_check.py [line:53] DEBUG: {'ip': '115.221.241.140', 'port': 9999, 'protocol': -1, 'nick_type': -1, 'speed': -1, 'area': '浙江省温州市', 'score': 46}
2021-01-25 23:49:16 mysql_pool.py [line:90] INFO: 修改代理成功:{'ip': '115.221.241.140', 'port': 9999, 'protocol': -1, 'nick_type': -1, 'speed': -1, 'area': '浙江省温州市', 'score': 45}
2021-01-25 23:49:16 connectionpool.py [line:231] DEBUG: Starting new HTTP connection (1): 78.111.97.180:3140
2021-01-25 23:49:16 httpbin_check.py [line:53] DEBUG: {'ip': '103.80.83.48', 'port': 3127, 'protocol': -1, 'nick_type': -1, 'speed': -1, 'area': '亚太地区', 'score': 46}
2021-01-25 23:49:16 mysql_pool.py [line:90] INFO: 修改代理成功:{'ip': '103.80.83.48', 'port': 3127, 'protocol': -1, 'nick_type': -1, 'speed': -1, 'area': '亚太地区', 'score': 45}
2021-01-25 23:49:16 connectionpool.py [line:231] DEBUG: Starting new HTTP connection (1): 91.224.182.49:8080
2021-01-25 23:49:16 httpbin_check.py [line:53] DEBUG: {'ip': '115.221.241.234', 'port': '9999', 'protocol': -1, 'nick_type': -1, 'speed': -1, 'area': '浙江省温州市', 'score': 50}
2021-01-25 23:49:16 connectionpool.py [line:231] DEBUG: Starting new HTTP connection (1): 188.94.224.10:8080
2021-01-25 23:49:17 httpbin_check.py [line:53] DEBUG: {'ip': '60.167.134.116', 'port': '8888', 'protocol': -1, 'nick_type': -1, 'speed': -1, 'area': '安徽省芜湖市', 'score': 50}
2021-01-25 23:49:17 connectionpool.py [line:231] DEBUG: Starting new HTTP connection (1): 49.70.94.162:9999
2021-01-25 23:49:17 httpbin_check.py [line:53] DEBUG: {'ip': '183.89.198.132', 'port': 8080, 'protocol': 0, 'nick_type': 2, 'speed': 8.39, 'area': '高匿_泰国', 'score': 50}
2021-01-25 23:49:17 httpbin_check.py [line:53] DEBUG: {'ip': '110.77.134.112', 'port': '8080', 'protocol': -1, 'nick_type': -1, 'speed': -1, 'area': 'Thailand', 'score': 50}
2021-01-25 23:49:17 connectionpool.py [line:231] DEBUG: Starting new HTTP connection (1): 178.19.97.1:8088
2021-01-25 23:49:17 mysql_pool.py [line:90] INFO: 修改代理成功:{'ip': '183.89.198.132', 'port': 8080, 'protocol': 0, 'nick_type': 2, 'speed': 8.39, 'area': '高匿_泰国', 'score': 50}
2021-01-25 23:49:18 httpbin_check.py [line:53] DEBUG: {'ip': '116.68.254.94', 'port': 8089, 'protocol': -1, 'nick_type': -1, 'speed': -1, 'area': '印度尼西亚', 'score': 45}
2021-01-25 23:49:18 mysql_pool.py [line:90] INFO: 修改代理成功:{'ip': '116.68.254.94', 'port': 8089, 'protocol': -1, 'nick_type': -1, 'speed': -1, 'area': '印度尼西亚', 'score': 44}
2021-01-25 23:49:19 httpbin_check.py [line:53] DEBUG: {'ip': '116.68.249.228', 'port': 8089, 'protocol': -1, 'nick_type': -1, 'speed': -1, 'area': '印度尼西亚', 'score': 46}
2021-01-25 23:49:19 mysql_pool.py [line:90] INFO: 修改代理成功:{'ip': '116.68.249.228', 'port': 8089, 'protocol': -1, 'nick_type': -1, 'speed': -1, 'area': '印度尼西亚', 'score': 45}
2021-01-25 23:49:20 httpbin_check.py [line:53] DEBUG: {'ip': '195.154.173.28', 'port': 80, 'protocol': -1, 'nick_type': -1, 'speed': -1, 'area': '法国', 'score': 45}
2021-01-25 23:49:20 mysql_pool.py [line:90] INFO: 修改代理成功:{'ip': '195.154.173.28', 'port': 80, 'protocol': -1, 'nick_type': -1, 'speed': -1, 'area': '法国', 'score': 44}
2021-01-25 23:49:21 httpbin_check.py [line:53] DEBUG: {'ip': '186.91.187.166', 'port': 8080, 'protocol': 0, 'nick_type': 2, 'speed': 7.91, 'area': '委内瑞拉', 'score': 47}
2021-01-25 23:49:21 mysql_pool.py [line:90] INFO: 修改代理成功:{'ip': '186.91.187.166', 'port': 8080, 'protocol': 0, 'nick_type': 2, 'speed': 7.91, 'area': '委内瑞拉', 'score': 50}
2021-01-25 23:49:23 httpbin_check.py [line:53] DEBUG: {'ip': '187.111.160.8', 'port': 42579, 'protocol': -1, 'nick_type': -1, 'speed': -1, 'area': '巴西', 'score': 50}
2021-01-25 23:49:23 mysql_pool.py [line:90] INFO: 修改代理成功:{'ip': '187.111.160.8', 'port': 42579, 'protocol': -1, 'nick_type': -1, 'speed': -1, 'area': '巴西', 'score': 49}
2021-01-25 23:49:26 connectionpool.py [line:975] DEBUG: Starting new HTTPS connection (1): httpbin.org:443
2021-01-25 23:49:26 connectionpool.py [line:975] DEBUG: Starting new HTTPS connection (1): httpbin.org:443
2021-01-25 23:49:27 connectionpool.py [line:975] DEBUG: Starting new HTTPS connection (1): httpbin.org:443
2021-01-25 23:49:27 connectionpool.py [line:975] DEBUG: Starting new HTTPS connection (1): httpbin.org:443
2021-01-25 23:49:28 connectionpool.py [line:975] DEBUG: Starting new HTTPS connection (1): httpbin.org:443
2021-01-25 23:49:28 connectionpool.py [line:975] DEBUG: Starting new HTTPS connection (1): httpbin.org:443
2021-01-25 23:49:31 httpbin_check.py [line:53] DEBUG: {'ip': '186.91.91.90', 'port': 8080, 'protocol': -1, 'nick_type': -1, 'speed': -1, 'area': 'SSL高匿_委内瑞拉', 'score': 49}
2021-01-25 23:49:31 mysql_pool.py [line:90] INFO: 修改代理成功:{'ip': '186.91.91.90', 'port': 8080, 'protocol': -1, 'nick_type': -1, 'speed': -1, 'area': 'SSL高匿_委内瑞拉', 'score': 48}
2021-01-25 23:49:36 httpbin_check.py [line:53] DEBUG: {'ip': '91.224.182.49', 'port': 8080, 'protocol': -1, 'nick_type': -1, 'speed': -1, 'area': '俄罗斯', 'score': 44}
2021-01-25 23:49:36 mysql_pool.py [line:90] INFO: 修改代理成功:{'ip': '91.224.182.49', 'port': 8080, 'protocol': -1, 'nick_type': -1, 'speed': -1, 'area': '俄罗斯', 'score': 43}
2021-01-25 23:49:36 httpbin_check.py [line:53] DEBUG: {'ip': '188.94.224.10', 'port': '8080', 'protocol': -1, 'nick_type': -1, 'speed': -1, 'area': '俄罗斯', 'score': 50}
2021-01-25 23:49:36 connectionpool.py [line:231] DEBUG: Starting new HTTP connection (1): 45.6.228.158:8080
2021-01-25 23:49:37 httpbin_check.py [line:53] DEBUG: {'ip': '216.58.163.118', 'port': 80, 'protocol': -1, 'nick_type': -1, 'speed': -1, 'area': '美国', 'score': 48}
2021-01-25 23:49:37 mysql_pool.py [line:90] INFO: 修改代理成功:{'ip': '216.58.163.118', 'port': 80, 'protocol': -1, 'nick_type': -1, 'speed': -1, 'area': '美国', 'score': 47}
2021-01-25 23:49:37 httpbin_check.py [line:53] DEBUG: {'ip': '49.70.94.162', 'port': '9999', 'protocol': -1, 'nick_type': -1, 'speed': -1, 'area': '高匿_江苏省宿迁市电信', 'score': 50}
2021-01-25 23:49:37 connectionpool.py [line:231] DEBUG: Starting new HTTP connection (1): 49.85.54.125:8888
2021-01-25 23:49:37 httpbin_check.py [line:53] DEBUG: {'ip': '178.19.97.1', 'port': '8088', 'protocol': -1, 'nick_type': -1, 'speed': -1, 'area': 'Poland', 'score': 50}
2021-01-25 23:49:37 connectionpool.py [line:231] DEBUG: Starting new HTTP connection (1): 71.41.27.245:8080
2021-01-25 23:49:38 httpbin_check.py [line:53] DEBUG: {'ip': '78.111.97.180', 'port': 3140, 'protocol': -1, 'nick_type': -1, 'speed': -1, 'area': '土耳其', 'score': 47}
2021-01-25 23:49:38 mysql_pool.py [line:90] INFO: 修改代理成功:{'ip': '78.111.97.180', 'port': 3140, 'protocol': -1, 'nick_type': -1, 'speed': -1, 'area': '土耳其', 'score': 46}
2021-01-25 23:49:39 connectionpool.py [line:975] DEBUG: Starting new HTTPS connection (1): httpbin.org:443
2021-01-25 23:49:41 httpbin_check.py [line:53] DEBUG: {'ip': '49.85.54.125', 'port': '8888', 'protocol': -1, 'nick_type': -1, 'speed': -1, 'area': '江苏省泰州市', 'score': 50}
2021-01-25 23:49:41 connectionpool.py [line:231] DEBUG: Starting new HTTP connection (1): 42.87.57.35:9999
2021-01-25 23:49:46 connectionpool.py [line:975] DEBUG: Starting new HTTPS connection (1): httpbin.org:443
2021-01-25 23:49:47 connectionpool.py [line:975] DEBUG: Starting new HTTPS connection (1): httpbin.org:443
2021-01-25 23:49:51 connectionpool.py [line:975] DEBUG: Starting new HTTPS connection (1): httpbin.org:443
2021-01-25 23:49:57 httpbin_check.py [line:53] DEBUG: {'ip': '71.41.27.245', 'port': '8080', 'protocol': -1, 'nick_type': -1, 'speed': -1, 'area': 'United States', 'score': 50}
2021-01-25 23:49:57 connectionpool.py [line:231] DEBUG: Starting new HTTP connection (1): 176.106.120.82:8080
2021-01-25 23:50:00 httpbin_check.py [line:53] DEBUG: {'ip': '45.6.228.158', 'port': '8080', 'protocol': -1, 'nick_type': -1, 'speed': -1, 'area': 'IANA', 'score': 50}
2021-01-25 23:50:00 connectionpool.py [line:231] DEBUG: Starting new HTTP connection (1): 103.80.83.48:3127
2021-01-25 23:50:01 httpbin_check.py [line:53] DEBUG: {'ip': '42.87.57.35', 'port': '9999', 'protocol': -1, 'nick_type': -1, 'speed': -1, 'area': 'SSL高匿_辽宁省联通', 'score': 50}
2021-01-25 23:50:01 connectionpool.py [line:231] DEBUG: Starting new HTTP connection (1): 60.174.189.127:9999
2021-01-25 23:50:04 connectionpool.py [line:975] DEBUG: Starting new HTTPS connection (1): httpbin.org:443
2021-01-25 23:50:07 connectionpool.py [line:975] DEBUG: Starting new HTTPS connection (1): httpbin.org:443
2021-01-25 23:50:08 connectionpool.py [line:461] DEBUG: http://103.80.83.48:3127 "GET http://httpbin.org/get HTTP/1.1" 200 449
2021-01-25 23:50:14 httpbin_check.py [line:53] DEBUG: {'ip': '60.174.189.127', 'port': '9999', 'protocol': -1, 'nick_type': -1, 'speed': -1, 'area': '安徽省马鞍山市', 'score': 50}
2021-01-25 23:50:14 connectionpool.py [line:231] DEBUG: Starting new HTTP connection (1): 61.145.8.237:9999
2021-01-25 23:50:17 httpbin_check.py [line:53] DEBUG: {'ip': '176.106.120.82', 'port': '8080', 'protocol': -1, 'nick_type': -1, 'speed': -1, 'area': 'Serbia', 'score': 50}
2021-01-25 23:50:17 connectionpool.py [line:231] DEBUG: Starting new HTTP connection (1): 190.104.170.234:8080
2021-01-25 23:50:18 connectionpool.py [line:975] DEBUG: Starting new HTTPS connection (1): httpbin.org:443
2021-01-25 23:50:24 connectionpool.py [line:975] DEBUG: Starting new HTTPS connection (1): httpbin.org:443
2021-01-25 23:50:27 connectionpool.py [line:975] DEBUG: Starting new HTTPS connection (1): httpbin.org:443
2021-01-25 23:50:28 httpbin_check.py [line:53] DEBUG: {'ip': '103.80.83.48', 'port': '3127', 'protocol': -1, 'nick_type': -1, 'speed': -1, 'area': '亚太地区', 'score': 50}
2021-01-25 23:50:28 connectionpool.py [line:231] DEBUG: Starting new HTTP connection (1): 216.58.163.118:80
2021-01-25 23:50:34 httpbin_check.py [line:53] DEBUG: {'ip': '61.145.8.237', 'port': '9999', 'protocol': -1, 'nick_type': -1, 'speed': -1, 'area': '高匿_广东省江门市电信', 'score': 50}
2021-01-25 23:50:34 connectionpool.py [line:231] DEBUG: Starting new HTTP connection (1): 58.255.206.22:9999
2021-01-25 23:50:37 httpbin_check.py [line:53] DEBUG: {'ip': '190.104.170.234', 'port': '8080', 'protocol': -1, 'nick_type': -1, 'speed': -1, 'area': 'Paraguay', 'score': 50}
2021-01-25 23:50:37 connectionpool.py [line:231] DEBUG: Starting new HTTP connection (1): 203.160.163.58:8080
2021-01-25 23:50:43 connectionpool.py [line:975] DEBUG: Starting new HTTPS connection (1): httpbin.org:443
2021-01-25 23:50:44 connectionpool.py [line:975] DEBUG: Starting new HTTPS connection (1): httpbin.org:443
2021-01-25 23:50:47 connectionpool.py [line:975] DEBUG: Starting new HTTPS connection (1): httpbin.org:443
2021-01-25 23:50:53 httpbin_check.py [line:53] DEBUG: {'ip': '216.58.163.118', 'port': '80', 'protocol': -1, 'nick_type': -1, 'speed': -1, 'area': '美国', 'score': 50}
2021-01-25 23:50:53 connectionpool.py [line:231] DEBUG: Starting new HTTP connection (1): 114.239.151.83:9999
2021-01-25 23:50:54 httpbin_check.py [line:53] DEBUG: {'ip': '58.255.206.22', 'port': '9999', 'protocol': -1, 'nick_type': -1, 'speed': -1, 'area': '广东省惠州市', 'score': 50}
2021-01-25 23:50:54 connectionpool.py [line:231] DEBUG: Starting new HTTP connection (1): 49.70.64.219:9999
2021-01-25 23:50:57 httpbin_check.py [line:53] DEBUG: {'ip': '203.160.163.58', 'port': '8080', 'protocol': -1, 'nick_type': -1, 'speed': -1, 'area': 'Philippines', 'score': 50}
2021-01-25 23:50:57 connectionpool.py [line:231] DEBUG: Starting new HTTP connection (1): 75.134.84.195:8080
2021-01-25 23:51:03 connectionpool.py [line:975] DEBUG: Starting new HTTPS connection (1): httpbin.org:443
2021-01-25 23:51:04 connectionpool.py [line:975] DEBUG: Starting new HTTPS connection (1): httpbin.org:443
2021-01-25 23:51:07 connectionpool.py [line:975] DEBUG: Starting new HTTPS connection (1): httpbin.org:443
2021-01-25 23:51:13 httpbin_check.py [line:53] DEBUG: {'ip': '114.239.151.83', 'port': '9999', 'protocol': -1, 'nick_type': -1, 'speed': -1, 'area': '江苏省宿迁市泗阳县', 'score': 50}
2021-01-25 23:51:13 connectionpool.py [line:231] DEBUG: Starting new HTTP connection (1): 36.91.188.18:80
2021-01-25 23:51:14 httpbin_check.py [line:53] DEBUG: {'ip': '49.70.64.219', 'port': '9999', 'protocol': -1, 'nick_type': -1, 'speed': -1, 'area': '高匿_江苏省宿迁市电信', 'score': 50}
2021-01-25 23:51:14 connectionpool.py [line:231] DEBUG: Starting new HTTP connection (1): 49.70.99.139:9999
2021-01-25 23:51:17 httpbin_check.py [line:53] DEBUG: {'ip': '75.134.84.195', 'port': '8080', 'protocol': -1, 'nick_type': -1, 'speed': -1, 'area': 'United States', 'score': 50}
2021-01-25 23:51:17 connectionpool.py [line:231] DEBUG: Starting new HTTP connection (1): 182.180.154.47:3128
2021-01-25 23:51:23 connectionpool.py [line:975] DEBUG: Starting new HTTPS connection (1): httpbin.org:443
2021-01-25 23:51:24 connectionpool.py [line:975] DEBUG: Starting new HTTPS connection (1): httpbin.org:443
2021-01-25 23:51:27 connectionpool.py [line:975] DEBUG: Starting new HTTPS connection (1): httpbin.org:443
2021-01-25 23:51:33 httpbin_check.py [line:53] DEBUG: {'ip': '36.91.188.18', 'port': '80', 'protocol': -1, 'nick_type': -1, 'speed': -1, 'area': '印度尼西亚', 'score': 50}
2021-01-25 23:51:33 connectionpool.py [line:231] DEBUG: Starting new HTTP connection (1): 78.111.97.180:3140
2021-01-25 23:51:34 httpbin_check.py [line:53] DEBUG: {'ip': '49.70.99.139', 'port': '9999', 'protocol': -1, 'nick_type': -1, 'speed': -1, 'area': '高匿_江苏省宿迁市电信', 'score': 50}
2021-01-25 23:51:34 connectionpool.py [line:231] DEBUG: Starting new HTTP connection (1): 60.174.191.205:9999
2021-01-25 23:51:36 connectionpool.py [line:975] DEBUG: Starting new HTTPS connection (1): httpbin.org:443
2021-01-25 23:51:37 httpbin_check.py [line:53] DEBUG: {'ip': '182.180.154.47', 'port': '3128', 'protocol': -1, 'nick_type': -1, 'speed': -1, 'area': 'Pakistan', 'score': 50}
2021-01-25 23:51:37 connectionpool.py [line:231] DEBUG: Starting new HTTP connection (1): 23.95.43.171:3128
2021-01-25 23:51:39 httpbin_check.py [line:53] DEBUG: {'ip': '60.174.191.205', 'port': '9999', 'protocol': -1, 'nick_type': -1, 'speed': -1, 'area': '安徽省马鞍山市', 'score': 50}
2021-01-25 23:51:39 connectionpool.py [line:231] DEBUG: Starting new HTTP connection (1): 60.168.81.100:1133
2021-01-25 23:51:43 connectionpool.py [line:975] DEBUG: Starting new HTTPS connection (1): httpbin.org:443
2021-01-25 23:51:47 connectionpool.py [line:975] DEBUG: Starting new HTTPS connection (1): httpbin.org:443
2021-01-25 23:51:49 connectionpool.py [line:975] DEBUG: Starting new HTTPS connection (1): httpbin.org:443
2021-01-25 23:51:56 httpbin_check.py [line:53] DEBUG: {'ip': '78.111.97.180', 'port': '3140', 'protocol': -1, 'nick_type': -1, 'speed': -1, 'area': '土耳其', 'score': 50}
2021-01-25 23:51:56 connectionpool.py [line:231] DEBUG: Starting new HTTP connection (1): 197.210.164.66:8080
2021-01-25 23:51:57 httpbin_check.py [line:53] DEBUG: {'ip': '23.95.43.171', 'port': '3128', 'protocol': -1, 'nick_type': -1, 'speed': -1, 'area': 'United States', 'score': 50}
2021-01-25 23:51:57 connectionpool.py [line:231] DEBUG: Starting new HTTP connection (1): 82.192.30.238:8080
2021-01-25 23:51:59 httpbin_check.py [line:53] DEBUG: {'ip': '60.168.81.100', 'port': '1133', 'protocol': -1, 'nick_type': -1, 'speed': -1, 'area': '高匿_安徽省合肥市电信', 'score': 50}
2021-01-25 23:51:59 connectionpool.py [line:231] DEBUG: Starting new HTTP connection (1): 49.70.17.223:9999
2021-01-25 23:52:02 connectionpool.py [line:975] DEBUG: Starting new HTTPS connection (1): httpbin.org:443
2021-01-25 23:52:07 connectionpool.py [line:975] DEBUG: Starting new HTTPS connection (1): httpbin.org:443
2021-01-25 23:52:08 connectionpool.py [line:461] DEBUG: http://197.210.164.66:8080 "GET http://httpbin.org/get HTTP/1.1" 200 427
2021-01-25 23:52:08 connectionpool.py [line:975] DEBUG: Starting new HTTPS connection (1): httpbin.org:443
2021-01-25 23:52:09 httpbin_check.py [line:53] DEBUG: {'ip': '49.70.17.223', 'port': '9999', 'protocol': -1, 'nick_type': -1, 'speed': -1, 'area': '高匿_江苏省宿迁市电信', 'score': 50}
2021-01-25 23:52:09 connectionpool.py [line:231] DEBUG: Starting new HTTP connection (1): 58.21.182.148:9999
2021-01-25 23:52:17 httpbin_check.py [line:53] DEBUG: {'ip': '82.192.30.238', 'port': '8080', 'protocol': -1, 'nick_type': -1, 'speed': -1, 'area': 'Austria', 'score': 50}
2021-01-25 23:52:17 connectionpool.py [line:231] DEBUG: Starting new HTTP connection (1): 198.23.143.27:8080
2021-01-25 23:52:19 connectionpool.py [line:975] DEBUG: Starting new HTTPS connection (1): httpbin.org:443
2021-01-25 23:52:23 httpbin_check.py [line:53] DEBUG: {'ip': '197.210.164.66', 'port': '8080', 'protocol': 0, 'nick_type': 2, 'speed': 12.18, 'area': '尼日利亚', 'score': 50}
2021-01-25 23:52:25 mysql_pool.py [line:37] INFO: 插入新的代理:{'ip': '197.210.164.66', 'port': '8080', 'protocol': 0, 'nick_type': 2, 'speed': 12.18, 'area': '尼日利亚', 'score': 50}
2021-01-25 23:52:25 connectionpool.py [line:231] DEBUG: Starting new HTTP connection (1): 181.209.97.75:999
2021-01-25 23:52:27 connectionpool.py [line:975] DEBUG: Starting new HTTPS connection (1): httpbin.org:443
2021-01-25 23:52:29 httpbin_check.py [line:53] DEBUG: {'ip': '58.21.182.148', 'port': '9999', 'protocol': -1, 'nick_type': -1, 'speed': -1, 'area': '吉林省白山市', 'score': 50}
2021-01-25 23:52:29 connectionpool.py [line:231] DEBUG: Starting new HTTP connection (1): 60.169.114.159:8888
2021-01-25 23:52:35 connectionpool.py [line:975] DEBUG: Starting new HTTPS connection (1): httpbin.org:443
2021-01-25 23:52:37 httpbin_check.py [line:53] DEBUG: {'ip': '198.23.143.27', 'port': '8080', 'protocol': -1, 'nick_type': -1, 'speed': -1, 'area': 'United States', 'score': 50}
2021-01-25 23:52:37 connectionpool.py [line:231] DEBUG: Starting new HTTP connection (1): 190.186.42.124:8080
2021-01-25 23:52:39 connectionpool.py [line:975] DEBUG: Starting new HTTPS connection (1): httpbin.org:443
2021-01-25 23:52:47 connectionpool.py [line:975] DEBUG: Starting new HTTPS connection (1): httpbin.org:443
2021-01-25 23:52:49 httpbin_check.py [line:53] DEBUG: {'ip': '60.169.114.159', 'port': '8888', 'protocol': -1, 'nick_type': -1, 'speed': -1, 'area': '安徽省芜湖市', 'score': 50}
2021-01-25 23:52:49 connectionpool.py [line:231] DEBUG: Starting new HTTP connection (1): 60.184.192.156:8888
2021-01-25 23:52:52 connectionpool.py [line:975] DEBUG: Starting new HTTPS connection (1): httpbin.org:443
2021-01-25 23:52:54 httpbin_check.py [line:53] DEBUG: {'ip': '181.209.97.75', 'port': '999', 'protocol': -1, 'nick_type': -1, 'speed': -1, 'area': '阿根廷', 'score': 50}
2021-01-25 23:52:54 connectionpool.py [line:231] DEBUG: Starting new HTTP connection (1): 78.111.97.182:3142
2021-01-25 23:52:54 httpbin_check.py [line:53] DEBUG: {'ip': '60.184.192.156', 'port': '8888', 'protocol': -1, 'nick_type': -1, 'speed': -1, 'area': '高匿_浙江省丽水市电信', 'score': 50}
2021-01-25 23:52:54 connectionpool.py [line:231] DEBUG: Starting new HTTP connection (1): www.ip3366.net:80
2021-01-25 23:52:54 connectionpool.py [line:461] DEBUG: http://www.ip3366.net:80 "GET /free/?stype=3&page=1 HTTP/1.1" 200 5336
2021-01-25 23:52:56 connectionpool.py [line:231] DEBUG: Starting new HTTP connection (1): 183.89.104.12:8080
2021-01-25 23:52:57 httpbin_check.py [line:53] DEBUG: {'ip': '190.186.42.124', 'port': '8080', 'protocol': -1, 'nick_type': -1, 'speed': -1, 'area': 'Bolivia', 'score': 50}
2021-01-25 23:52:57 connectionpool.py [line:231] DEBUG: Starting new HTTP connection (1): 36.66.34.10:8080
2021-01-25 23:53:04 connectionpool.py [line:975] DEBUG: Starting new HTTPS connection (1): httpbin.org:443
2021-01-25 23:53:07 connectionpool.py [line:975] DEBUG: Starting new HTTPS connection (1): httpbin.org:443
2021-01-25 23:53:10 connectionpool.py [line:975] DEBUG: Starting new HTTPS connection (1): httpbin.org:443
2021-01-25 23:53:14 httpbin_check.py [line:53] DEBUG: {'ip': '78.111.97.182', 'port': '3142', 'protocol': -1, 'nick_type': -1, 'speed': -1, 'area': '土耳其', 'score': 50}
2021-01-25 23:53:14 connectionpool.py [line:231] DEBUG: Starting new HTTP connection (1): 154.72.197.106:42113
2021-01-25 23:53:17 httpbin_check.py [line:53] DEBUG: {'ip': '36.66.34.10', 'port': '8080', 'protocol': -1, 'nick_type': -1, 'speed': -1, 'area': 'Indonesia', 'score': 50}
2021-01-25 23:53:17 connectionpool.py [line:231] DEBUG: Starting new HTTP connection (1): 84.22.46.25:8080
2021-01-25 23:53:24 httpbin_check.py [line:53] DEBUG: {'ip': '183.89.104.12', 'port': '8080', 'protocol': -1, 'nick_type': -1, 'speed': -1, 'area': 'SSL高匿_泰国', 'score': 50}
2021-01-25 23:53:24 connectionpool.py [line:231] DEBUG: Starting new HTTP connection (1): 183.89.156.176:8080
2021-01-25 23:53:24 connectionpool.py [line:461] DEBUG: http://154.72.197.106:42113 "GET http://httpbin.org/get HTTP/1.1" 200 361
2021-01-25 23:53:24 connectionpool.py [line:975] DEBUG: Starting new HTTPS connection (1): httpbin.org:443
2021-01-25 23:53:27 connectionpool.py [line:975] DEBUG: Starting new HTTPS connection (1): httpbin.org:443
2021-01-25 23:53:34 connectionpool.py [line:975] DEBUG: Starting new HTTPS connection (1): httpbin.org:443
2021-01-25 23:53:35 httpbin_check.py [line:53] DEBUG: {'ip': '154.72.197.106', 'port': '42113', 'protocol': 0, 'nick_type': 0, 'speed': 10.3, 'area': '非洲', 'score': 50}
2021-01-25 23:53:36 mysql_pool.py [line:37] INFO: 插入新的代理:{'ip': '154.72.197.106', 'port': '42113', 'protocol': 0, 'nick_type': 0, 'speed': 10.3, 'area': '非洲', 'score': 50}
2021-01-25 23:53:36 connectionpool.py [line:231] DEBUG: Starting new HTTP connection (1): www.66ip.cn:80
2021-01-25 23:53:36 connectionpool.py [line:461] DEBUG: http://www.66ip.cn:80 "GET /2.html HTTP/1.1" 200 9244
2021-01-25 23:53:36 connectionpool.py [line:231] DEBUG: Starting new HTTP connection (1): 78.81.245.153:8080
2021-01-25 23:53:37 httpbin_check.py [line:53] DEBUG: {'ip': '84.22.46.25', 'port': '8080', 'protocol': -1, 'nick_type': -1, 'speed': -1, 'area': 'Serbia', 'score': 50}
2021-01-25 23:53:37 connectionpool.py [line:231] DEBUG: Starting new HTTP connection (1): 103.19.109.186:8088
2021-01-25 23:53:44 httpbin_check.py [line:53] DEBUG: {'ip': '183.89.156.176', 'port': '8080', 'protocol': -1, 'nick_type': -1, 'speed': -1, 'area': 'SSL高匿_泰国', 'score': 50}
2021-01-25 23:53:44 connectionpool.py [line:231] DEBUG: Starting new HTTP connection (1): 202.6.238.238:8080
2021-01-25 23:53:47 connectionpool.py [line:975] DEBUG: Starting new HTTPS connection (1): httpbin.org:443
2021-01-25 23:53:52 connectionpool.py [line:975] DEBUG: Starting new HTTPS connection (1): httpbin.org:443
2021-01-25 23:53:54 connectionpool.py [line:975] DEBUG: Starting new HTTPS connection (1): httpbin.org:443
2021-01-25 23:53:57 httpbin_check.py [line:53] DEBUG: {'ip': '103.19.109.186', 'port': '8088', 'protocol': -1, 'nick_type': -1, 'speed': -1, 'area': 'Indonesia', 'score': 50}
2021-01-25 23:53:57 connectionpool.py [line:231] DEBUG: Starting new HTTP connection (1): 61.90.41.97:8888
2021-01-25 23:54:04 httpbin_check.py [line:53] DEBUG: {'ip': '202.6.238.238', 'port': '8080', 'protocol': -1, 'nick_type': -1, 'speed': -1, 'area': '印度尼西亚', 'score': 50}
2021-01-25 23:54:04 connectionpool.py [line:231] DEBUG: Starting new HTTP connection (1): 185.132.251.1:8080
2021-01-25 23:54:07 connectionpool.py [line:975] DEBUG: Starting new HTTPS connection (1): httpbin.org:443
2021-01-25 23:54:10 httpbin_check.py [line:53] DEBUG: {'ip': '78.81.245.153', 'port': '8080', 'protocol': -1, 'nick_type': -1, 'speed': -1, 'area': '俄罗斯', 'score': 50}
2021-01-25 23:54:10 connectionpool.py [line:231] DEBUG: Starting new HTTP connection (1): 195.154.173.28:80
2021-01-25 23:54:14 connectionpool.py [line:975] DEBUG: Starting new HTTPS connection (1): httpbin.org:443
2021-01-25 23:54:17 httpbin_check.py [line:53] DEBUG: {'ip': '61.90.41.97', 'port': '8888', 'protocol': -1, 'nick_type': -1, 'speed': -1, 'area': 'Thailand', 'score': 50}
2021-01-25 23:54:17 connectionpool.py [line:231] DEBUG: Starting new HTTP connection (1): 176.123.129.14:8080
2021-01-25 23:54:20 connectionpool.py [line:975] DEBUG: Starting new HTTPS connection (1): httpbin.org:443
2021-01-25 23:54:24 httpbin_check.py [line:53] DEBUG: {'ip': '185.132.251.1', 'port': '8080', 'protocol': -1, 'nick_type': -1, 'speed': -1, 'area': '高匿_巴勒斯坦', 'score': 50}
2021-01-25 23:54:24 connectionpool.py [line:231] DEBUG: Starting new HTTP connection (1): 183.89.65.251:8080
2021-01-25 23:54:26 connectionpool.py [line:975] DEBUG: Starting new HTTPS connection (1): httpbin.org:443
2021-01-25 23:54:31 httpbin_check.py [line:53] DEBUG: {'ip': '176.123.129.14', 'port': '8080', 'protocol': -1, 'nick_type': -1, 'speed': -1, 'area': 'Russian Federation', 'score': 50}
2021-01-25 23:54:31 connectionpool.py [line:231] DEBUG: Starting new HTTP connection (1): 46.39.192.48:8080
2021-01-25 23:54:32 httpbin_check.py [line:53] DEBUG: {'ip': '195.154.173.28', 'port': '80', 'protocol': -1, 'nick_type': -1, 'speed': -1, 'area': '法国', 'score': 50}
2021-01-25 23:54:32 connectionpool.py [line:231] DEBUG: Starting new HTTP connection (1): 115.221.241.140:9999
2021-01-25 23:54:35 connectionpool.py [line:975] DEBUG: Starting new HTTPS connection (1): httpbin.org:443
2021-01-25 23:54:41 connectionpool.py [line:975] DEBUG: Starting new HTTPS connection (1): httpbin.org:443
2021-01-25 23:54:42 connectionpool.py [line:975] DEBUG: Starting new HTTPS connection (1): httpbin.org:443
2021-01-25 23:54:45 httpbin_check.py [line:53] DEBUG: {'ip': '183.89.65.251', 'port': '8080', 'protocol': -1, 'nick_type': -1, 'speed': -1, 'area': 'SSL高匿_泰国', 'score': 50}
2021-01-25 23:54:45 connectionpool.py [line:231] DEBUG: Starting new HTTP connection (1): 190.207.39.168:8080
2021-01-25 23:54:51 httpbin_check.py [line:53] DEBUG: {'ip': '46.39.192.48', 'port': '8080', 'protocol': -1, 'nick_type': -1, 'speed': -1, 'area': 'Spain', 'score': 50}
2021-01-25 23:54:51 connectionpool.py [line:231] DEBUG: Starting new HTTP connection (1): 103.247.101.102:8080
2021-01-25 23:54:52 httpbin_check.py [line:53] DEBUG: {'ip': '115.221.241.140', 'port': '9999', 'protocol': -1, 'nick_type': -1, 'speed': -1, 'area': '浙江省温州市', 'score': 50}
2021-01-25 23:54:52 connectionpool.py [line:231] DEBUG: Starting new HTTP connection (1): 183.166.132.106:9999
2021-01-25 23:54:55 connectionpool.py [line:461] DEBUG: http://190.207.39.168:8080 "GET http://httpbin.org/get HTTP/1.1" 200 416
2021-01-25 23:54:55 connectionpool.py [line:975] DEBUG: Starting new HTTPS connection (1): httpbin.org:443
2021-01-25 23:54:59 httpbin_check.py [line:53] DEBUG: {'ip': '190.207.39.168', 'port': '8080', 'protocol': 0, 'nick_type': 0, 'speed': 9.93, 'area': 'SSL高匿_委内瑞拉', 'score': 50}
2021-01-25 23:55:00 mysql_pool.py [line:37] INFO: 插入新的代理:{'ip': '190.207.39.168', 'port': '8080', 'protocol': 0, 'nick_type': 0, 'speed': 9.93, 'area': 'SSL高匿_委内瑞拉', 'score': 50}
2021-01-25 23:55:00 connectionpool.py [line:231] DEBUG: Starting new HTTP connection (1): 3.12.104.236:80
2021-01-25 23:55:01 connectionpool.py [line:975] DEBUG: Starting new HTTPS connection (1): httpbin.org:443
2021-01-25 23:55:02 connectionpool.py [line:975] DEBUG: Starting new HTTPS connection (1): httpbin.org:443
2021-01-25 23:55:10 connectionpool.py [line:975] DEBUG: Starting new HTTPS connection (1): httpbin.org:443
2021-01-25 23:55:11 httpbin_check.py [line:53] DEBUG: {'ip': '103.247.101.102', 'port': '8080', 'protocol': -1, 'nick_type': -1, 'speed': -1, 'area': 'Indonesia', 'score': 50}
2021-01-25 23:55:11 connectionpool.py [line:231] DEBUG: Starting new HTTP connection (1): 103.4.66.45:8080
2021-01-25 23:55:12 httpbin_check.py [line:53] DEBUG: {'ip': '183.166.132.106', 'port': '9999', 'protocol': -1, 'nick_type': -1, 'speed': -1, 'area': '安徽省黄山市', 'score': 50}
2021-01-25 23:55:12 connectionpool.py [line:231] DEBUG: Starting new HTTP connection (1): 201.20.39.235:8080
2021-01-25 23:55:16 connectionpool.py [line:975] DEBUG: Starting new HTTPS connection (1): httpbin.org:443
2021-01-25 23:55:24 httpbin_check.py [line:53] DEBUG: {'ip': '3.12.104.236', 'port': '80', 'protocol': -1, 'nick_type': -1, 'speed': -1, 'area': '美国', 'score': 50}
2021-01-25 23:55:24 connectionpool.py [line:231] DEBUG: Starting new HTTP connection (1): 201.242.66.3:8080
2021-01-25 23:55:24 connectionpool.py [line:975] DEBUG: Starting new HTTPS connection (1): httpbin.org:443
2021-01-25 23:55:26 httpbin_check.py [line:53] DEBUG: {'ip': '103.4.66.45', 'port': '8080', 'protocol': -1, 'nick_type': -1, 'speed': -1, 'area': 'Bangladesh', 'score': 50}
2021-01-25 23:55:26 connectionpool.py [line:231] DEBUG: Starting new HTTP connection (1): 202.56.160.110:8080
2021-01-25 23:55:34 connectionpool.py [line:975] DEBUG: Starting new HTTPS connection (1): httpbin.org:443
2021-01-25 23:55:34 httpbin_check.py [line:53] DEBUG: {'ip': '201.20.39.235', 'port': '8080', 'protocol': -1, 'nick_type': -1, 'speed': -1, 'area': '巴西', 'score': 50}
2021-01-25 23:55:34 connectionpool.py [line:231] DEBUG: Starting new HTTP connection (1): 175.43.35.49:9999
2021-01-25 23:55:36 connectionpool.py [line:975] DEBUG: Starting new HTTPS connection (1): httpbin.org:443
2021-01-25 23:55:44 httpbin_check.py [line:53] DEBUG: {'ip': '201.242.66.3', 'port': '8080', 'protocol': -1, 'nick_type': -1, 'speed': -1, 'area': 'SSL高匿_委内瑞拉', 'score': 50}
2021-01-25 23:55:44 connectionpool.py [line:231] DEBUG: Starting new HTTP connection (1): 197.50.137.227:8080
2021-01-25 23:55:44 connectionpool.py [line:975] DEBUG: Starting new HTTPS connection (1): httpbin.org:443
2021-01-25 23:55:46 httpbin_check.py [line:53] DEBUG: {'ip': '202.56.160.110', 'port': '8080', 'protocol': -1, 'nick_type': -1, 'speed': -1, 'area': 'Indonesia', 'score': 50}
2021-01-25 23:55:46 connectionpool.py [line:231] DEBUG: Starting new HTTP connection (1): 78.189.178.224:80
2021-01-25 23:55:54 httpbin_check.py [line:53] DEBUG: {'ip': '175.43.35.49', 'port': '9999', 'protocol': -1, 'nick_type': -1, 'speed': -1, 'area': '福建省泉州市', 'score': 50}
2021-01-25 23:55:54 connectionpool.py [line:231] DEBUG: Starting new HTTP connection (1): 112.111.217.84:9999
2021-01-25 23:55:55 connectionpool.py [line:975] DEBUG: Starting new HTTPS connection (1): httpbin.org:443
2021-01-25 23:55:56 connectionpool.py [line:975] DEBUG: Starting new HTTPS connection (1): httpbin.org:443
2021-01-25 23:56:04 connectionpool.py [line:975] DEBUG: Starting new HTTPS connection (1): httpbin.org:443
2021-01-25 23:56:06 httpbin_check.py [line:53] DEBUG: {'ip': '197.50.137.227', 'port': '8080', 'protocol': -1, 'nick_type': -1, 'speed': -1, 'area': '高匿_埃及Te Data', 'score': 50}
2021-01-25 23:56:06 connectionpool.py [line:231] DEBUG: Starting new HTTP connection (1): 167.99.146.95:8888
2021-01-25 23:56:06 httpbin_check.py [line:53] DEBUG: {'ip': '78.189.178.224', 'port': '80', 'protocol': -1, 'nick_type': -1, 'speed': -1, 'area': 'Turkey', 'score': 50}
2021-01-25 23:56:06 connectionpool.py [line:231] DEBUG: Starting new HTTP connection (1): 186.19.175.6:3128
2021-01-25 23:56:07 connectionpool.py [line:975] DEBUG: Starting new HTTPS connection (1): httpbin.org:443
2021-01-25 23:56:09 httpbin_check.py [line:53] DEBUG: {'ip': '167.99.146.95', 'port': '8888', 'protocol': -1, 'nick_type': -1, 'speed': -1, 'area': '美国', 'score': 50}
2021-01-25 23:56:09 connectionpool.py [line:231] DEBUG: Starting new HTTP connection (1): 190.39.240.2:8080
2021-01-25 23:56:14 httpbin_check.py [line:53] DEBUG: {'ip': '112.111.217.84', 'port': '9999', 'protocol': -1, 'nick_type': -1, 'speed': -1, 'area': '福建省宁德市', 'score': 50}
2021-01-25 23:56:14 connectionpool.py [line:231] DEBUG: Starting new HTTP connection (1): 183.166.96.146:9999
2021-01-25 23:56:16 connectionpool.py [line:975] DEBUG: Starting new HTTPS connection (1): httpbin.org:443
2021-01-25 23:56:19 connectionpool.py [line:975] DEBUG: Starting new HTTPS connection (1): httpbin.org:443
2021-01-25 23:56:24 connectionpool.py [line:975] DEBUG: Starting new HTTPS connection (1): httpbin.org:443
2021-01-25 23:56:26 httpbin_check.py [line:53] DEBUG: {'ip': '186.19.175.6', 'port': '3128', 'protocol': -1, 'nick_type': -1, 'speed': -1, 'area': 'Argentina', 'score': 50}
2021-01-25 23:56:26 connectionpool.py [line:231] DEBUG: Starting new HTTP connection (1): 103.246.1.101:8080
2021-01-25 23:56:29 httpbin_check.py [line:53] DEBUG: {'ip': '190.39.240.2', 'port': '8080', 'protocol': -1, 'nick_type': -1, 'speed': -1, 'area': 'SSL高匿_委内瑞拉', 'score': 50}
2021-01-25 23:56:29 connectionpool.py [line:231] DEBUG: Starting new HTTP connection (1): 168.119.49.225:11201
2021-01-25 23:56:34 httpbin_check.py [line:53] DEBUG: {'ip': '183.166.96.146', 'port': '9999', 'protocol': -1, 'nick_type': -1, 'speed': -1, 'area': '安徽省淮南市', 'score': 50}
2021-01-25 23:56:34 connectionpool.py [line:231] DEBUG: Starting new HTTP connection (1): 60.167.82.190:1133
2021-01-25 23:56:35 connectionpool.py [line:461] DEBUG: http://168.119.49.225:11201 "GET http://httpbin.org/get HTTP/1.1" 200 648
2021-01-25 23:56:35 connectionpool.py [line:975] DEBUG: Starting new HTTPS connection (1): httpbin.org:443
2021-01-25 23:56:36 connectionpool.py [line:975] DEBUG: Starting new HTTPS connection (1): httpbin.org:443
2021-01-25 23:56:43 httpbin_check.py [line:53] DEBUG: {'ip': '168.119.49.225', 'port': '11201', 'protocol': -1, 'nick_type': -1, 'speed': -1, 'area': '高匿_美国', 'score': 50}
2021-01-25 23:56:43 connectionpool.py [line:231] DEBUG: Starting new HTTP connection (1): 123.255.201.166:6060
2021-01-25 23:56:44 connectionpool.py [line:975] DEBUG: Starting new HTTPS connection (1): httpbin.org:443
2021-01-25 23:56:46 httpbin_check.py [line:53] DEBUG: {'ip': '103.246.1.101', 'port': '8080', 'protocol': -1, 'nick_type': -1, 'speed': -1, 'area': 'Indonesia', 'score': 50}
2021-01-25 23:56:46 connectionpool.py [line:231] DEBUG: Starting new HTTP connection (1): 119.18.153.18:8080
2021-01-25 23:56:53 connectionpool.py [line:975] DEBUG: Starting new HTTPS connection (1): httpbin.org:443
2021-01-25 23:56:53 connectionpool.py [line:975] DEBUG: Starting new HTTPS connection (1): httpbin.org:443
2021-01-25 23:56:54 httpbin_check.py [line:53] DEBUG: {'ip': '60.167.82.190', 'port': '1133', 'protocol': -1, 'nick_type': -1, 'speed': -1, 'area': '安徽省芜湖市鸠江区', 'score': 50}
2021-01-25 23:56:54 connectionpool.py [line:231] DEBUG: Starting new HTTP connection (1): 194.61.139.135:8080
2021-01-25 23:56:56 httpbin_check.py [line:53] DEBUG: {'ip': '119.18.153.18', 'port': '8080', 'protocol': -1, 'nick_type': -1, 'speed': -1, 'area': 'Indonesia', 'score': 50}
2021-01-25 23:56:56 connectionpool.py [line:231] DEBUG: Starting new HTTP connection (1): 125.209.73.57:8080
2021-01-25 23:57:02 connectionpool.py [line:975] DEBUG: Starting new HTTPS connection (1): httpbin.org:443
2021-01-25 23:57:03 httpbin_check.py [line:53] DEBUG: {'ip': '123.255.201.166', 'port': '6060', 'protocol': -1, 'nick_type': -1, 'speed': -1, 'area': '高匿_印度尼西亚', 'score': 50}
2021-01-25 23:57:03 connectionpool.py [line:231] DEBUG: Starting new HTTP connection (1): 14.97.2.106:80
2021-01-25 23:57:04 connectionpool.py [line:975] DEBUG: Starting new HTTPS connection (1): httpbin.org:443
2021-01-25 23:57:06 connectionpool.py [line:461] DEBUG: http://14.97.2.106:80 "GET http://httpbin.org/get HTTP/1.1" 200 376
2021-01-25 23:57:06 connectionpool.py [line:975] DEBUG: Starting new HTTPS connection (1): httpbin.org:443
2021-01-25 23:57:07 httpbin_check.py [line:53] DEBUG: {'ip': '14.97.2.106', 'port': '80', 'protocol': 0, 'nick_type': 0, 'speed': 2.22, 'area': '高匿_印度', 'score': 50}
2021-01-25 23:57:08 mysql_pool.py [line:37] INFO: 插入新的代理:{'ip': '14.97.2.106', 'port': '80', 'protocol': 0, 'nick_type': 0, 'speed': 2.22, 'area': '高匿_印度', 'score': 50}
2021-01-25 23:57:08 connectionpool.py [line:231] DEBUG: Starting new HTTP connection (1): 116.68.254.1:8089
2021-01-25 23:57:12 httpbin_check.py [line:53] DEBUG: {'ip': '125.209.73.57', 'port': '8080', 'protocol': -1, 'nick_type': -1, 'speed': -1, 'area': 'Pakistan', 'score': 50}
2021-01-25 23:57:12 connectionpool.py [line:231] DEBUG: Starting new HTTP connection (1): 186.101.113.234:8080
2021-01-25 23:57:14 httpbin_check.py [line:53] DEBUG: {'ip': '194.61.139.135', 'port': '8080', 'protocol': -1, 'nick_type': -1, 'speed': -1, 'area': '英国', 'score': 50}
2021-01-25 23:57:14 connectionpool.py [line:231] DEBUG: Starting new HTTP connection (1): 115.221.247.138:9999
2021-01-25 23:57:18 connectionpool.py [line:975] DEBUG: Starting new HTTPS connection (1): httpbin.org:443
2021-01-25 23:57:22 connectionpool.py [line:975] DEBUG: Starting new HTTPS connection (1): httpbin.org:443
2021-01-25 23:57:24 connectionpool.py [line:975] DEBUG: Starting new HTTPS connection (1): httpbin.org:443
2021-01-25 23:57:28 httpbin_check.py [line:53] DEBUG: {'ip': '116.68.254.1', 'port': '8089', 'protocol': -1, 'nick_type': -1, 'speed': -1, 'area': '高匿_印度尼西亚', 'score': 50}
2021-01-25 23:57:28 connectionpool.py [line:231] DEBUG: Starting new HTTP connection (1): www.ip3366.net:80
2021-01-25 23:57:29 connectionpool.py [line:461] DEBUG: http://www.ip3366.net:80 "GET /free/?stype=1&page=2 HTTP/1.1" 200 5346
2021-01-25 23:57:29 connectionpool.py [line:231] DEBUG: Starting new HTTP connection (1): 39.76.203.86:9999
2021-01-25 23:57:32 httpbin_check.py [line:53] DEBUG: {'ip': '186.101.113.234', 'port': '8080', 'protocol': -1, 'nick_type': -1, 'speed': -1, 'area': 'Ecuador', 'score': 50}
2021-01-25 23:57:32 connectionpool.py [line:231] DEBUG: Starting new HTTP connection (1): 36.66.242.10:8080
2021-01-25 23:57:34 httpbin_check.py [line:53] DEBUG: {'ip': '115.221.247.138', 'port': '9999', 'protocol': -1, 'nick_type': -1, 'speed': -1, 'area': '浙江省温州市', 'score': 50}
2021-01-25 23:57:34 connectionpool.py [line:231] DEBUG: Starting new HTTP connection (1): 115.221.243.94:9999
2021-01-25 23:57:39 connectionpool.py [line:975] DEBUG: Starting new HTTPS connection (1): httpbin.org:443
2021-01-25 23:57:42 connectionpool.py [line:975] DEBUG: Starting new HTTPS connection (1): httpbin.org:443
2021-01-25 23:57:44 connectionpool.py [line:975] DEBUG: Starting new HTTPS connection (1): httpbin.org:443
2021-01-25 23:57:49 httpbin_check.py [line:53] DEBUG: {'ip': '39.76.203.86', 'port': '9999', 'protocol': -1, 'nick_type': -1, 'speed': -1, 'area': '山东省临沂市', 'score': 50}
2021-01-25 23:57:49 connectionpool.py [line:231] DEBUG: Starting new HTTP connection (1): 61.145.49.54:9999
2021-01-25 23:57:52 httpbin_check.py [line:53] DEBUG: {'ip': '36.66.242.10', 'port': '8080', 'protocol': -1, 'nick_type': -1, 'speed': -1, 'area': 'Indonesia', 'score': 50}
2021-01-25 23:57:52 connectionpool.py [line:231] DEBUG: Starting new HTTP connection (1): 180.250.100.66:3128
2021-01-25 23:57:54 httpbin_check.py [line:53] DEBUG: {'ip': '115.221.243.94', 'port': '9999', 'protocol': -1, 'nick_type': -1, 'speed': -1, 'area': '浙江省温州市', 'score': 50}
2021-01-25 23:57:54 connectionpool.py [line:231] DEBUG: Starting new HTTP connection (1): www.66ip.cn:80
2021-01-25 23:57:59 connectionpool.py [line:461] DEBUG: http://www.66ip.cn:80 "GET /3.html HTTP/1.1" 200 9214
2021-01-25 23:57:59 connectionpool.py [line:975] DEBUG: Starting new HTTPS connection (1): httpbin.org:443
2021-01-25 23:57:59 connectionpool.py [line:231] DEBUG: Starting new HTTP connection (1): 116.68.249.228:8089
2021-01-25 23:58:02 connectionpool.py [line:975] DEBUG: Starting new HTTPS connection (1): httpbin.org:443
2021-01-25 23:58:09 httpbin_check.py [line:53] DEBUG: {'ip': '61.145.49.54', 'port': '9999', 'protocol': -1, 'nick_type': -1, 'speed': -1, 'area': '广东省江门市恩平市', 'score': 50}
2021-01-25 23:58:09 connectionpool.py [line:231] DEBUG: Starting new HTTP connection (1): 61.145.49.192:9999
2021-01-25 23:58:09 connectionpool.py [line:975] DEBUG: Starting new HTTPS connection (1): httpbin.org:443
2021-01-25 23:58:12 httpbin_check.py [line:53] DEBUG: {'ip': '180.250.100.66', 'port': '3128', 'protocol': -1, 'nick_type': -1, 'speed': -1, 'area': 'Indonesia', 'score': 50}
2021-01-25 23:58:12 connectionpool.py [line:231] DEBUG: Starting new HTTP connection (1): 94.154.222.95:8080
2021-01-25 23:58:19 connectionpool.py [line:975] DEBUG: Starting new HTTPS connection (1): httpbin.org:443
2021-01-25 23:58:19 httpbin_check.py [line:53] DEBUG: {'ip': '116.68.249.228', 'port': '8089', 'protocol': -1, 'nick_type': -1, 'speed': -1, 'area': '印度尼西亚', 'score': 50}
2021-01-25 23:58:19 connectionpool.py [line:231] DEBUG: Starting new HTTP connection (1): 88.255.102.106:8080
2021-01-25 23:58:22 connectionpool.py [line:975] DEBUG: Starting new HTTPS connection (1): httpbin.org:443
2021-01-25 23:58:29 httpbin_check.py [line:53] DEBUG: {'ip': '61.145.49.192', 'port': '9999', 'protocol': -1, 'nick_type': -1, 'speed': -1, 'area': '广东省江门市恩平市', 'score': 50}
2021-01-25 23:58:29 connectionpool.py [line:231] DEBUG: Starting new HTTP connection (1): 61.145.49.198:9999
2021-01-25 23:58:29 connectionpool.py [line:975] DEBUG: Starting new HTTPS connection (1): httpbin.org:443
2021-01-25 23:58:32 httpbin_check.py [line:53] DEBUG: {'ip': '94.154.222.95', 'port': '8080', 'protocol': -1, 'nick_type': -1, 'speed': -1, 'area': 'Ukraine', 'score': 50}
2021-01-25 23:58:32 connectionpool.py [line:231] DEBUG: Starting new HTTP connection (1): 80.188.135.10:8080
2021-01-25 23:58:39 connectionpool.py [line:975] DEBUG: Starting new HTTPS connection (1): httpbin.org:443
2021-01-25 23:58:39 httpbin_check.py [line:53] DEBUG: {'ip': '88.255.102.106', 'port': '8080', 'protocol': -1, 'nick_type': -1, 'speed': -1, 'area': '土耳其', 'score': 50}
2021-01-25 23:58:39 connectionpool.py [line:231] DEBUG: Starting new HTTP connection (1): 45.177.109.36:999
2021-01-25 23:58:42 connectionpool.py [line:975] DEBUG: Starting new HTTPS connection (1): httpbin.org:443
2021-01-25 23:58:49 httpbin_check.py [line:53] DEBUG: {'ip': '61.145.49.198', 'port': '9999', 'protocol': -1, 'nick_type': -1, 'speed': -1, 'area': '广东省江门市恩平市', 'score': 50}
2021-01-25 23:58:49 connectionpool.py [line:231] DEBUG: Starting new HTTP connection (1): 49.70.17.118:9999
2021-01-25 23:58:50 connectionpool.py [line:975] DEBUG: Starting new HTTPS connection (1): httpbin.org:443
2021-01-25 23:58:52 httpbin_check.py [line:53] DEBUG: {'ip': '80.188.135.10', 'port': '8080', 'protocol': -1, 'nick_type': -1, 'speed': -1, 'area': 'Czech Republic', 'score': 50}
2021-01-25 23:58:52 connectionpool.py [line:231] DEBUG: Starting new HTTP connection (1): 83.241.46.175:8080
2021-01-25 23:58:59 connectionpool.py [line:975] DEBUG: Starting new HTTPS connection (1): httpbin.org:443
2021-01-25 23:59:00 httpbin_check.py [line:53] DEBUG: {'ip': '45.177.109.36', 'port': '999', 'protocol': -1, 'nick_type': -1, 'speed': -1, 'area': '美国', 'score': 50}
2021-01-25 23:59:00 connectionpool.py [line:231] DEBUG: Starting new HTTP connection (1): 103.76.175.84:8080
2021-01-25 23:59:01 httpbin_check.py [line:53] DEBUG: {'ip': '49.70.17.118', 'port': '9999', 'protocol': -1, 'nick_type': -1, 'speed': -1, 'area': '高匿_江苏省宿迁市电信', 'score': 50}
2021-01-25 23:59:01 connectionpool.py [line:231] DEBUG: Starting new HTTP connection (1): 58.19.15.116:9999
2021-01-25 23:59:02 connectionpool.py [line:975] DEBUG: Starting new HTTPS connection (1): httpbin.org:443
2021-01-25 23:59:03 connectionpool.py [line:975] DEBUG: Starting new HTTPS connection (1): httpbin.org:443
2021-01-25 23:59:06 httpbin_check.py [line:53] DEBUG: {'ip': '58.19.15.116', 'port': '9999', 'protocol': -1, 'nick_type': -1, 'speed': -1, 'area': '湖北省武汉市', 'score': 50}
2021-01-25 23:59:06 connectionpool.py [line:231] DEBUG: Starting new HTTP connection (1): 36.56.102.245:9999
2021-01-25 23:59:10 connectionpool.py [line:975] DEBUG: Starting new HTTPS connection (1): httpbin.org:443
2021-01-25 23:59:12 httpbin_check.py [line:53] DEBUG: {'ip': '83.241.46.175', 'port': '8080', 'protocol': -1, 'nick_type': -1, 'speed': -1, 'area': 'Latvia', 'score': 50}
2021-01-25 23:59:12 connectionpool.py [line:231] DEBUG: Starting new HTTP connection (1): 104.236.156.162:80
2021-01-25 23:59:16 connectionpool.py [line:975] DEBUG: Starting new HTTPS connection (1): httpbin.org:443
2021-01-25 23:59:20 httpbin_check.py [line:53] DEBUG: {'ip': '103.76.175.84', 'port': '8080', 'protocol': -1, 'nick_type': -1, 'speed': -1, 'area': '亚太地区', 'score': 50}
2021-01-25 23:59:20 connectionpool.py [line:231] DEBUG: Starting new HTTP connection (1): 129.146.249.135:80
2021-01-25 23:59:22 connectionpool.py [line:975] DEBUG: Starting new HTTPS connection (1): httpbin.org:443
2021-01-25 23:59:26 httpbin_check.py [line:53] DEBUG: {'ip': '36.56.102.245', 'port': '9999', 'protocol': -1, 'nick_type': -1, 'speed': -1, 'area': '安徽省宣城市', 'score': 50}
2021-01-25 23:59:26 connectionpool.py [line:231] DEBUG: Starting new HTTP connection (1): 27.43.189.255:9999
2021-01-25 23:59:28 connectionpool.py [line:975] DEBUG: Starting new HTTPS connection (1): httpbin.org:443
2021-01-25 23:59:32 httpbin_check.py [line:53] DEBUG: {'ip': '27.43.189.255', 'port': '9999', 'protocol': -1, 'nick_type': -1, 'speed': -1, 'area': '广东省梅州市', 'score': 50}
2021-01-25 23:59:32 connectionpool.py [line:231] DEBUG: Starting new HTTP connection (1): 49.70.89.68:9999
2021-01-25 23:59:32 httpbin_check.py [line:53] DEBUG: {'ip': '104.236.156.162', 'port': '80', 'protocol': -1, 'nick_type': -1, 'speed': -1, 'area': 'United States', 'score': 50}
2021-01-25 23:59:32 connectionpool.py [line:231] DEBUG: Starting new HTTP connection (1): 190.77.134.96:8080
2021-01-25 23:59:33 connectionpool.py [line:975] DEBUG: Starting new HTTPS connection (1): httpbin.org:443
2021-01-25 23:59:35 connectionpool.py [line:975] DEBUG: Starting new HTTPS connection (1): httpbin.org:443
2021-01-25 23:59:39 httpbin_check.py [line:53] DEBUG: {'ip': '49.70.89.68', 'port': '9999', 'protocol': -1, 'nick_type': -1, 'speed': -1, 'area': '江苏省宿迁市', 'score': 50}
2021-01-25 23:59:39 connectionpool.py [line:231] DEBUG: Starting new HTTP connection (1): 49.70.95.188:9999
2021-01-25 23:59:42 connectionpool.py [line:975] DEBUG: Starting new HTTPS connection (1): httpbin.org:443
2021-01-25 23:59:43 httpbin_check.py [line:53] DEBUG: {'ip': '129.146.249.135', 'port': '80', 'protocol': -1, 'nick_type': -1, 'speed': -1, 'area': '美国', 'score': 50}
2021-01-25 23:59:43 connectionpool.py [line:231] DEBUG: Starting new HTTP connection (1): 176.115.197.118:8080
2021-01-25 23:59:49 connectionpool.py [line:975] DEBUG: Starting new HTTPS connection (1): httpbin.org:443
2021-01-25 23:59:52 httpbin_check.py [line:53] DEBUG: {'ip': '190.77.134.96', 'port': '8080', 'protocol': -1, 'nick_type': -1, 'speed': -1, 'area': 'Venezuela', 'score': 50}
2021-01-25 23:59:52 connectionpool.py [line:231] DEBUG: Starting new HTTP connection (1): 188.214.23.78:80
2021-01-25 23:59:53 connectionpool.py [line:975] DEBUG: Starting new HTTPS connection (1): httpbin.org:443
2021-01-25 23:59:58 httpbin_check.py [line:53] DEBUG: {'ip': '49.70.95.188', 'port': '9999', 'protocol': -1, 'nick_type': -1, 'speed': -1, 'area': '高匿_江苏省宿迁市电信', 'score': 50}
2021-01-25 23:59:58 connectionpool.py [line:231] DEBUG: Starting new HTTP connection (1): 61.145.49.236:9999
2021-01-26 00:00:02 connectionpool.py [line:975] DEBUG: Starting new HTTPS connection (1): httpbin.org:443
2021-01-26 00:00:03 httpbin_check.py [line:53] DEBUG: {'ip': '176.115.197.118', 'port': '8080', 'protocol': -1, 'nick_type': -1, 'speed': -1, 'area': '俄罗斯', 'score': 50}
2021-01-26 00:00:03 connectionpool.py [line:231] DEBUG: Starting new HTTP connection (1): 221.122.91.59:80
2021-01-26 00:00:03 connectionpool.py [line:461] DEBUG: http://221.122.91.59:80 "GET http://httpbin.org/get HTTP/1.1" 307 0
2021-01-26 00:00:03 connectionpool.py [line:975] DEBUG: Starting new HTTPS connection (1): gateway.zscalertwo.net:443
2021-01-26 00:00:03 connectionpool.py [line:975] DEBUG: Starting new HTTPS connection (1): httpbin.org:443
2021-01-26 00:00:03 httpbin_check.py [line:53] DEBUG: {'ip': '221.122.91.59', 'port': '80', 'protocol': -1, 'nick_type': -1, 'speed': -1, 'area': '北京市', 'score': 50}
2021-01-26 00:00:03 connectionpool.py [line:231] DEBUG: Starting new HTTP connection (1): 41.229.253.214:8080
2021-01-26 00:00:04 connectionpool.py [line:461] DEBUG: http://41.229.253.214:8080 "GET http://httpbin.org/get HTTP/1.1" 403 520
2021-01-26 00:00:08 connectionpool.py [line:975] DEBUG: Starting new HTTPS connection (1): httpbin.org:443
2021-01-26 00:00:12 httpbin_check.py [line:53] DEBUG: {'ip': '188.214.23.78', 'port': '80', 'protocol': -1, 'nick_type': -1, 'speed': -1, 'area': 'Romania', 'score': 50}
2021-01-26 00:00:12 connectionpool.py [line:231] DEBUG: Starting new HTTP connection (1): 89.122.149.97:3128
2021-01-26 00:00:14 connectionpool.py [line:975] DEBUG: Starting new HTTPS connection (1): httpbin.org:443
2021-01-26 00:00:18 httpbin_check.py [line:53] DEBUG: {'ip': '61.145.49.236', 'port': '9999', 'protocol': -1, 'nick_type': -1, 'speed': -1, 'area': '广东省江门市恩平市', 'score': 50}
2021-01-26 00:00:18 connectionpool.py [line:231] DEBUG: Starting new HTTP connection (1): 42.238.70.75:9999
2021-01-26 00:00:22 connectionpool.py [line:975] DEBUG: Starting new HTTPS connection (1): httpbin.org:443
2021-01-26 00:00:24 httpbin_check.py [line:53] DEBUG: {'ip': '41.229.253.214', 'port': '8080', 'protocol': -1, 'nick_type': -1, 'speed': -1, 'area': '突尼斯', 'score': 50}
2021-01-26 00:00:24 connectionpool.py [line:231] DEBUG: Starting new HTTP connection (1): 175.42.122.162:9999
2021-01-26 00:00:28 connectionpool.py [line:975] DEBUG: Starting new HTTPS connection (1): httpbin.org:443
2021-01-26 00:00:32 httpbin_check.py [line:53] DEBUG: {'ip': '89.122.149.97', 'port': '3128', 'protocol': -1, 'nick_type': -1, 'speed': -1, 'area': 'Romania', 'score': 50}
2021-01-26 00:00:32 connectionpool.py [line:231] DEBUG: Starting new HTTP connection (1): 217.117.13.170:8080
2021-01-26 00:00:34 connectionpool.py [line:975] DEBUG: Starting new HTTPS connection (1): httpbin.org:443
2021-01-26 00:00:38 httpbin_check.py [line:53] DEBUG: {'ip': '42.238.70.75', 'port': '9999', 'protocol': -1, 'nick_type': -1, 'speed': -1, 'area': '河南省濮阳市', 'score': 50}
2021-01-26 00:00:38 connectionpool.py [line:231] DEBUG: Starting new HTTP connection (1): 42.238.86.128:9999
2021-01-26 00:00:42 connectionpool.py [line:975] DEBUG: Starting new HTTPS connection (1): httpbin.org:443
2021-01-26 00:00:44 httpbin_check.py [line:53] DEBUG: {'ip': '175.42.122.162', 'port': '9999', 'protocol': -1, 'nick_type': -1, 'speed': -1, 'area': '福建省宁德市', 'score': 50}
2021-01-26 00:00:44 connectionpool.py [line:231] DEBUG: Starting new HTTP connection (1): 36.248.129.249:9999
2021-01-26 00:00:48 connectionpool.py [line:975] DEBUG: Starting new HTTPS connection (1): httpbin.org:443
2021-01-26 00:00:52 httpbin_check.py [line:53] DEBUG: {'ip': '217.117.13.170', 'port': '8080', 'protocol': -1, 'nick_type': -1, 'speed': -1, 'area': 'Nigeria', 'score': 50}
2021-01-26 00:00:52 connectionpool.py [line:231] DEBUG: Starting new HTTP connection (1): 46.97.0.186:8080
2021-01-26 00:00:54 connectionpool.py [line:975] DEBUG: Starting new HTTPS connection (1): httpbin.org:443
2021-01-26 00:00:58 httpbin_check.py [line:53] DEBUG: {'ip': '42.238.86.128', 'port': '9999', 'protocol': -1, 'nick_type': -1, 'speed': -1, 'area': '河南省濮阳市', 'score': 50}
2021-01-26 00:00:58 connectionpool.py [line:231] DEBUG: Starting new HTTP connection (1): 49.86.24.122:9999
2021-01-26 00:01:02 connectionpool.py [line:975] DEBUG: Starting new HTTPS connection (1): httpbin.org:443
2021-01-26 00:01:04 httpbin_check.py [line:53] DEBUG: {'ip': '36.248.129.249', 'port': '9999', 'protocol': -1, 'nick_type': -1, 'speed': -1, 'area': '福建省宁德市', 'score': 50}
2021-01-26 00:01:04 connectionpool.py [line:231] DEBUG: Starting new HTTP connection (1): 222.223.174.69:63000
2021-01-26 00:01:05 connectionpool.py [line:461] DEBUG: http://222.223.174.69:63000 "GET http://httpbin.org/get HTTP/1.1" 503 None
2021-01-26 00:01:05 connectionpool.py [line:975] DEBUG: Starting new HTTPS connection (1): httpbin.org:443
2021-01-26 00:01:07 httpbin_check.py [line:53] DEBUG: {'ip': '222.223.174.69', 'port': '63000', 'protocol': -1, 'nick_type': -1, 'speed': -1, 'area': '河北省张家口市', 'score': 50}
2021-01-26 00:01:07 connectionpool.py [line:231] DEBUG: Starting new HTTP connection (1): 109.127.82.18:8080
2021-01-26 00:01:08 connectionpool.py [line:975] DEBUG: Starting new HTTPS connection (1): httpbin.org:443
2021-01-26 00:01:12 httpbin_check.py [line:53] DEBUG: {'ip': '46.97.0.186', 'port': '8080', 'protocol': -1, 'nick_type': -1, 'speed': -1, 'area': 'Romania', 'score': 50}
2021-01-26 00:01:12 connectionpool.py [line:231] DEBUG: Starting new HTTP connection (1): 107.163.117.80:808
2021-01-26 00:01:17 connectionpool.py [line:975] DEBUG: Starting new HTTPS connection (1): httpbin.org:443
2021-01-26 00:01:18 httpbin_check.py [line:53] DEBUG: {'ip': '49.86.24.122', 'port': '9999', 'protocol': -1, 'nick_type': -1, 'speed': -1, 'area': '江苏省扬州市', 'score': 50}
2021-01-26 00:01:18 connectionpool.py [line:231] DEBUG: Starting new HTTP connection (1): 60.174.190.238:9999
2021-01-26 00:01:22 connectionpool.py [line:975] DEBUG: Starting new HTTPS connection (1): httpbin.org:443
2021-01-26 00:01:28 connectionpool.py [line:975] DEBUG: Starting new HTTPS connection (1): httpbin.org:443
2021-01-26 00:01:31 httpbin_check.py [line:53] DEBUG: {'ip': '60.174.190.238', 'port': '9999', 'protocol': -1, 'nick_type': -1, 'speed': -1, 'area': '安徽省马鞍山市', 'score': 50}
2021-01-26 00:01:31 connectionpool.py [line:231] DEBUG: Starting new HTTP connection (1): www.ip3366.net:80
2021-01-26 00:01:31 connectionpool.py [line:461] DEBUG: http://www.ip3366.net:80 "GET /free/?stype=3&page=2 HTTP/1.1" 200 5367
2021-01-26 00:01:31 connectionpool.py [line:231] DEBUG: Starting new HTTP connection (1): 116.68.254.1:8089
2021-01-26 00:01:32 httpbin_check.py [line:53] DEBUG: {'ip': '107.163.117.80', 'port': '808', 'protocol': -1, 'nick_type': -1, 'speed': -1, 'area': 'United States', 'score': 50}
2021-01-26 00:01:32 connectionpool.py [line:231] DEBUG: Starting new HTTP connection (1): 104.40.159.62:8118
2021-01-26 00:01:35 httpbin_check.py [line:53] DEBUG: {'ip': '109.127.82.18', 'port': '8080', 'protocol': -1, 'nick_type': -1, 'speed': -1, 'area': '伊拉克', 'score': 50}
2021-01-26 00:01:35 connectionpool.py [line:231] DEBUG: Starting new HTTP connection (1): www.66ip.cn:80
2021-01-26 00:01:35 connectionpool.py [line:461] DEBUG: http://www.66ip.cn:80 "GET /4.html HTTP/1.1" 200 9216
2021-01-26 00:01:36 connectionpool.py [line:231] DEBUG: Starting new HTTP connection (1): 116.68.249.228:8089
2021-01-26 00:01:41 connectionpool.py [line:975] DEBUG: Starting new HTTPS connection (1): httpbin.org:443
2021-01-26 00:01:42 connectionpool.py [line:975] DEBUG: Starting new HTTPS connection (1): httpbin.org:443
2021-01-26 00:01:46 connectionpool.py [line:975] DEBUG: Starting new HTTPS connection (1): httpbin.org:443
2021-01-26 00:01:51 httpbin_check.py [line:53] DEBUG: {'ip': '116.68.254.1', 'port': '8089', 'protocol': -1, 'nick_type': -1, 'speed': -1, 'area': '高匿_印度尼西亚', 'score': 50}
2021-01-26 00:01:51 connectionpool.py [line:231] DEBUG: Starting new HTTP connection (1): 165.22.33.243:80
2021-01-26 00:01:52 httpbin_check.py [line:53] DEBUG: {'ip': '104.40.159.62', 'port': '8118', 'protocol': -1, 'nick_type': -1, 'speed': -1, 'area': 'Netherlands', 'score': 50}
2021-01-26 00:01:52 connectionpool.py [line:231] DEBUG: Starting new HTTP connection (1): 107.163.117.160:808
2021-01-26 00:01:56 httpbin_check.py [line:53] DEBUG: {'ip': '116.68.249.228', 'port': '8089', 'protocol': -1, 'nick_type': -1, 'speed': -1, 'area': '印度尼西亚', 'score': 50}
2021-01-26 00:01:56 connectionpool.py [line:231] DEBUG: Starting new HTTP connection (1): 88.255.102.106:8080
2021-01-26 00:02:01 connectionpool.py [line:975] DEBUG: Starting new HTTPS connection (1): httpbin.org:443
2021-01-26 00:02:02 connectionpool.py [line:975] DEBUG: Starting new HTTPS connection (1): httpbin.org:443
2021-01-26 00:02:06 connectionpool.py [line:975] DEBUG: Starting new HTTPS connection (1): httpbin.org:443
2021-01-26 00:02:07 httpbin_check.py [line:53] DEBUG: {'ip': '88.255.102.106', 'port': '8080', 'protocol': -1, 'nick_type': -1, 'speed': -1, 'area': '土耳其', 'score': 50}
2021-01-26 00:02:07 connectionpool.py [line:231] DEBUG: Starting new HTTP connection (1): 45.177.109.36:999
2021-01-26 00:02:12 httpbin_check.py [line:53] DEBUG: {'ip': '107.163.117.160', 'port': '808', 'protocol': -1, 'nick_type': -1, 'speed': -1, 'area': 'United States', 'score': 50}
2021-01-26 00:02:12 connectionpool.py [line:231] DEBUG: Starting new HTTP connection (1): 107.163.117.58:808
2021-01-26 00:02:13 httpbin_check.py [line:53] DEBUG: {'ip': '165.22.33.243', 'port': '80', 'protocol': -1, 'nick_type': -1, 'speed': -1, 'area': '高匿_美国', 'score': 50}
2021-01-26 00:02:13 connectionpool.py [line:231] DEBUG: Starting new HTTP connection (1): 175.212.226.28:80
2021-01-26 00:02:17 connectionpool.py [line:975] DEBUG: Starting new HTTPS connection (1): httpbin.org:443
2021-01-26 00:02:22 connectionpool.py [line:975] DEBUG: Starting new HTTPS connection (1): httpbin.org:443
2021-01-26 00:02:23 connectionpool.py [line:975] DEBUG: Starting new HTTPS connection (1): httpbin.org:443
2021-01-26 00:02:27 httpbin_check.py [line:53] DEBUG: {'ip': '45.177.109.36', 'port': '999', 'protocol': -1, 'nick_type': -1, 'speed': -1, 'area': '美国', 'score': 50}
2021-01-26 00:02:27 connectionpool.py [line:231] DEBUG: Starting new HTTP connection (1): 103.76.175.84:8080
2021-01-26 00:02:32 httpbin_check.py [line:53] DEBUG: {'ip': '107.163.117.58', 'port': '808', 'protocol': -1, 'nick_type': -1, 'speed': -1, 'area': 'United States', 'score': 50}
2021-01-26 00:02:32 connectionpool.py [line:231] DEBUG: Starting new HTTP connection (1): 107.163.117.239:808
2021-01-26 00:02:33 httpbin_check.py [line:53] DEBUG: {'ip': '175.212.226.28', 'port': '80', 'protocol': -1, 'nick_type': -1, 'speed': -1, 'area': '高匿_韩国', 'score': 50}
2021-01-26 00:02:33 connectionpool.py [line:231] DEBUG: Starting new HTTP connection (1): 109.195.53.203:8080
2021-01-26 00:02:37 connectionpool.py [line:975] DEBUG: Starting new HTTPS connection (1): httpbin.org:443
2021-01-26 00:02:42 connectionpool.py [line:975] DEBUG: Starting new HTTPS connection (1): httpbin.org:443
2021-01-26 00:02:43 connectionpool.py [line:975] DEBUG: Starting new HTTPS connection (1): httpbin.org:443
2021-01-26 00:02:47 httpbin_check.py [line:53] DEBUG: {'ip': '103.76.175.84', 'port': '8080', 'protocol': -1, 'nick_type': -1, 'speed': -1, 'area': '亚太地区', 'score': 50}
2021-01-26 00:02:47 connectionpool.py [line:231] DEBUG: Starting new HTTP connection (1): 129.146.249.135:80
2021-01-26 00:02:52 httpbin_check.py [line:53] DEBUG: {'ip': '107.163.117.239', 'port': '808', 'protocol': -1, 'nick_type': -1, 'speed': -1, 'area': 'United States', 'score': 50}
2021-01-26 00:02:52 connectionpool.py [line:231] DEBUG: Starting new HTTP connection (1): 80.79.127.140:8080
2021-01-26 00:02:53 httpbin_check.py [line:53] DEBUG: {'ip': '109.195.53.203', 'port': '8080', 'protocol': -1, 'nick_type': -1, 'speed': -1, 'area': 'SSL高匿_俄罗斯', 'score': 50}
2021-01-26 00:02:53 connectionpool.py [line:231] DEBUG: Starting new HTTP connection (1): 191.101.39.118:80
2021-01-26 00:02:57 connectionpool.py [line:975] DEBUG: Starting new HTTPS connection (1): httpbin.org:443
2021-01-26 00:03:02 connectionpool.py [line:975] DEBUG: Starting new HTTPS connection (1): httpbin.org:443
2021-01-26 00:03:04 connectionpool.py [line:975] DEBUG: Starting new HTTPS connection (1): httpbin.org:443
2021-01-26 00:03:07 httpbin_check.py [line:53] DEBUG: {'ip': '129.146.249.135', 'port': '80', 'protocol': -1, 'nick_type': -1, 'speed': -1, 'area': '美国', 'score': 50}
2021-01-26 00:03:07 connectionpool.py [line:231] DEBUG: Starting new HTTP connection (1): 176.115.197.118:8080
2021-01-26 00:03:11 httpbin_check.py [line:53] DEBUG: {'ip': '191.101.39.118', 'port': '80', 'protocol': -1, 'nick_type': -1, 'speed': -1, 'area': '柬埔寨', 'score': 50}
2021-01-26 00:03:11 connectionpool.py [line:231] DEBUG: Starting new HTTP connection (1): 188.209.234.20:8080
2021-01-26 00:03:12 httpbin_check.py [line:53] DEBUG: {'ip': '80.79.127.140', 'port': '8080', 'protocol': -1, 'nick_type': -1, 'speed': -1, 'area': 'Estonia', 'score': 50}
2021-01-26 00:03:12 connectionpool.py [line:231] DEBUG: Starting new HTTP connection (1): 107.163.117.178:808
2021-01-26 00:03:21 connectionpool.py [line:975] DEBUG: Starting new HTTPS connection (1): httpbin.org:443
2021-01-26 00:03:22 connectionpool.py [line:975] DEBUG: Starting new HTTPS connection (1): httpbin.org:443
2021-01-26 00:03:24 connectionpool.py [line:975] DEBUG: Starting new HTTPS connection (1): httpbin.org:443
2021-01-26 00:03:31 httpbin_check.py [line:53] DEBUG: {'ip': '188.209.234.20', 'port': '8080', 'protocol': -1, 'nick_type': -1, 'speed': -1, 'area': 'SSL高匿_也门', 'score': 50}
2021-01-26 00:03:31 connectionpool.py [line:231] DEBUG: Starting new HTTP connection (1): 186.92.215.216:8080
2021-01-26 00:03:32 httpbin_check.py [line:53] DEBUG: {'ip': '107.163.117.178', 'port': '808', 'protocol': -1, 'nick_type': -1, 'speed': -1, 'area': 'United States', 'score': 50}
2021-01-26 00:03:32 connectionpool.py [line:231] DEBUG: Starting new HTTP connection (1): 107.163.117.13:808
2021-01-26 00:03:34 httpbin_check.py [line:53] DEBUG: {'ip': '176.115.197.118', 'port': '8080', 'protocol': -1, 'nick_type': -1, 'speed': -1, 'area': '俄罗斯', 'score': 50}
2021-01-26 00:03:34 connectionpool.py [line:231] DEBUG: Starting new HTTP connection (1): 221.122.91.59:80
2021-01-26 00:03:35 connectionpool.py [line:461] DEBUG: http://221.122.91.59:80 "GET http://httpbin.org/get HTTP/1.1" 307 0
2021-01-26 00:03:35 connectionpool.py [line:975] DEBUG: Starting new HTTPS connection (1): gateway.zscalertwo.net:443
2021-01-26 00:03:36 connectionpool.py [line:975] DEBUG: Starting new HTTPS connection (1): httpbin.org:443
2021-01-26 00:03:36 httpbin_check.py [line:53] DEBUG: {'ip': '221.122.91.59', 'port': '80', 'protocol': -1, 'nick_type': -1, 'speed': -1, 'area': '北京市', 'score': 50}
2021-01-26 00:03:36 connectionpool.py [line:231] DEBUG: Starting new HTTP connection (1): 41.229.253.214:8080
2021-01-26 00:03:41 connectionpool.py [line:975] DEBUG: Starting new HTTPS connection (1): httpbin.org:443
2021-01-26 00:03:42 connectionpool.py [line:975] DEBUG: Starting new HTTPS connection (1): httpbin.org:443
2021-01-26 00:03:45 connectionpool.py [line:461] DEBUG: http://41.229.253.214:8080 "GET http://httpbin.org/get HTTP/1.1" 403 520
2021-01-26 00:03:45 connectionpool.py [line:975] DEBUG: Starting new HTTPS connection (1): httpbin.org:443
2021-01-26 00:03:51 httpbin_check.py [line:53] DEBUG: {'ip': '186.92.215.216', 'port': '8080', 'protocol': -1, 'nick_type': -1, 'speed': -1, 'area': 'SSL高匿_委内瑞拉', 'score': 50}
2021-01-26 00:03:51 connectionpool.py [line:231] DEBUG: Starting new HTTP connection (1): 116.68.254.94:8089
2021-01-26 00:03:52 httpbin_check.py [line:53] DEBUG: {'ip': '107.163.117.13', 'port': '808', 'protocol': -1, 'nick_type': -1, 'speed': -1, 'area': 'United States', 'score': 50}
2021-01-26 00:03:52 connectionpool.py [line:231] DEBUG: Starting new HTTP connection (1): 107.163.117.61:808
2021-01-26 00:03:53 httpbin_check.py [line:53] DEBUG: {'ip': '41.229.253.214', 'port': '8080', 'protocol': -1, 'nick_type': -1, 'speed': -1, 'area': '突尼斯', 'score': 50}
2021-01-26 00:03:53 connectionpool.py [line:231] DEBUG: Starting new HTTP connection (1): 175.42.122.162:9999
2021-01-26 00:04:02 connectionpool.py [line:975] DEBUG: Starting new HTTPS connection (1): httpbin.org:443
2021-01-26 00:04:03 connectionpool.py [line:975] DEBUG: Starting new HTTPS connection (1): httpbin.org:443
2021-01-26 00:04:05 connectionpool.py [line:975] DEBUG: Starting new HTTPS connection (1): httpbin.org:443
2021-01-26 00:04:12 httpbin_check.py [line:53] DEBUG: {'ip': '107.163.117.61', 'port': '808', 'protocol': -1, 'nick_type': -1, 'speed': -1, 'area': 'United States', 'score': 50}
2021-01-26 00:04:12 connectionpool.py [line:231] DEBUG: Starting new HTTP connection (1): 111.68.123.214:8080
2021-01-26 00:04:13 httpbin_check.py [line:53] DEBUG: {'ip': '175.42.122.162', 'port': '9999', 'protocol': -1, 'nick_type': -1, 'speed': -1, 'area': '福建省宁德市', 'score': 50}
2021-01-26 00:04:13 connectionpool.py [line:231] DEBUG: Starting new HTTP connection (1): 36.248.129.249:9999
2021-01-26 00:04:15 httpbin_check.py [line:53] DEBUG: {'ip': '116.68.254.94', 'port': '8089', 'protocol': -1, 'nick_type': -1, 'speed': -1, 'area': '印度尼西亚', 'score': 50}
2021-01-26 00:04:15 connectionpool.py [line:231] DEBUG: Starting new HTTP connection (1): 181.143.17.35:3128
2021-01-26 00:04:20 connectionpool.py [line:975] DEBUG: Starting new HTTPS connection (1): httpbin.org:443
2021-01-26 00:04:23 connectionpool.py [line:975] DEBUG: Starting new HTTPS connection (1): httpbin.org:443
2021-01-26 00:04:24 httpbin_check.py [line:53] DEBUG: {'ip': '111.68.123.214', 'port': '8080', 'protocol': -1, 'nick_type': -1, 'speed': -1, 'area': 'Indonesia', 'score': 50}
2021-01-26 00:04:24 connectionpool.py [line:231] DEBUG: Starting new HTTP connection (1): 107.163.208.201:808
2021-01-26 00:04:25 connectionpool.py [line:975] DEBUG: Starting new HTTPS connection (1): httpbin.org:443
2021-01-26 00:04:33 httpbin_check.py [line:53] DEBUG: {'ip': '181.143.17.35', 'port': '3128', 'protocol': -1, 'nick_type': -1, 'speed': -1, 'area': '高匿_哥伦比亚', 'score': 50}
2021-01-26 00:04:33 connectionpool.py [line:231] DEBUG: Starting new HTTP connection (1): 103.86.50.170:8080
2021-01-26 00:04:33 httpbin_check.py [line:53] DEBUG: {'ip': '36.248.129.249', 'port': '9999', 'protocol': -1, 'nick_type': -1, 'speed': -1, 'area': '福建省宁德市', 'score': 50}
2021-01-26 00:04:33 connectionpool.py [line:231] DEBUG: Starting new HTTP connection (1): 222.223.174.69:63000
2021-01-26 00:04:34 connectionpool.py [line:975] DEBUG: Starting new HTTPS connection (1): httpbin.org:443
2021-01-26 00:04:36 connectionpool.py [line:461] DEBUG: http://222.223.174.69:63000 "GET http://httpbin.org/get HTTP/1.1" 503 None
2021-01-26 00:04:36 connectionpool.py [line:975] DEBUG: Starting new HTTPS connection (1): httpbin.org:443
2021-01-26 00:04:36 httpbin_check.py [line:53] DEBUG: {'ip': '222.223.174.69', 'port': '63000', 'protocol': -1, 'nick_type': -1, 'speed': -1, 'area': '河北省张家口市', 'score': 50}
2021-01-26 00:04:36 connectionpool.py [line:231] DEBUG: Starting new HTTP connection (1): 109.127.82.18:8080
2021-01-26 00:04:43 connectionpool.py [line:975] DEBUG: Starting new HTTPS connection (1): httpbin.org:443
2021-01-26 00:04:44 httpbin_check.py [line:53] DEBUG: {'ip': '107.163.208.201', 'port': '808', 'protocol': -1, 'nick_type': -1, 'speed': -1, 'area': 'United States', 'score': 50}
2021-01-26 00:04:44 connectionpool.py [line:231] DEBUG: Starting new HTTP connection (1): 112.105.11.196:8088
2021-01-26 00:04:46 connectionpool.py [line:975] DEBUG: Starting new HTTPS connection (1): httpbin.org:443
2021-01-26 00:04:53 httpbin_check.py [line:53] DEBUG: {'ip': '103.86.50.170', 'port': '8080', 'protocol': -1, 'nick_type': -1, 'speed': -1, 'area': 'SSL高匿_泰国', 'score': 50}
2021-01-26 00:04:53 connectionpool.py [line:231] DEBUG: Starting new HTTP connection (1): 186.91.187.166:8080
2021-01-26 00:04:54 connectionpool.py [line:975] DEBUG: Starting new HTTPS connection (1): httpbin.org:443
2021-01-26 00:04:56 httpbin_check.py [line:53] DEBUG: {'ip': '109.127.82.18', 'port': '8080', 'protocol': -1, 'nick_type': -1, 'speed': -1, 'area': '伊拉克', 'score': 50}
2021-01-26 00:04:56 connectionpool.py [line:231] DEBUG: Starting new HTTP connection (1): www.66ip.cn:80
2021-01-26 00:04:56 connectionpool.py [line:461] DEBUG: http://www.66ip.cn:80 "GET /5.html HTTP/1.1" 200 9235
2021-01-26 00:04:56 connectionpool.py [line:231] DEBUG: Starting new HTTP connection (1): 112.250.107.37:53281
2021-01-26 00:04:58 connectionpool.py [line:461] DEBUG: http://186.91.187.166:8080 "GET http://httpbin.org/get HTTP/1.1" 200 451
2021-01-26 00:05:00 connectionpool.py [line:975] DEBUG: Starting new HTTPS connection (1): httpbin.org:443
2021-01-26 00:05:04 httpbin_check.py [line:53] DEBUG: {'ip': '112.105.11.196', 'port': '8088', 'protocol': -1, 'nick_type': -1, 'speed': -1, 'area': 'Taiwan', 'score': 50}
2021-01-26 00:05:04 connectionpool.py [line:975] DEBUG: Starting new HTTPS connection (1): list.proxylistplus.com:443
2021-01-26 00:05:06 connectionpool.py [line:461] DEBUG: https://list.proxylistplus.com:443 "GET /Fresh-HTTP-Proxy-List-2 HTTP/1.1" 200 None
2021-01-26 00:05:06 connectionpool.py [line:975] DEBUG: Starting new HTTPS connection (1): httpbin.org:443
2021-01-26 00:05:06 connectionpool.py [line:231] DEBUG: Starting new HTTP connection (1): 162.243.55.213:8118
2021-01-26 00:05:11 httpbin_check.py [line:53] DEBUG: {'ip': '186.91.187.166', 'port': '8080', 'protocol': 0, 'nick_type': 2, 'speed': 7.44, 'area': '委内瑞拉', 'score': 50}
2021-01-26 00:05:16 httpbin_check.py [line:53] DEBUG: {'ip': '112.250.107.37', 'port': '53281', 'protocol': -1, 'nick_type': -1, 'speed': -1, 'area': '山东省泰安市', 'score': 50}
2021-01-26 00:05:16 connectionpool.py [line:231] DEBUG: Starting new HTTP connection (1): 176.236.85.246:9090
2021-01-26 00:05:16 connectionpool.py [line:975] DEBUG: Starting new HTTPS connection (1): httpbin.org:443
2021-01-26 00:05:19 connectionpool.py [line:975] DEBUG: Starting new HTTPS connection (1): httpbin.org:443
2021-01-26 00:05:26 httpbin_check.py [line:53] DEBUG: {'ip': '162.243.55.213', 'port': '8118', 'protocol': -1, 'nick_type': -1, 'speed': -1, 'area': 'United States', 'score': 50}
2021-01-26 00:05:26 connectionpool.py [line:231] DEBUG: Starting new HTTP connection (1): 173.164.40.13:8118
2021-01-26 00:05:29 httpbin_check.py [line:53] DEBUG: {'ip': '176.236.85.246', 'port': '9090', 'protocol': -1, 'nick_type': -1, 'speed': -1, 'area': '土耳其', 'score': 50}
2021-01-26 00:05:29 connectionpool.py [line:231] DEBUG: Starting new HTTP connection (1): 103.217.156.50:8080
2021-01-26 00:05:30 run_crawler.py [line:47] ERROR: (0, '')
Traceback (most recent call last):
  File "D:\Learning software\Python\lib\site-packages\pymysql\connections.py", line 732, in _read_bytes
    data = self._rfile.read(num_bytes)
  File "D:\Learning software\Python\lib\socket.py", line 589, in readinto
    return self._sock.recv_into(b)
  File "D:\Learning software\Python\lib\site-packages\gevent\_socketcommon.py", line 688, in recv_into
    return self._sock.recv_into(*args)
ConnectionResetError: [WinError 10054] 远程主机强迫关闭了一个现有的连接。

During handling of the above exception, another exception occurred:

Traceback (most recent call last):
  File "C:\Users\1234\PycharmProjects\domin\ip_agent_pool\core\db\mysql_pool.py", line 30, in insert
    self.cursor.execute(sql)
  File "D:\Learning software\Python\lib\site-packages\pymysql\cursors.py", line 148, in execute
    result = self._query(query)
  File "D:\Learning software\Python\lib\site-packages\pymysql\cursors.py", line 310, in _query
    conn.query(q)
  File "D:\Learning software\Python\lib\site-packages\pymysql\connections.py", line 548, in query
    self._affected_rows = self._read_query_result(unbuffered=unbuffered)
  File "D:\Learning software\Python\lib\site-packages\pymysql\connections.py", line 775, in _read_query_result
    result.read()
  File "D:\Learning software\Python\lib\site-packages\pymysql\connections.py", line 1156, in read
    first_packet = self.connection._read_packet()
  File "D:\Learning software\Python\lib\site-packages\pymysql\connections.py", line 692, in _read_packet
    packet_header = self._read_bytes(4)
  File "D:\Learning software\Python\lib\site-packages\pymysql\connections.py", line 740, in _read_bytes
    "Lost connection to MySQL server during query (%s)" % (e,),
pymysql.err.OperationalError: (2013, 'Lost connection to MySQL server during query ([WinError 10054] 远程主机强迫关闭了一个现有的连接。)')

During handling of the above exception, another exception occurred:

Traceback (most recent call last):
  File "C:\Users\1234\PycharmProjects\domin\ip_agent_pool\core\ip_crawler\run_crawler.py", line 45, in __run_one_crawler
    self.ip_pool.insert(proxy)
  File "C:\Users\1234\PycharmProjects\domin\ip_agent_pool\core\db\mysql_pool.py", line 34, in insert
    self.db.rollback()
  File "D:\Learning software\Python\lib\site-packages\pymysql\connections.py", line 479, in rollback
    self._execute_command(COMMAND.COM_QUERY, "ROLLBACK")
  File "D:\Learning software\Python\lib\site-packages\pymysql\connections.py", line 793, in _execute_command
    raise err.InterfaceError(0, "")
pymysql.err.InterfaceError: (0, '')
2021-01-26 00:05:30 run_crawler.py [line:48] ERROR: 爬虫<ip_agent_pool.core.ip_crawler.ipweb_crawler.Ip3366Crawler object at 0x000001C270A6F400> 出现错误
Traceback (most recent call last):
  File "D:\Learning software\Python\lib\site-packages\pymysql\connections.py", line 732, in _read_bytes
    data = self._rfile.read(num_bytes)
  File "D:\Learning software\Python\lib\socket.py", line 589, in readinto
    return self._sock.recv_into(b)
  File "D:\Learning software\Python\lib\site-packages\gevent\_socketcommon.py", line 688, in recv_into
    return self._sock.recv_into(*args)
ConnectionResetError: [WinError 10054] 远程主机强迫关闭了一个现有的连接。

During handling of the above exception, another exception occurred:

Traceback (most recent call last):
  File "C:\Users\1234\PycharmProjects\domin\ip_agent_pool\core\db\mysql_pool.py", line 30, in insert
    self.cursor.execute(sql)
  File "D:\Learning software\Python\lib\site-packages\pymysql\cursors.py", line 148, in execute
    result = self._query(query)
  File "D:\Learning software\Python\lib\site-packages\pymysql\cursors.py", line 310, in _query
    conn.query(q)
  File "D:\Learning software\Python\lib\site-packages\pymysql\connections.py", line 548, in query
    self._affected_rows = self._read_query_result(unbuffered=unbuffered)
  File "D:\Learning software\Python\lib\site-packages\pymysql\connections.py", line 775, in _read_query_result
    result.read()
  File "D:\Learning software\Python\lib\site-packages\pymysql\connections.py", line 1156, in read
    first_packet = self.connection._read_packet()
  File "D:\Learning software\Python\lib\site-packages\pymysql\connections.py", line 692, in _read_packet
    packet_header = self._read_bytes(4)
  File "D:\Learning software\Python\lib\site-packages\pymysql\connections.py", line 740, in _read_bytes
    "Lost connection to MySQL server during query (%s)" % (e,),
pymysql.err.OperationalError: (2013, 'Lost connection to MySQL server during query ([WinError 10054] 远程主机强迫关闭了一个现有的连接。)')

During handling of the above exception, another exception occurred:

Traceback (most recent call last):
  File "C:\Users\1234\PycharmProjects\domin\ip_agent_pool\core\ip_crawler\run_crawler.py", line 45, in __run_one_crawler
    self.ip_pool.insert(proxy)
  File "C:\Users\1234\PycharmProjects\domin\ip_agent_pool\core\db\mysql_pool.py", line 34, in insert
    self.db.rollback()
  File "D:\Learning software\Python\lib\site-packages\pymysql\connections.py", line 479, in rollback
    self._execute_command(COMMAND.COM_QUERY, "ROLLBACK")
  File "D:\Learning software\Python\lib\site-packages\pymysql\connections.py", line 793, in _execute_command
    raise err.InterfaceError(0, "")
pymysql.err.InterfaceError: (0, '')
2021-01-26 00:05:36 connectionpool.py [line:975] DEBUG: Starting new HTTPS connection (1): httpbin.org:443
2021-01-26 00:05:39 connectionpool.py [line:975] DEBUG: Starting new HTTPS connection (1): httpbin.org:443
2021-01-26 00:05:46 httpbin_check.py [line:53] DEBUG: {'ip': '173.164.40.13', 'port': '8118', 'protocol': -1, 'nick_type': -1, 'speed': -1, 'area': 'United States', 'score': 50}
2021-01-26 00:05:46 connectionpool.py [line:231] DEBUG: Starting new HTTP connection (1): 190.121.138.162:8080
2021-01-26 00:05:49 httpbin_check.py [line:53] DEBUG: {'ip': '103.217.156.50', 'port': '8080', 'protocol': -1, 'nick_type': -1, 'speed': -1, 'area': '亚太地区', 'score': 50}
2021-01-26 00:05:49 connectionpool.py [line:231] DEBUG: Starting new HTTP connection (1): 103.146.30.178:8080
2021-01-26 12:59:22 _internal.py [line:113] INFO:  * Running on http://0.0.0.0:6868/ (Press CTRL+C to quit)
2021-01-26 12:59:23 connectionpool.py [line:231] DEBUG: Starting new HTTP connection (1): www.66ip.cn:80
2021-01-26 12:59:23 connectionpool.py [line:231] DEBUG: Starting new HTTP connection (1): www.ip3366.net:80
2021-01-26 12:59:23 connectionpool.py [line:975] DEBUG: Starting new HTTPS connection (1): list.proxylistplus.com:443
2021-01-26 12:59:23 connectionpool.py [line:461] DEBUG: http://www.66ip.cn:80 "GET /1.html HTTP/1.1" 200 8618
2021-01-26 12:59:23 connectionpool.py [line:231] DEBUG: Starting new HTTP connection (1): 181.115.38.146:8080
2021-01-26 12:59:23 connectionpool.py [line:461] DEBUG: http://www.ip3366.net:80 "GET /free/?stype=1&page=1 HTTP/1.1" 200 5465
2021-01-26 12:59:23 connectionpool.py [line:231] DEBUG: Starting new HTTP connection (1): 49.86.180.119:9999
2021-01-26 12:59:29 connectionpool.py [line:461] DEBUG: https://list.proxylistplus.com:443 "GET /Fresh-HTTP-Proxy-List-1 HTTP/1.1" 200 None
2021-01-26 12:59:31 connectionpool.py [line:231] DEBUG: Starting new HTTP connection (1): 110.77.134.112:8080
2021-01-26 12:59:37 connectionpool.py [line:975] DEBUG: Starting new HTTPS connection (1): httpbin.org:443
2021-01-26 12:59:37 connectionpool.py [line:975] DEBUG: Starting new HTTPS connection (1): httpbin.org:443
2021-01-26 12:59:41 connectionpool.py [line:975] DEBUG: Starting new HTTPS connection (1): httpbin.org:443
2021-01-26 12:59:47 httpbin_check.py [line:53] DEBUG: {'ip': '181.115.38.146', 'port': '8080', 'protocol': -1, 'nick_type': -1, 'speed': -1, 'area': '洪都拉斯', 'score': 50}
2021-01-26 12:59:47 connectionpool.py [line:231] DEBUG: Starting new HTTP connection (1): 191.243.217.1:53281
2021-01-26 12:59:47 httpbin_check.py [line:53] DEBUG: {'ip': '49.86.180.119', 'port': '9999', 'protocol': -1, 'nick_type': -1, 'speed': -1, 'area': '高匿_江苏省扬州市电信', 'score': 50}
2021-01-26 12:59:47 connectionpool.py [line:231] DEBUG: Starting new HTTP connection (1): 42.238.86.133:9999
2021-01-26 12:59:51 httpbin_check.py [line:53] DEBUG: {'ip': '110.77.134.112', 'port': '8080', 'protocol': -1, 'nick_type': -1, 'speed': -1, 'area': 'Thailand', 'score': 50}
2021-01-26 12:59:51 connectionpool.py [line:231] DEBUG: Starting new HTTP connection (1): 178.19.97.1:8088
2021-01-26 12:59:55 connectionpool.py [line:975] DEBUG: Starting new HTTPS connection (1): httpbin.org:443
2021-01-26 12:59:57 connectionpool.py [line:975] DEBUG: Starting new HTTPS connection (1): httpbin.org:443
2021-01-26 13:00:03 httpbin_check.py [line:53] DEBUG: {'ip': '178.19.97.1', 'port': '8088', 'protocol': -1, 'nick_type': -1, 'speed': -1, 'area': 'Poland', 'score': 50}
2021-01-26 13:00:03 connectionpool.py [line:231] DEBUG: Starting new HTTP connection (1): 71.41.27.245:8080
2021-01-26 13:00:04 connectionpool.py [line:461] DEBUG: http://191.243.217.1:53281 "GET http://httpbin.org/get HTTP/1.1" 200 375
2021-01-26 13:00:05 connectionpool.py [line:975] DEBUG: Starting new HTTPS connection (1): httpbin.org:443
2021-01-26 13:00:07 httpbin_check.py [line:53] DEBUG: {'ip': '42.238.86.133', 'port': '9999', 'protocol': -1, 'nick_type': -1, 'speed': -1, 'area': '河南省濮阳市', 'score': 50}
2021-01-26 13:00:07 connectionpool.py [line:231] DEBUG: Starting new HTTP connection (1): 223.215.18.178:9999
2021-01-26 13:00:13 connectionpool.py [line:975] DEBUG: Starting new HTTPS connection (1): httpbin.org:443
2021-01-26 13:00:15 httpbin_check.py [line:53] DEBUG: {'ip': '191.243.217.1', 'port': '53281', 'protocol': 0, 'nick_type': 0, 'speed': 17.33, 'area': '拉美地区', 'score': 50}
2021-01-26 13:00:15 mysql_pool.py [line:35] INFO: 插入新的代理:{'ip': '191.243.217.1', 'port': '53281', 'protocol': 0, 'nick_type': 0, 'speed': 17.33, 'area': '拉美地区', 'score': 50}
2021-01-26 13:00:15 connectionpool.py [line:231] DEBUG: Starting new HTTP connection (1): 191.101.39.63:80
2021-01-26 13:00:17 connectionpool.py [line:975] DEBUG: Starting new HTTPS connection (1): httpbin.org:443
2021-01-26 13:00:24 _internal.py [line:113] INFO:  * Running on http://0.0.0.0:6868/ (Press CTRL+C to quit)
2021-01-26 13:00:24 connectionpool.py [line:231] DEBUG: Starting new HTTP connection (1): 103.80.83.48:3127
2021-01-26 13:00:24 connectionpool.py [line:231] DEBUG: Starting new HTTP connection (1): 115.221.241.140:9999
2021-01-26 13:00:24 connectionpool.py [line:231] DEBUG: Starting new HTTP connection (1): 116.68.249.228:8089
2021-01-26 13:00:24 connectionpool.py [line:231] DEBUG: Starting new HTTP connection (1): 116.68.254.94:8089
2021-01-26 13:00:24 connectionpool.py [line:231] DEBUG: Starting new HTTP connection (1): 14.97.2.106:80
2021-01-26 13:00:24 connectionpool.py [line:231] DEBUG: Starting new HTTP connection (1): 154.72.197.106:42113
2021-01-26 13:00:24 connectionpool.py [line:231] DEBUG: Starting new HTTP connection (1): 181.143.17.35:3128
2021-01-26 13:00:24 connectionpool.py [line:231] DEBUG: Starting new HTTP connection (1): 183.89.198.132:8080
2021-01-26 13:00:24 connectionpool.py [line:231] DEBUG: Starting new HTTP connection (1): 186.91.187.166:8080
2021-01-26 13:00:24 connectionpool.py [line:231] DEBUG: Starting new HTTP connection (1): 186.91.91.90:8080
2021-01-26 13:00:24 connectionpool.py [line:231] DEBUG: Starting new HTTP connection (1): www.66ip.cn:80
2021-01-26 13:00:24 connectionpool.py [line:231] DEBUG: Starting new HTTP connection (1): www.ip3366.net:80
2021-01-26 13:00:24 connectionpool.py [line:975] DEBUG: Starting new HTTPS connection (1): list.proxylistplus.com:443
2021-01-26 13:00:25 connectionpool.py [line:461] DEBUG: http://www.66ip.cn:80 "GET /1.html HTTP/1.1" 200 8618
2021-01-26 13:00:25 connectionpool.py [line:461] DEBUG: http://www.ip3366.net:80 "GET /free/?stype=1&page=1 HTTP/1.1" 200 5465
2021-01-26 13:00:25 connectionpool.py [line:231] DEBUG: Starting new HTTP connection (1): 49.86.180.119:9999
2021-01-26 13:00:25 connectionpool.py [line:231] DEBUG: Starting new HTTP connection (1): 181.115.38.146:8080
2021-01-26 13:00:26 connectionpool.py [line:461] DEBUG: http://14.97.2.106:80 "GET http://httpbin.org/get HTTP/1.1" 200 461
2021-01-26 13:00:26 connectionpool.py [line:975] DEBUG: Starting new HTTPS connection (1): httpbin.org:443
2021-01-26 13:00:27 connectionpool.py [line:461] DEBUG: https://list.proxylistplus.com:443 "GET /Fresh-HTTP-Proxy-List-1 HTTP/1.1" 200 None
2021-01-26 13:00:27 connectionpool.py [line:231] DEBUG: Starting new HTTP connection (1): 110.77.134.112:8080
2021-01-26 13:00:28 httpbin_check.py [line:53] DEBUG: {'ip': '14.97.2.106', 'port': 80, 'protocol': 0, 'nick_type': 0, 'speed': 1.3, 'area': '高匿_印度', 'score': 50}
2021-01-26 13:00:28 mysql_pool.py [line:88] INFO: 修改代理成功:{'ip': '14.97.2.106', 'port': 80, 'protocol': 0, 'nick_type': 0, 'speed': 1.3, 'area': '高匿_印度', 'score': 50}
2021-01-26 13:00:28 connectionpool.py [line:231] DEBUG: Starting new HTTP connection (1): 187.111.160.8:42579
2021-01-26 13:00:29 connectionpool.py [line:461] DEBUG: http://116.68.249.228:8089 "GET http://httpbin.org/get HTTP/1.1" 200 441
2021-01-26 13:00:29 connectionpool.py [line:975] DEBUG: Starting new HTTPS connection (1): httpbin.org:443
2021-01-26 13:00:33 connectionpool.py [line:975] DEBUG: Starting new HTTPS connection (1): httpbin.org:443
2021-01-26 13:00:34 connectionpool.py [line:975] DEBUG: Starting new HTTPS connection (1): httpbin.org:443
2021-01-26 13:00:34 connectionpool.py [line:975] DEBUG: Starting new HTTPS connection (1): httpbin.org:443
2021-01-26 13:00:34 connectionpool.py [line:975] DEBUG: Starting new HTTPS connection (1): httpbin.org:443
2021-01-26 13:00:34 connectionpool.py [line:975] DEBUG: Starting new HTTPS connection (1): httpbin.org:443
2021-01-26 13:00:34 connectionpool.py [line:975] DEBUG: Starting new HTTPS connection (1): httpbin.org:443
2021-01-26 13:00:34 connectionpool.py [line:975] DEBUG: Starting new HTTPS connection (1): httpbin.org:443
2021-01-26 13:00:35 connectionpool.py [line:461] DEBUG: http://187.111.160.8:42579 "GET http://httpbin.org/get HTTP/1.1" 200 473
2021-01-26 13:00:35 connectionpool.py [line:975] DEBUG: Starting new HTTPS connection (1): httpbin.org:443
2021-01-26 13:00:35 connectionpool.py [line:975] DEBUG: Starting new HTTPS connection (1): httpbin.org:443
2021-01-26 13:00:37 connectionpool.py [line:975] DEBUG: Starting new HTTPS connection (1): httpbin.org:443
2021-01-26 13:00:38 connectionpool.py [line:975] DEBUG: Starting new HTTPS connection (1): httpbin.org:443
2021-01-26 13:00:39 httpbin_check.py [line:53] DEBUG: {'ip': '116.68.249.228', 'port': 8089, 'protocol': 0, 'nick_type': 2, 'speed': 4.7, 'area': '印度尼西亚', 'score': 45}
2021-01-26 13:00:39 mysql_pool.py [line:88] INFO: 修改代理成功:{'ip': '116.68.249.228', 'port': 8089, 'protocol': 0, 'nick_type': 2, 'speed': 4.7, 'area': '印度尼西亚', 'score': 50}
2021-01-26 13:00:39 connectionpool.py [line:231] DEBUG: Starting new HTTP connection (1): 190.207.39.168:8080
2021-01-26 13:00:42 connectionpool.py [line:975] DEBUG: Starting new HTTPS connection (1): httpbin.org:443
2021-01-26 13:00:43 httpbin_check.py [line:53] DEBUG: {'ip': '116.68.254.94', 'port': 8089, 'protocol': -1, 'nick_type': -1, 'speed': -1, 'area': '印度尼西亚', 'score': 44}
2021-01-26 13:00:44 mysql_pool.py [line:88] INFO: 修改代理成功:{'ip': '116.68.254.94', 'port': 8089, 'protocol': -1, 'nick_type': -1, 'speed': -1, 'area': '印度尼西亚', 'score': 43}
2021-01-26 13:00:44 connectionpool.py [line:231] DEBUG: Starting new HTTP connection (1): 191.101.39.118:80
2021-01-26 13:00:44 httpbin_check.py [line:53] DEBUG: {'ip': '103.80.83.48', 'port': 3127, 'protocol': -1, 'nick_type': -1, 'speed': -1, 'area': '亚太地区', 'score': 45}
2021-01-26 13:00:44 httpbin_check.py [line:53] DEBUG: {'ip': '115.221.241.140', 'port': 9999, 'protocol': -1, 'nick_type': -1, 'speed': -1, 'area': '浙江省温州市', 'score': 45}
2021-01-26 13:00:44 httpbin_check.py [line:53] DEBUG: {'ip': '154.72.197.106', 'port': 42113, 'protocol': -1, 'nick_type': -1, 'speed': -1, 'area': '非洲', 'score': 50}
2021-01-26 13:00:44 httpbin_check.py [line:53] DEBUG: {'ip': '181.143.17.35', 'port': 3128, 'protocol': -1, 'nick_type': -1, 'speed': -1, 'area': '高匿_哥伦比亚', 'score': 47}
2021-01-26 13:00:44 httpbin_check.py [line:53] DEBUG: {'ip': '186.91.187.166', 'port': 8080, 'protocol': -1, 'nick_type': -1, 'speed': -1, 'area': '委内瑞拉', 'score': 50}
2021-01-26 13:00:44 httpbin_check.py [line:53] DEBUG: {'ip': '186.91.91.90', 'port': 8080, 'protocol': -1, 'nick_type': -1, 'speed': -1, 'area': 'SSL高匿_委内瑞拉', 'score': 48}
2021-01-26 13:00:44 mysql_pool.py [line:88] INFO: 修改代理成功:{'ip': '103.80.83.48', 'port': 3127, 'protocol': -1, 'nick_type': -1, 'speed': -1, 'area': '亚太地区', 'score': 44}
2021-01-26 13:00:44 connectionpool.py [line:231] DEBUG: Starting new HTTP connection (1): 191.243.217.1:53281
2021-01-26 13:00:45 mysql_pool.py [line:88] INFO: 修改代理成功:{'ip': '115.221.241.140', 'port': 9999, 'protocol': -1, 'nick_type': -1, 'speed': -1, 'area': '浙江省温州市', 'score': 44}
2021-01-26 13:00:45 connectionpool.py [line:231] DEBUG: Starting new HTTP connection (1): 195.154.173.28:80
2021-01-26 13:00:45 httpbin_check.py [line:53] DEBUG: {'ip': '49.86.180.119', 'port': '9999', 'protocol': -1, 'nick_type': -1, 'speed': -1, 'area': '高匿_江苏省扬州市电信', 'score': 50}
2021-01-26 13:00:45 connectionpool.py [line:231] DEBUG: Starting new HTTP connection (1): 42.238.86.133:9999
2021-01-26 13:00:45 mysql_pool.py [line:88] INFO: 修改代理成功:{'ip': '154.72.197.106', 'port': 42113, 'protocol': -1, 'nick_type': -1, 'speed': -1, 'area': '非洲', 'score': 49}
2021-01-26 13:00:45 connectionpool.py [line:231] DEBUG: Starting new HTTP connection (1): 197.210.164.66:8080
2021-01-26 13:00:45 httpbin_check.py [line:53] DEBUG: {'ip': '181.115.38.146', 'port': '8080', 'protocol': -1, 'nick_type': -1, 'speed': -1, 'area': '洪都拉斯', 'score': 50}
2021-01-26 13:00:45 connectionpool.py [line:231] DEBUG: Starting new HTTP connection (1): 191.243.217.1:53281
2021-01-26 13:00:45 mysql_pool.py [line:88] INFO: 修改代理成功:{'ip': '181.143.17.35', 'port': 3128, 'protocol': -1, 'nick_type': -1, 'speed': -1, 'area': '高匿_哥伦比亚', 'score': 46}
2021-01-26 13:00:45 connectionpool.py [line:231] DEBUG: Starting new HTTP connection (1): 216.58.163.118:80
2021-01-26 13:00:45 mysql_pool.py [line:88] INFO: 修改代理成功:{'ip': '186.91.187.166', 'port': 8080, 'protocol': -1, 'nick_type': -1, 'speed': -1, 'area': '委内瑞拉', 'score': 49}
2021-01-26 13:00:45 connectionpool.py [line:231] DEBUG: Starting new HTTP connection (1): 78.111.97.180:3140
2021-01-26 13:00:45 mysql_pool.py [line:88] INFO: 修改代理成功:{'ip': '186.91.91.90', 'port': 8080, 'protocol': -1, 'nick_type': -1, 'speed': -1, 'area': 'SSL高匿_委内瑞拉', 'score': 47}
2021-01-26 13:00:45 connectionpool.py [line:231] DEBUG: Starting new HTTP connection (1): 91.224.182.49:8080
2021-01-26 13:00:47 httpbin_check.py [line:53] DEBUG: {'ip': '110.77.134.112', 'port': '8080', 'protocol': -1, 'nick_type': -1, 'speed': -1, 'area': 'Thailand', 'score': 50}
2021-01-26 13:00:47 connectionpool.py [line:231] DEBUG: Starting new HTTP connection (1): 178.19.97.1:8088
2021-01-26 13:00:48 httpbin_check.py [line:53] DEBUG: {'ip': '187.111.160.8', 'port': 42579, 'protocol': 0, 'nick_type': 0, 'speed': 10.84, 'area': '巴西', 'score': 49}
2021-01-26 13:00:49 mysql_pool.py [line:88] INFO: 修改代理成功:{'ip': '187.111.160.8', 'port': 42579, 'protocol': 0, 'nick_type': 0, 'speed': 10.84, 'area': '巴西', 'score': 50}
2021-01-26 13:00:49 connectionpool.py [line:975] DEBUG: Starting new HTTPS connection (1): httpbin.org:443
2021-01-26 13:00:52 httpbin_check.py [line:53] DEBUG: {'ip': '183.89.198.132', 'port': 8080, 'protocol': -1, 'nick_type': -1, 'speed': -1, 'area': '高匿_泰国', 'score': 50}
2021-01-26 13:00:53 mysql_pool.py [line:88] INFO: 修改代理成功:{'ip': '183.89.198.132', 'port': 8080, 'protocol': -1, 'nick_type': -1, 'speed': -1, 'area': '高匿_泰国', 'score': 49}
2021-01-26 13:00:54 connectionpool.py [line:975] DEBUG: Starting new HTTPS connection (1): httpbin.org:443
2021-01-26 13:00:54 connectionpool.py [line:975] DEBUG: Starting new HTTPS connection (1): httpbin.org:443
2021-01-26 13:00:55 connectionpool.py [line:975] DEBUG: Starting new HTTPS connection (1): httpbin.org:443
2021-01-26 13:00:55 connectionpool.py [line:975] DEBUG: Starting new HTTPS connection (1): httpbin.org:443
2021-01-26 13:00:55 connectionpool.py [line:975] DEBUG: Starting new HTTPS connection (1): httpbin.org:443
2021-01-26 13:00:55 connectionpool.py [line:975] DEBUG: Starting new HTTPS connection (1): httpbin.org:443
2021-01-26 13:00:55 connectionpool.py [line:975] DEBUG: Starting new HTTPS connection (1): httpbin.org:443
2021-01-26 13:00:55 connectionpool.py [line:975] DEBUG: Starting new HTTPS connection (1): httpbin.org:443
2021-01-26 13:00:56 httpbin_check.py [line:53] DEBUG: {'ip': '191.101.39.118', 'port': 80, 'protocol': -1, 'nick_type': -1, 'speed': -1, 'area': '柬埔寨', 'score': 50}
2021-01-26 13:00:56 mysql_pool.py [line:88] INFO: 修改代理成功:{'ip': '191.101.39.118', 'port': 80, 'protocol': -1, 'nick_type': -1, 'speed': -1, 'area': '柬埔寨', 'score': 49}
2021-01-26 13:00:57 connectionpool.py [line:975] DEBUG: Starting new HTTPS connection (1): httpbin.org:443
2021-01-26 13:00:59 httpbin_check.py [line:53] DEBUG: {'ip': '190.207.39.168', 'port': 8080, 'protocol': -1, 'nick_type': -1, 'speed': -1, 'area': 'SSL高匿_委内瑞拉', 'score': 50}
2021-01-26 13:01:00 mysql_pool.py [line:88] INFO: 修改代理成功:{'ip': '190.207.39.168', 'port': 8080, 'protocol': -1, 'nick_type': -1, 'speed': -1, 'area': 'SSL高匿_委内瑞拉', 'score': 49}
2021-01-26 13:01:02 httpbin_check.py [line:53] DEBUG: {'ip': '178.19.97.1', 'port': '8088', 'protocol': -1, 'nick_type': -1, 'speed': -1, 'area': 'Poland', 'score': 50}
2021-01-26 13:01:02 connectionpool.py [line:231] DEBUG: Starting new HTTP connection (1): 71.41.27.245:8080
2021-01-26 13:01:02 connectionpool.py [line:975] DEBUG: Starting new HTTPS connection (1): httpbin.org:443
2021-01-26 13:01:04 httpbin_check.py [line:53] DEBUG: {'ip': '191.243.217.1', 'port': 53281, 'protocol': -1, 'nick_type': -1, 'speed': -1, 'area': '拉美地区', 'score': 50}
2021-01-26 13:01:05 mysql_pool.py [line:88] INFO: 修改代理成功:{'ip': '191.243.217.1', 'port': 53281, 'protocol': -1, 'nick_type': -1, 'speed': -1, 'area': '拉美地区', 'score': 49}
2021-01-26 13:01:05 httpbin_check.py [line:53] DEBUG: {'ip': '195.154.173.28', 'port': 80, 'protocol': -1, 'nick_type': -1, 'speed': -1, 'area': '法国', 'score': 44}
2021-01-26 13:01:05 httpbin_check.py [line:53] DEBUG: {'ip': '42.238.86.133', 'port': '9999', 'protocol': -1, 'nick_type': -1, 'speed': -1, 'area': '河南省濮阳市', 'score': 50}
2021-01-26 13:01:05 connectionpool.py [line:231] DEBUG: Starting new HTTP connection (1): 223.215.18.178:9999
2021-01-26 13:01:05 mysql_pool.py [line:88] INFO: 修改代理成功:{'ip': '195.154.173.28', 'port': 80, 'protocol': -1, 'nick_type': -1, 'speed': -1, 'area': '法国', 'score': 43}
2021-01-26 13:01:05 httpbin_check.py [line:53] DEBUG: {'ip': '191.243.217.1', 'port': '53281', 'protocol': -1, 'nick_type': -1, 'speed': -1, 'area': '拉美地区', 'score': 50}
2021-01-26 13:01:05 connectionpool.py [line:231] DEBUG: Starting new HTTP connection (1): 191.101.39.63:80
2021-01-26 13:01:05 httpbin_check.py [line:53] DEBUG: {'ip': '78.111.97.180', 'port': 3140, 'protocol': -1, 'nick_type': -1, 'speed': -1, 'area': '土耳其', 'score': 46}
2021-01-26 13:01:05 httpbin_check.py [line:53] DEBUG: {'ip': '91.224.182.49', 'port': 8080, 'protocol': -1, 'nick_type': -1, 'speed': -1, 'area': '俄罗斯', 'score': 43}
2021-01-26 13:01:05 mysql_pool.py [line:88] INFO: 修改代理成功:{'ip': '78.111.97.180', 'port': 3140, 'protocol': -1, 'nick_type': -1, 'speed': -1, 'area': '土耳其', 'score': 45}
2021-01-26 13:01:05 mysql_pool.py [line:88] INFO: 修改代理成功:{'ip': '91.224.182.49', 'port': 8080, 'protocol': -1, 'nick_type': -1, 'speed': -1, 'area': '俄罗斯', 'score': 42}
2021-01-26 13:01:10 httpbin_check.py [line:53] DEBUG: {'ip': '216.58.163.118', 'port': 80, 'protocol': -1, 'nick_type': -1, 'speed': -1, 'area': '美国', 'score': 47}
2021-01-26 13:01:10 mysql_pool.py [line:88] INFO: 修改代理成功:{'ip': '216.58.163.118', 'port': 80, 'protocol': -1, 'nick_type': -1, 'speed': -1, 'area': '美国', 'score': 46}
2021-01-26 13:01:12 connectionpool.py [line:975] DEBUG: Starting new HTTPS connection (1): httpbin.org:443
2021-01-26 13:01:14 httpbin_check.py [line:53] DEBUG: {'ip': '197.210.164.66', 'port': 8080, 'protocol': -1, 'nick_type': -1, 'speed': -1, 'area': '尼日利亚', 'score': 50}
2021-01-26 13:01:15 connectionpool.py [line:975] DEBUG: Starting new HTTPS connection (1): httpbin.org:443
2021-01-26 13:01:15 mysql_pool.py [line:88] INFO: 修改代理成功:{'ip': '197.210.164.66', 'port': 8080, 'protocol': -1, 'nick_type': -1, 'speed': -1, 'area': '尼日利亚', 'score': 49}
2021-01-26 13:01:15 connectionpool.py [line:975] DEBUG: Starting new HTTPS connection (1): httpbin.org:443
2021-01-26 13:01:17 httpbin_check.py [line:53] DEBUG: {'ip': '191.101.39.63', 'port': '80', 'protocol': -1, 'nick_type': -1, 'speed': -1, 'area': '拉美地区', 'score': 50}
2021-01-26 13:01:17 connectionpool.py [line:231] DEBUG: Starting new HTTP connection (1): 119.28.155.202:9999
2021-01-26 13:01:17 connectionpool.py [line:975] DEBUG: Starting new HTTPS connection (1): httpbin.org:443
2021-01-26 13:01:17 httpbin_check.py [line:53] DEBUG: {'ip': '119.28.155.202', 'port': '9999', 'protocol': -1, 'nick_type': -1, 'speed': -1, 'area': '广东省广州市海珠区', 'score': 50}
2021-01-26 13:01:17 connectionpool.py [line:231] DEBUG: Starting new HTTP connection (1): 69.65.65.178:58389
2021-01-26 13:01:22 httpbin_check.py [line:53] DEBUG: {'ip': '71.41.27.245', 'port': '8080', 'protocol': -1, 'nick_type': -1, 'speed': -1, 'area': 'United States', 'score': 50}
2021-01-26 13:01:22 connectionpool.py [line:231] DEBUG: Starting new HTTP connection (1): 176.106.120.82:8080
2021-01-26 13:01:25 httpbin_check.py [line:53] DEBUG: {'ip': '223.215.18.178', 'port': '9999', 'protocol': -1, 'nick_type': -1, 'speed': -1, 'area': 'SSL高匿_安徽省电信', 'score': 50}
2021-01-26 13:01:25 connectionpool.py [line:231] DEBUG: Starting new HTTP connection (1): 218.14.141.71:9999
2021-01-26 13:01:27 connectionpool.py [line:975] DEBUG: Starting new HTTPS connection (1): httpbin.org:443
2021-01-26 13:01:32 connectionpool.py [line:975] DEBUG: Starting new HTTPS connection (1): httpbin.org:443
2021-01-26 13:01:35 connectionpool.py [line:975] DEBUG: Starting new HTTPS connection (1): httpbin.org:443
2021-01-26 13:01:37 httpbin_check.py [line:53] DEBUG: {'ip': '69.65.65.178', 'port': '58389', 'protocol': -1, 'nick_type': -1, 'speed': -1, 'area': '美国', 'score': 50}
2021-01-26 13:01:37 connectionpool.py [line:231] DEBUG: Starting new HTTP connection (1): 178.214.12.140:8080
2021-01-26 13:01:42 httpbin_check.py [line:53] DEBUG: {'ip': '176.106.120.82', 'port': '8080', 'protocol': -1, 'nick_type': -1, 'speed': -1, 'area': 'Serbia', 'score': 50}
2021-01-26 13:01:42 connectionpool.py [line:231] DEBUG: Starting new HTTP connection (1): 190.104.170.234:8080
2021-01-26 13:01:45 httpbin_check.py [line:53] DEBUG: {'ip': '218.14.141.71', 'port': '9999', 'protocol': -1, 'nick_type': -1, 'speed': -1, 'area': '广东省江门市新会区', 'score': 50}
2021-01-26 13:01:45 connectionpool.py [line:231] DEBUG: Starting new HTTP connection (1): 218.27.221.98:9999
2021-01-26 13:01:50 connectionpool.py [line:975] DEBUG: Starting new HTTPS connection (1): httpbin.org:443
2021-01-26 13:01:52 connectionpool.py [line:975] DEBUG: Starting new HTTPS connection (1): httpbin.org:443
2021-01-26 13:01:55 connectionpool.py [line:975] DEBUG: Starting new HTTPS connection (1): httpbin.org:443
2021-01-26 13:02:00 httpbin_check.py [line:53] DEBUG: {'ip': '178.214.12.140', 'port': '8080', 'protocol': -1, 'nick_type': -1, 'speed': -1, 'area': '波兰', 'score': 50}
2021-01-26 13:02:00 connectionpool.py [line:231] DEBUG: Starting new HTTP connection (1): 117.95.195.172:9999
2021-01-26 13:02:02 httpbin_check.py [line:53] DEBUG: {'ip': '190.104.170.234', 'port': '8080', 'protocol': -1, 'nick_type': -1, 'speed': -1, 'area': 'Paraguay', 'score': 50}
2021-01-26 13:02:02 connectionpool.py [line:231] DEBUG: Starting new HTTP connection (1): 203.160.163.58:8080
2021-01-26 13:02:05 httpbin_check.py [line:53] DEBUG: {'ip': '218.27.221.98', 'port': '9999', 'protocol': -1, 'nick_type': -1, 'speed': -1, 'area': '高匿_吉林省白山市联通', 'score': 50}
2021-01-26 13:02:05 connectionpool.py [line:231] DEBUG: Starting new HTTP connection (1): 58.255.199.119:9999
2021-01-26 13:02:10 connectionpool.py [line:975] DEBUG: Starting new HTTPS connection (1): httpbin.org:443
2021-01-26 13:02:12 connectionpool.py [line:975] DEBUG: Starting new HTTPS connection (1): httpbin.org:443
2021-01-26 13:02:15 connectionpool.py [line:975] DEBUG: Starting new HTTPS connection (1): httpbin.org:443
2021-01-26 13:02:19 httpbin_check.py [line:53] DEBUG: {'ip': '117.95.195.172', 'port': '9999', 'protocol': -1, 'nick_type': -1, 'speed': -1, 'area': '江苏省宿迁市', 'score': 50}
2021-01-26 13:02:19 connectionpool.py [line:231] DEBUG: Starting new HTTP connection (1): www.66ip.cn:80
2021-01-26 13:02:22 connectionpool.py [line:461] DEBUG: http://www.66ip.cn:80 "GET /2.html HTTP/1.1" 200 9207
2021-01-26 13:02:22 connectionpool.py [line:231] DEBUG: Starting new HTTP connection (1): 115.221.241.234:9999
2021-01-26 13:02:22 httpbin_check.py [line:53] DEBUG: {'ip': '203.160.163.58', 'port': '8080', 'protocol': -1, 'nick_type': -1, 'speed': -1, 'area': 'Philippines', 'score': 50}
2021-01-26 13:02:22 connectionpool.py [line:231] DEBUG: Starting new HTTP connection (1): 75.134.84.195:8080
2021-01-26 13:02:25 httpbin_check.py [line:53] DEBUG: {'ip': '58.255.199.119', 'port': '9999', 'protocol': -1, 'nick_type': -1, 'speed': -1, 'area': '广东省惠州市', 'score': 50}
2021-01-26 13:02:25 connectionpool.py [line:231] DEBUG: Starting new HTTP connection (1): 61.190.160.90:8888
2021-01-26 13:02:32 connectionpool.py [line:975] DEBUG: Starting new HTTPS connection (1): httpbin.org:443
2021-01-26 13:02:32 connectionpool.py [line:975] DEBUG: Starting new HTTPS connection (1): httpbin.org:443
2021-01-26 13:02:35 connectionpool.py [line:975] DEBUG: Starting new HTTPS connection (1): httpbin.org:443
2021-01-26 13:02:42 httpbin_check.py [line:53] DEBUG: {'ip': '115.221.241.234', 'port': '9999', 'protocol': -1, 'nick_type': -1, 'speed': -1, 'area': '浙江省温州市', 'score': 50}
2021-01-26 13:02:42 connectionpool.py [line:231] DEBUG: Starting new HTTP connection (1): 188.94.224.10:8080
2021-01-26 13:02:42 httpbin_check.py [line:53] DEBUG: {'ip': '75.134.84.195', 'port': '8080', 'protocol': -1, 'nick_type': -1, 'speed': -1, 'area': 'United States', 'score': 50}
2021-01-26 13:02:42 connectionpool.py [line:231] DEBUG: Starting new HTTP connection (1): 182.180.154.47:3128
2021-01-26 13:02:45 httpbin_check.py [line:53] DEBUG: {'ip': '61.190.160.90', 'port': '8888', 'protocol': -1, 'nick_type': -1, 'speed': -1, 'area': '高匿_安徽省铜陵市电信', 'score': 50}
2021-01-26 13:02:45 connectionpool.py [line:231] DEBUG: Starting new HTTP connection (1): 36.57.77.78:9999
2021-01-26 13:02:52 connectionpool.py [line:975] DEBUG: Starting new HTTPS connection (1): httpbin.org:443
2021-01-26 13:02:52 connectionpool.py [line:975] DEBUG: Starting new HTTPS connection (1): httpbin.org:443
2021-01-26 13:02:55 connectionpool.py [line:975] DEBUG: Starting new HTTPS connection (1): httpbin.org:443
2021-01-26 13:02:59 httpbin_check.py [line:53] DEBUG: {'ip': '182.180.154.47', 'port': '3128', 'protocol': -1, 'nick_type': -1, 'speed': -1, 'area': 'Pakistan', 'score': 50}
2021-01-26 13:02:59 connectionpool.py [line:231] DEBUG: Starting new HTTP connection (1): 23.95.43.171:3128
2021-01-26 13:03:02 httpbin_check.py [line:53] DEBUG: {'ip': '188.94.224.10', 'port': '8080', 'protocol': -1, 'nick_type': -1, 'speed': -1, 'area': '俄罗斯', 'score': 50}
2021-01-26 13:03:02 connectionpool.py [line:231] DEBUG: Starting new HTTP connection (1): 45.6.228.158:8080
2021-01-26 13:03:05 httpbin_check.py [line:53] DEBUG: {'ip': '36.57.77.78', 'port': '9999', 'protocol': -1, 'nick_type': -1, 'speed': -1, 'area': '安徽省黄山市', 'score': 50}
2021-01-26 13:03:05 connectionpool.py [line:231] DEBUG: Starting new HTTP connection (1): 60.184.11.133:9999
2021-01-26 13:03:09 connectionpool.py [line:975] DEBUG: Starting new HTTPS connection (1): httpbin.org:443
2021-01-26 13:03:12 connectionpool.py [line:975] DEBUG: Starting new HTTPS connection (1): httpbin.org:443
2021-01-26 13:03:15 connectionpool.py [line:975] DEBUG: Starting new HTTPS connection (1): httpbin.org:443
2021-01-26 13:03:19 httpbin_check.py [line:53] DEBUG: {'ip': '23.95.43.171', 'port': '3128', 'protocol': -1, 'nick_type': -1, 'speed': -1, 'area': 'United States', 'score': 50}
2021-01-26 13:03:19 connectionpool.py [line:231] DEBUG: Starting new HTTP connection (1): 82.192.30.238:8080
2021-01-26 13:03:22 httpbin_check.py [line:53] DEBUG: {'ip': '45.6.228.158', 'port': '8080', 'protocol': -1, 'nick_type': -1, 'speed': -1, 'area': 'IANA', 'score': 50}
2021-01-26 13:03:22 connectionpool.py [line:231] DEBUG: Starting new HTTP connection (1): 103.80.83.48:3127
2021-01-26 13:03:25 httpbin_check.py [line:53] DEBUG: {'ip': '60.184.11.133', 'port': '9999', 'protocol': -1, 'nick_type': -1, 'speed': -1, 'area': '浙江省湖州市', 'score': 50}
2021-01-26 13:03:25 connectionpool.py [line:231] DEBUG: Starting new HTTP connection (1): 218.73.136.114:8888
2021-01-26 13:03:27 connectionpool.py [line:975] DEBUG: Starting new HTTPS connection (1): httpbin.org:443
2021-01-26 13:03:29 connectionpool.py [line:975] DEBUG: Starting new HTTPS connection (1): httpbin.org:443
2021-01-26 13:03:32 connectionpool.py [line:975] DEBUG: Starting new HTTPS connection (1): httpbin.org:443
2021-01-26 13:03:33 httpbin_check.py [line:53] DEBUG: {'ip': '218.73.136.114', 'port': '8888', 'protocol': -1, 'nick_type': -1, 'speed': -1, 'area': '高匿_浙江省温州市电信', 'score': 50}
2021-01-26 13:03:33 connectionpool.py [line:231] DEBUG: Starting new HTTP connection (1): 49.70.64.117:9999
2021-01-26 13:03:35 connectionpool.py [line:975] DEBUG: Starting new HTTPS connection (1): httpbin.org:443
2021-01-26 13:03:37 httpbin_check.py [line:53] DEBUG: {'ip': '49.70.64.117', 'port': '9999', 'protocol': -1, 'nick_type': -1, 'speed': -1, 'area': '高匿_江苏省宿迁市电信', 'score': 50}
2021-01-26 13:03:37 connectionpool.py [line:231] DEBUG: Starting new HTTP connection (1): 27.8.12.233:9999
2021-01-26 13:03:39 httpbin_check.py [line:53] DEBUG: {'ip': '82.192.30.238', 'port': '8080', 'protocol': -1, 'nick_type': -1, 'speed': -1, 'area': 'Austria', 'score': 50}
2021-01-26 13:03:39 connectionpool.py [line:231] DEBUG: Starting new HTTP connection (1): 198.23.143.27:8080
2021-01-26 13:03:42 httpbin_check.py [line:53] DEBUG: {'ip': '103.80.83.48', 'port': '3127', 'protocol': -1, 'nick_type': -1, 'speed': -1, 'area': '亚太地区', 'score': 50}
2021-01-26 13:03:42 connectionpool.py [line:231] DEBUG: Starting new HTTP connection (1): 216.58.163.118:80
2021-01-26 13:03:47 connectionpool.py [line:975] DEBUG: Starting new HTTPS connection (1): httpbin.org:443
2021-01-26 13:03:49 connectionpool.py [line:975] DEBUG: Starting new HTTPS connection (1): httpbin.org:443
2021-01-26 13:03:52 httpbin_check.py [line:53] DEBUG: {'ip': '198.23.143.27', 'port': '8080', 'protocol': -1, 'nick_type': -1, 'speed': -1, 'area': 'United States', 'score': 50}
2021-01-26 13:03:52 connectionpool.py [line:231] DEBUG: Starting new HTTP connection (1): 190.186.42.124:8080
2021-01-26 13:03:52 connectionpool.py [line:975] DEBUG: Starting new HTTPS connection (1): httpbin.org:443
2021-01-26 13:03:57 httpbin_check.py [line:53] DEBUG: {'ip': '27.8.12.233', 'port': '9999', 'protocol': -1, 'nick_type': -1, 'speed': -1, 'area': '高匿_重庆市联通', 'score': 50}
2021-01-26 13:03:57 connectionpool.py [line:231] DEBUG: Starting new HTTP connection (1): 49.70.95.8:9999
2021-01-26 13:04:02 connectionpool.py [line:975] DEBUG: Starting new HTTPS connection (1): httpbin.org:443
2021-01-26 13:04:07 connectionpool.py [line:975] DEBUG: Starting new HTTPS connection (1): httpbin.org:443
2021-01-26 13:04:09 httpbin_check.py [line:53] DEBUG: {'ip': '216.58.163.118', 'port': '80', 'protocol': -1, 'nick_type': -1, 'speed': -1, 'area': '美国', 'score': 50}
2021-01-26 13:04:09 connectionpool.py [line:231] DEBUG: Starting new HTTP connection (1): 114.239.151.83:9999
2021-01-26 13:04:12 httpbin_check.py [line:53] DEBUG: {'ip': '190.186.42.124', 'port': '8080', 'protocol': -1, 'nick_type': -1, 'speed': -1, 'area': 'Bolivia', 'score': 50}
2021-01-26 13:04:12 connectionpool.py [line:231] DEBUG: Starting new HTTP connection (1): 36.66.34.10:8080
2021-01-26 13:04:13 connectionpool.py [line:975] DEBUG: Starting new HTTPS connection (1): httpbin.org:443
2021-01-26 13:04:15 httpbin_check.py [line:53] DEBUG: {'ip': '114.239.151.83', 'port': '9999', 'protocol': -1, 'nick_type': -1, 'speed': -1, 'area': '江苏省宿迁市泗阳县', 'score': 50}
2021-01-26 13:04:15 connectionpool.py [line:231] DEBUG: Starting new HTTP connection (1): 36.91.188.18:80
2021-01-26 13:04:17 httpbin_check.py [line:53] DEBUG: {'ip': '49.70.95.8', 'port': '9999', 'protocol': -1, 'nick_type': -1, 'speed': -1, 'area': '高匿_江苏省宿迁市电信', 'score': 50}
2021-01-26 13:04:17 connectionpool.py [line:231] DEBUG: Starting new HTTP connection (1): 60.173.35.156:8888
2021-01-26 13:04:22 connectionpool.py [line:975] DEBUG: Starting new HTTPS connection (1): httpbin.org:443
2021-01-26 13:04:25 connectionpool.py [line:975] DEBUG: Starting new HTTPS connection (1): httpbin.org:443
2021-01-26 13:04:28 connectionpool.py [line:975] DEBUG: Starting new HTTPS connection (1): httpbin.org:443
2021-01-26 13:04:32 httpbin_check.py [line:53] DEBUG: {'ip': '36.66.34.10', 'port': '8080', 'protocol': -1, 'nick_type': -1, 'speed': -1, 'area': 'Indonesia', 'score': 50}
2021-01-26 13:04:32 connectionpool.py [line:231] DEBUG: Starting new HTTP connection (1): 84.22.46.25:8080
2021-01-26 13:04:35 httpbin_check.py [line:53] DEBUG: {'ip': '36.91.188.18', 'port': '80', 'protocol': -1, 'nick_type': -1, 'speed': -1, 'area': '印度尼西亚', 'score': 50}
2021-01-26 13:04:35 connectionpool.py [line:231] DEBUG: Starting new HTTP connection (1): 78.111.97.180:3140
2021-01-26 13:04:36 connectionpool.py [line:975] DEBUG: Starting new HTTPS connection (1): httpbin.org:443
2021-01-26 13:04:38 httpbin_check.py [line:53] DEBUG: {'ip': '60.173.35.156', 'port': '8888', 'protocol': -1, 'nick_type': -1, 'speed': -1, 'area': '安徽省铜陵市', 'score': 50}
2021-01-26 13:04:38 connectionpool.py [line:231] DEBUG: Starting new HTTP connection (1): 223.241.116.158:1133
2021-01-26 13:04:45 connectionpool.py [line:975] DEBUG: Starting new HTTPS connection (1): httpbin.org:443
2021-01-26 13:04:46 httpbin_check.py [line:53] DEBUG: {'ip': '84.22.46.25', 'port': '8080', 'protocol': -1, 'nick_type': -1, 'speed': -1, 'area': 'Serbia', 'score': 50}
2021-01-26 13:04:46 connectionpool.py [line:231] DEBUG: Starting new HTTP connection (1): 103.19.109.186:8088
2021-01-26 13:04:48 connectionpool.py [line:975] DEBUG: Starting new HTTPS connection (1): httpbin.org:443
2021-01-26 13:04:55 httpbin_check.py [line:53] DEBUG: {'ip': '78.111.97.180', 'port': '3140', 'protocol': -1, 'nick_type': -1, 'speed': -1, 'area': '土耳其', 'score': 50}
2021-01-26 13:04:55 connectionpool.py [line:231] DEBUG: Starting new HTTP connection (1): 197.210.164.66:8080
2021-01-26 13:04:56 connectionpool.py [line:975] DEBUG: Starting new HTTPS connection (1): httpbin.org:443
2021-01-26 13:04:58 httpbin_check.py [line:53] DEBUG: {'ip': '223.241.116.158', 'port': '1133', 'protocol': -1, 'nick_type': -1, 'speed': -1, 'area': '安徽省芜湖市', 'score': 50}
2021-01-26 13:04:58 connectionpool.py [line:231] DEBUG: Starting new HTTP connection (1): www.ip3366.net:80
2021-01-26 13:04:58 connectionpool.py [line:461] DEBUG: http://www.ip3366.net:80 "GET /free/?stype=3&page=1 HTTP/1.1" 200 5383
2021-01-26 13:04:59 connectionpool.py [line:231] DEBUG: Starting new HTTP connection (1): 175.212.226.3:80
2021-01-26 13:05:05 connectionpool.py [line:975] DEBUG: Starting new HTTPS connection (1): httpbin.org:443
2021-01-26 13:05:06 httpbin_check.py [line:53] DEBUG: {'ip': '103.19.109.186', 'port': '8088', 'protocol': -1, 'nick_type': -1, 'speed': -1, 'area': 'Indonesia', 'score': 50}
2021-01-26 13:05:06 connectionpool.py [line:231] DEBUG: Starting new HTTP connection (1): 61.90.41.97:8888
2021-01-26 13:05:09 connectionpool.py [line:975] DEBUG: Starting new HTTPS connection (1): httpbin.org:443
2021-01-26 13:05:09 httpbin_check.py [line:53] DEBUG: {'ip': '175.212.226.3', 'port': '80', 'protocol': -1, 'nick_type': -1, 'speed': -1, 'area': '高匿_韩国', 'score': 50}
2021-01-26 13:05:09 connectionpool.py [line:231] DEBUG: Starting new HTTP connection (1): 14.38.255.13:80
2021-01-26 13:05:16 httpbin_check.py [line:53] DEBUG: {'ip': '197.210.164.66', 'port': '8080', 'protocol': -1, 'nick_type': -1, 'speed': -1, 'area': '尼日利亚', 'score': 50}
2021-01-26 13:05:16 connectionpool.py [line:231] DEBUG: Starting new HTTP connection (1): 181.209.97.75:999
2021-01-26 13:05:16 connectionpool.py [line:975] DEBUG: Starting new HTTPS connection (1): httpbin.org:443
2021-01-26 13:05:19 connectionpool.py [line:975] DEBUG: Starting new HTTPS connection (1): httpbin.org:443
2021-01-26 13:05:20 httpbin_check.py [line:53] DEBUG: {'ip': '14.38.255.13', 'port': '80', 'protocol': -1, 'nick_type': -1, 'speed': -1, 'area': '高匿_韩国KT电信', 'score': 50}
2021-01-26 13:05:20 connectionpool.py [line:231] DEBUG: Starting new HTTP connection (1): 160.20.206.199:999
2021-01-26 13:05:26 httpbin_check.py [line:53] DEBUG: {'ip': '61.90.41.97', 'port': '8888', 'protocol': -1, 'nick_type': -1, 'speed': -1, 'area': 'Thailand', 'score': 50}
2021-01-26 13:05:26 connectionpool.py [line:231] DEBUG: Starting new HTTP connection (1): 176.123.129.14:8080
2021-01-26 13:05:28 connectionpool.py [line:975] DEBUG: Starting new HTTPS connection (1): httpbin.org:443
2021-01-26 13:05:30 connectionpool.py [line:975] DEBUG: Starting new HTTPS connection (1): httpbin.org:443
2021-01-26 13:05:31 connectionpool.py [line:975] DEBUG: Starting new HTTPS connection (1): httpbin.org:443
2021-01-26 13:05:34 httpbin_check.py [line:53] DEBUG: {'ip': '176.123.129.14', 'port': '8080', 'protocol': -1, 'nick_type': -1, 'speed': -1, 'area': 'Russian Federation', 'score': 50}
2021-01-26 13:05:34 connectionpool.py [line:231] DEBUG: Starting new HTTP connection (1): 46.39.192.48:8080
2021-01-26 13:05:38 httpbin_check.py [line:53] DEBUG: {'ip': '181.209.97.75', 'port': '999', 'protocol': -1, 'nick_type': -1, 'speed': -1, 'area': '阿根廷', 'score': 50}
2021-01-26 13:05:38 connectionpool.py [line:231] DEBUG: Starting new HTTP connection (1): 78.111.97.182:3142
2021-01-26 13:05:40 httpbin_check.py [line:53] DEBUG: {'ip': '160.20.206.199', 'port': '999', 'protocol': -1, 'nick_type': -1, 'speed': -1, 'area': '高匿_巴西', 'score': 50}
2021-01-26 13:05:40 connectionpool.py [line:231] DEBUG: Starting new HTTP connection (1): 199.188.89.198:8000
2021-01-26 13:05:42 connectionpool.py [line:461] DEBUG: http://199.188.89.198:8000 "GET http://httpbin.org/get HTTP/1.1" 407 3351
2021-01-26 13:05:44 connectionpool.py [line:975] DEBUG: Starting new HTTPS connection (1): httpbin.org:443
2021-01-26 13:05:44 connectionpool.py [line:975] DEBUG: Starting new HTTPS connection (1): httpbin.org:443
2021-01-26 13:05:47 httpbin_check.py [line:53] DEBUG: {'ip': '199.188.89.198', 'port': '8000', 'protocol': -1, 'nick_type': -1, 'speed': -1, 'area': 'SSL高匿_美国', 'score': 50}
2021-01-26 13:05:47 connectionpool.py [line:231] DEBUG: Starting new HTTP connection (1): 192.154.244.121:8000
2021-01-26 13:05:50 connectionpool.py [line:975] DEBUG: Starting new HTTPS connection (1): httpbin.org:443
2021-01-26 13:05:50 connectionpool.py [line:461] DEBUG: http://192.154.244.121:8000 "GET http://httpbin.org/get HTTP/1.1" 407 3350
2021-01-26 13:05:50 connectionpool.py [line:975] DEBUG: Starting new HTTPS connection (1): httpbin.org:443
2021-01-26 13:05:54 httpbin_check.py [line:53] DEBUG: {'ip': '46.39.192.48', 'port': '8080', 'protocol': -1, 'nick_type': -1, 'speed': -1, 'area': 'Spain', 'score': 50}
2021-01-26 13:05:54 connectionpool.py [line:231] DEBUG: Starting new HTTP connection (1): 103.247.101.102:8080
2021-01-26 13:05:57 httpbin_check.py [line:53] DEBUG: {'ip': '192.154.244.121', 'port': '8000', 'protocol': -1, 'nick_type': -1, 'speed': -1, 'area': 'SSL高匿_美国', 'score': 50}
2021-01-26 13:05:57 connectionpool.py [line:231] DEBUG: Starting new HTTP connection (1): 170.79.88.113:999
2021-01-26 13:06:00 httpbin_check.py [line:53] DEBUG: {'ip': '78.111.97.182', 'port': '3142', 'protocol': -1, 'nick_type': -1, 'speed': -1, 'area': '土耳其', 'score': 50}
2021-01-26 13:06:00 connectionpool.py [line:231] DEBUG: Starting new HTTP connection (1): 154.72.197.106:42113
2021-01-26 13:06:04 connectionpool.py [line:975] DEBUG: Starting new HTTPS connection (1): httpbin.org:443
2021-01-26 13:06:07 connectionpool.py [line:975] DEBUG: Starting new HTTPS connection (1): httpbin.org:443
2021-01-26 13:06:10 connectionpool.py [line:975] DEBUG: Starting new HTTPS connection (1): httpbin.org:443
2021-01-26 13:06:14 httpbin_check.py [line:53] DEBUG: {'ip': '103.247.101.102', 'port': '8080', 'protocol': -1, 'nick_type': -1, 'speed': -1, 'area': 'Indonesia', 'score': 50}
2021-01-26 13:06:14 connectionpool.py [line:231] DEBUG: Starting new HTTP connection (1): 103.4.66.45:8080
2021-01-26 13:06:17 httpbin_check.py [line:53] DEBUG: {'ip': '170.79.88.113', 'port': '999', 'protocol': -1, 'nick_type': -1, 'speed': -1, 'area': 'SSL高匿_哥伦比亚', 'score': 50}
2021-01-26 13:06:17 connectionpool.py [line:231] DEBUG: Starting new HTTP connection (1): 139.162.11.199:8000
2021-01-26 13:06:20 httpbin_check.py [line:53] DEBUG: {'ip': '154.72.197.106', 'port': '42113', 'protocol': -1, 'nick_type': -1, 'speed': -1, 'area': '非洲', 'score': 50}
2021-01-26 13:06:20 connectionpool.py [line:231] DEBUG: Starting new HTTP connection (1): www.66ip.cn:80
2021-01-26 13:06:20 connectionpool.py [line:461] DEBUG: http://www.66ip.cn:80 "GET /3.html HTTP/1.1" 200 9242
2021-01-26 13:06:20 connectionpool.py [line:231] DEBUG: Starting new HTTP connection (1): 78.81.245.153:8080
2021-01-26 13:06:24 connectionpool.py [line:975] DEBUG: Starting new HTTPS connection (1): httpbin.org:443
2021-01-26 13:06:28 connectionpool.py [line:975] DEBUG: Starting new HTTPS connection (1): httpbin.org:443
2021-01-26 13:06:30 connectionpool.py [line:975] DEBUG: Starting new HTTPS connection (1): httpbin.org:443
2021-01-26 13:06:34 httpbin_check.py [line:53] DEBUG: {'ip': '103.4.66.45', 'port': '8080', 'protocol': -1, 'nick_type': -1, 'speed': -1, 'area': 'Bangladesh', 'score': 50}
2021-01-26 13:06:34 connectionpool.py [line:231] DEBUG: Starting new HTTP connection (1): 202.56.160.110:8080
2021-01-26 13:06:40 httpbin_check.py [line:53] DEBUG: {'ip': '78.81.245.153', 'port': '8080', 'protocol': -1, 'nick_type': -1, 'speed': -1, 'area': '俄罗斯', 'score': 50}
2021-01-26 13:06:40 connectionpool.py [line:231] DEBUG: Starting new HTTP connection (1): 195.154.173.28:80
2021-01-26 13:06:41 httpbin_check.py [line:53] DEBUG: {'ip': '139.162.11.199', 'port': '8000', 'protocol': -1, 'nick_type': -1, 'speed': -1, 'area': '高匿_新加坡', 'score': 50}
2021-01-26 13:06:41 connectionpool.py [line:231] DEBUG: Starting new HTTP connection (1): 177.43.37.108:3128
2021-01-26 13:06:44 connectionpool.py [line:461] DEBUG: http://177.43.37.108:3128 "GET http://httpbin.org/get HTTP/1.1" 404 680
2021-01-26 13:06:44 connectionpool.py [line:975] DEBUG: Starting new HTTPS connection (1): httpbin.org:443
2021-01-26 13:06:44 connectionpool.py [line:975] DEBUG: Starting new HTTPS connection (1): httpbin.org:443
2021-01-26 13:06:50 connectionpool.py [line:975] DEBUG: Starting new HTTPS connection (1): httpbin.org:443
2021-01-26 13:06:54 httpbin_check.py [line:53] DEBUG: {'ip': '202.56.160.110', 'port': '8080', 'protocol': -1, 'nick_type': -1, 'speed': -1, 'area': 'Indonesia', 'score': 50}
2021-01-26 13:06:54 connectionpool.py [line:231] DEBUG: Starting new HTTP connection (1): 78.189.178.224:80
2021-01-26 13:06:55 httpbin_check.py [line:53] DEBUG: {'ip': '177.43.37.108', 'port': '3128', 'protocol': -1, 'nick_type': -1, 'speed': -1, 'area': '高匿_巴西', 'score': 50}
2021-01-26 13:06:55 connectionpool.py [line:231] DEBUG: Starting new HTTP connection (1): 167.172.60.250:80
2021-01-26 13:06:58 connectionpool.py [line:975] DEBUG: Starting new HTTPS connection (1): httpbin.org:443
2021-01-26 13:07:00 httpbin_check.py [line:53] DEBUG: {'ip': '195.154.173.28', 'port': '80', 'protocol': -1, 'nick_type': -1, 'speed': -1, 'area': '法国', 'score': 50}
2021-01-26 13:07:00 connectionpool.py [line:231] DEBUG: Starting new HTTP connection (1): 115.221.241.140:9999
2021-01-26 13:07:02 httpbin_check.py [line:53] DEBUG: {'ip': '167.172.60.250', 'port': '80', 'protocol': -1, 'nick_type': -1, 'speed': -1, 'area': 'SSL高匿_英国', 'score': 50}
2021-01-26 13:07:02 connectionpool.py [line:231] DEBUG: Starting new HTTP connection (1): 116.203.144.41:3128
2021-01-26 13:07:04 connectionpool.py [line:975] DEBUG: Starting new HTTPS connection (1): httpbin.org:443
2021-01-26 13:07:10 connectionpool.py [line:975] DEBUG: Starting new HTTPS connection (1): httpbin.org:443
2021-01-26 13:07:14 httpbin_check.py [line:53] DEBUG: {'ip': '78.189.178.224', 'port': '80', 'protocol': -1, 'nick_type': -1, 'speed': -1, 'area': 'Turkey', 'score': 50}
2021-01-26 13:07:14 connectionpool.py [line:231] DEBUG: Starting new HTTP connection (1): 186.19.175.6:3128
2021-01-26 13:07:19 connectionpool.py [line:975] DEBUG: Starting new HTTPS connection (1): httpbin.org:443
2021-01-26 13:07:19 connectionpool.py [line:975] DEBUG: Starting new HTTPS connection (1): httpbin.org:443
2021-01-26 13:07:20 httpbin_check.py [line:53] DEBUG: {'ip': '115.221.241.140', 'port': '9999', 'protocol': -1, 'nick_type': -1, 'speed': -1, 'area': '浙江省温州市', 'score': 50}
2021-01-26 13:07:20 connectionpool.py [line:231] DEBUG: Starting new HTTP connection (1): 183.166.132.106:9999
2021-01-26 13:07:23 httpbin_check.py [line:53] DEBUG: {'ip': '186.19.175.6', 'port': '3128', 'protocol': -1, 'nick_type': -1, 'speed': -1, 'area': 'Argentina', 'score': 50}
2021-01-26 13:07:23 connectionpool.py [line:231] DEBUG: Starting new HTTP connection (1): 103.246.1.101:8080
2021-01-26 13:07:30 connectionpool.py [line:975] DEBUG: Starting new HTTPS connection (1): httpbin.org:443
2021-01-26 13:07:30 httpbin_check.py [line:53] DEBUG: {'ip': '116.203.144.41', 'port': '3128', 'protocol': -1, 'nick_type': -1, 'speed': -1, 'area': '高匿_德国Hetzner', 'score': 50}
2021-01-26 13:07:30 connectionpool.py [line:231] DEBUG: Starting new HTTP connection (1): 181.10.160.156:8080
2021-01-26 13:07:33 connectionpool.py [line:975] DEBUG: Starting new HTTPS connection (1): httpbin.org:443
2021-01-26 13:07:40 httpbin_check.py [line:53] DEBUG: {'ip': '183.166.132.106', 'port': '9999', 'protocol': -1, 'nick_type': -1, 'speed': -1, 'area': '安徽省黄山市', 'score': 50}
2021-01-26 13:07:40 connectionpool.py [line:231] DEBUG: Starting new HTTP connection (1): 201.20.39.235:8080
2021-01-26 13:07:40 connectionpool.py [line:975] DEBUG: Starting new HTTPS connection (1): httpbin.org:443
2021-01-26 13:07:43 httpbin_check.py [line:53] DEBUG: {'ip': '103.246.1.101', 'port': '8080', 'protocol': -1, 'nick_type': -1, 'speed': -1, 'area': 'Indonesia', 'score': 50}
2021-01-26 13:07:43 connectionpool.py [line:231] DEBUG: Starting new HTTP connection (1): 119.18.153.18:8080
2021-01-26 13:07:50 connectionpool.py [line:975] DEBUG: Starting new HTTPS connection (1): httpbin.org:443
2021-01-26 13:07:52 httpbin_check.py [line:53] DEBUG: {'ip': '181.10.160.156', 'port': '8080', 'protocol': -1, 'nick_type': -1, 'speed': -1, 'area': 'SSL高匿_阿根廷', 'score': 50}
2021-01-26 13:07:52 connectionpool.py [line:231] DEBUG: Starting new HTTP connection (1): 2.186.116.154:8080
2021-01-26 13:07:52 connectionpool.py [line:975] DEBUG: Starting new HTTPS connection (1): httpbin.org:443
2021-01-26 13:08:00 httpbin_check.py [line:53] DEBUG: {'ip': '119.18.153.18', 'port': '8080', 'protocol': -1, 'nick_type': -1, 'speed': -1, 'area': 'Indonesia', 'score': 50}
2021-01-26 13:08:00 connectionpool.py [line:231] DEBUG: Starting new HTTP connection (1): 125.209.73.57:8080
2021-01-26 13:08:02 connectionpool.py [line:975] DEBUG: Starting new HTTPS connection (1): httpbin.org:443
2021-01-26 13:08:02 httpbin_check.py [line:53] DEBUG: {'ip': '201.20.39.235', 'port': '8080', 'protocol': -1, 'nick_type': -1, 'speed': -1, 'area': '巴西', 'score': 50}
2021-01-26 13:08:02 connectionpool.py [line:231] DEBUG: Starting new HTTP connection (1): 175.43.35.49:9999
2021-01-26 13:08:07 connectionpool.py [line:975] DEBUG: Starting new HTTPS connection (1): httpbin.org:443
2021-01-26 13:08:12 connectionpool.py [line:975] DEBUG: Starting new HTTPS connection (1): httpbin.org:443
2021-01-26 13:08:13 httpbin_check.py [line:53] DEBUG: {'ip': '2.186.116.154', 'port': '8080', 'protocol': -1, 'nick_type': -1, 'speed': -1, 'area': 'SSL高匿_伊朗', 'score': 50}
2021-01-26 13:08:13 connectionpool.py [line:231] DEBUG: Starting new HTTP connection (1): 159.65.133.10:80
2021-01-26 13:08:17 httpbin_check.py [line:53] DEBUG: {'ip': '125.209.73.57', 'port': '8080', 'protocol': -1, 'nick_type': -1, 'speed': -1, 'area': 'Pakistan', 'score': 50}
2021-01-26 13:08:17 connectionpool.py [line:231] DEBUG: Starting new HTTP connection (1): 186.101.113.234:8080
2021-01-26 13:08:22 httpbin_check.py [line:53] DEBUG: {'ip': '175.43.35.49', 'port': '9999', 'protocol': -1, 'nick_type': -1, 'speed': -1, 'area': '福建省泉州市', 'score': 50}
2021-01-26 13:08:22 connectionpool.py [line:231] DEBUG: Starting new HTTP connection (1): 112.111.217.84:9999
2021-01-26 13:08:23 connectionpool.py [line:975] DEBUG: Starting new HTTPS connection (1): httpbin.org:443
2021-01-26 13:08:27 connectionpool.py [line:975] DEBUG: Starting new HTTPS connection (1): httpbin.org:443
2021-01-26 13:08:32 connectionpool.py [line:975] DEBUG: Starting new HTTPS connection (1): httpbin.org:443
2021-01-26 13:08:33 httpbin_check.py [line:53] DEBUG: {'ip': '159.65.133.10', 'port': '80', 'protocol': -1, 'nick_type': -1, 'speed': -1, 'area': '高匿_新加坡', 'score': 50}
2021-01-26 13:08:33 connectionpool.py [line:231] DEBUG: Starting new HTTP connection (1): 170.238.102.162:8080
2021-01-26 13:08:37 httpbin_check.py [line:53] DEBUG: {'ip': '186.101.113.234', 'port': '8080', 'protocol': -1, 'nick_type': -1, 'speed': -1, 'area': 'Ecuador', 'score': 50}
2021-01-26 13:08:37 connectionpool.py [line:231] DEBUG: Starting new HTTP connection (1): 36.66.242.10:8080
2021-01-26 13:08:42 httpbin_check.py [line:53] DEBUG: {'ip': '112.111.217.84', 'port': '9999', 'protocol': -1, 'nick_type': -1, 'speed': -1, 'area': '福建省宁德市', 'score': 50}
2021-01-26 13:08:42 connectionpool.py [line:231] DEBUG: Starting new HTTP connection (1): 183.166.96.146:9999
2021-01-26 13:08:43 connectionpool.py [line:975] DEBUG: Starting new HTTPS connection (1): httpbin.org:443
2021-01-26 13:08:47 connectionpool.py [line:975] DEBUG: Starting new HTTPS connection (1): httpbin.org:443
2021-01-26 13:08:52 connectionpool.py [line:975] DEBUG: Starting new HTTPS connection (1): httpbin.org:443
2021-01-26 13:08:57 httpbin_check.py [line:53] DEBUG: {'ip': '36.66.242.10', 'port': '8080', 'protocol': -1, 'nick_type': -1, 'speed': -1, 'area': 'Indonesia', 'score': 50}
2021-01-26 13:08:57 connectionpool.py [line:231] DEBUG: Starting new HTTP connection (1): 180.250.100.66:3128
2021-01-26 13:08:58 httpbin_check.py [line:53] DEBUG: {'ip': '170.238.102.162', 'port': '8080', 'protocol': -1, 'nick_type': -1, 'speed': -1, 'area': 'SSL高匿_巴西', 'score': 50}
2021-01-26 13:08:58 connectionpool.py [line:231] DEBUG: Starting new HTTP connection (1): 203.150.128.217:8080
2021-01-26 13:09:02 httpbin_check.py [line:53] DEBUG: {'ip': '183.166.96.146', 'port': '9999', 'protocol': -1, 'nick_type': -1, 'speed': -1, 'area': '安徽省淮南市', 'score': 50}
2021-01-26 13:09:02 connectionpool.py [line:231] DEBUG: Starting new HTTP connection (1): 60.167.82.190:1133
2021-01-26 13:09:07 connectionpool.py [line:975] DEBUG: Starting new HTTPS connection (1): httpbin.org:443
2021-01-26 13:09:08 connectionpool.py [line:975] DEBUG: Starting new HTTPS connection (1): httpbin.org:443
2021-01-26 13:09:12 connectionpool.py [line:975] DEBUG: Starting new HTTPS connection (1): httpbin.org:443
2021-01-26 13:09:17 httpbin_check.py [line:53] DEBUG: {'ip': '180.250.100.66', 'port': '3128', 'protocol': -1, 'nick_type': -1, 'speed': -1, 'area': 'Indonesia', 'score': 50}
2021-01-26 13:09:17 connectionpool.py [line:231] DEBUG: Starting new HTTP connection (1): 94.154.222.95:8080
2021-01-26 13:09:18 httpbin_check.py [line:53] DEBUG: {'ip': '203.150.128.217', 'port': '8080', 'protocol': -1, 'nick_type': -1, 'speed': -1, 'area': '泰国', 'score': 50}
2021-01-26 13:09:18 connectionpool.py [line:231] DEBUG: Starting new HTTP connection (1): www.ip3366.net:80
2021-01-26 13:09:19 connectionpool.py [line:461] DEBUG: http://www.ip3366.net:80 "GET /free/?stype=1&page=2 HTTP/1.1" 200 5481
2021-01-26 13:09:19 connectionpool.py [line:231] DEBUG: Starting new HTTP connection (1): 61.145.8.146:9999
2021-01-26 13:09:22 httpbin_check.py [line:53] DEBUG: {'ip': '60.167.82.190', 'port': '1133', 'protocol': -1, 'nick_type': -1, 'speed': -1, 'area': '安徽省芜湖市鸠江区', 'score': 50}
2021-01-26 13:09:22 connectionpool.py [line:231] DEBUG: Starting new HTTP connection (1): 194.61.139.135:8080
2021-01-26 13:09:27 connectionpool.py [line:975] DEBUG: Starting new HTTPS connection (1): httpbin.org:443
2021-01-26 13:09:29 connectionpool.py [line:975] DEBUG: Starting new HTTPS connection (1): httpbin.org:443
2021-01-26 13:09:31 connectionpool.py [line:461] DEBUG: http://194.61.139.135:8080 "GET http://httpbin.org/get HTTP/1.1" 200 449
2021-01-26 13:09:31 connectionpool.py [line:975] DEBUG: Starting new HTTPS connection (1): httpbin.org:443
2021-01-26 13:09:37 httpbin_check.py [line:53] DEBUG: {'ip': '94.154.222.95', 'port': '8080', 'protocol': -1, 'nick_type': -1, 'speed': -1, 'area': 'Ukraine', 'score': 50}
2021-01-26 13:09:37 connectionpool.py [line:231] DEBUG: Starting new HTTP connection (1): 80.188.135.10:8080
2021-01-26 13:09:39 httpbin_check.py [line:53] DEBUG: {'ip': '61.145.8.146', 'port': '9999', 'protocol': -1, 'nick_type': -1, 'speed': -1, 'area': '广东省江门市', 'score': 50}
2021-01-26 13:09:39 connectionpool.py [line:231] DEBUG: Starting new HTTP connection (1): 222.189.190.6:9999
2021-01-26 13:09:41 httpbin_check.py [line:53] DEBUG: {'ip': '194.61.139.135', 'port': '8080', 'protocol': 0, 'nick_type': 2, 'speed': 8.93, 'area': '英国', 'score': 50}
2021-01-26 13:09:47 connectionpool.py [line:975] DEBUG: Starting new HTTPS connection (1): httpbin.org:443
2021-01-26 13:09:49 connectionpool.py [line:975] DEBUG: Starting new HTTPS connection (1): httpbin.org:443
2021-01-26 13:09:57 httpbin_check.py [line:53] DEBUG: {'ip': '80.188.135.10', 'port': '8080', 'protocol': -1, 'nick_type': -1, 'speed': -1, 'area': 'Czech Republic', 'score': 50}
2021-01-26 13:09:57 connectionpool.py [line:231] DEBUG: Starting new HTTP connection (1): 83.241.46.175:8080
2021-01-26 13:09:59 httpbin_check.py [line:53] DEBUG: {'ip': '222.189.190.6', 'port': '9999', 'protocol': -1, 'nick_type': -1, 'speed': -1, 'area': '高匿_江苏省扬州市电信', 'score': 50}
2021-01-26 13:09:59 connectionpool.py [line:231] DEBUG: Starting new HTTP connection (1): 60.169.241.118:9999
2021-01-26 13:10:05 run_crawler.py [line:47] ERROR: (0, '')
Traceback (most recent call last):
  File "D:\Learning software\Python\lib\site-packages\pymysql\connections.py", line 732, in _read_bytes
    data = self._rfile.read(num_bytes)
  File "D:\Learning software\Python\lib\socket.py", line 589, in readinto
    return self._sock.recv_into(b)
  File "D:\Learning software\Python\lib\site-packages\gevent\_socketcommon.py", line 688, in recv_into
    return self._sock.recv_into(*args)
ConnectionResetError: [WinError 10054] 远程主机强迫关闭了一个现有的连接。

During handling of the above exception, another exception occurred:

Traceback (most recent call last):
  File "C:\Users\1234\PycharmProjects\domin\db\mysql_pool.py", line 28, in insert
    self.cursor.execute(sql)
  File "D:\Learning software\Python\lib\site-packages\pymysql\cursors.py", line 148, in execute
    result = self._query(query)
  File "D:\Learning software\Python\lib\site-packages\pymysql\cursors.py", line 310, in _query
    conn.query(q)
  File "D:\Learning software\Python\lib\site-packages\pymysql\connections.py", line 548, in query
    self._affected_rows = self._read_query_result(unbuffered=unbuffered)
  File "D:\Learning software\Python\lib\site-packages\pymysql\connections.py", line 775, in _read_query_result
    result.read()
  File "D:\Learning software\Python\lib\site-packages\pymysql\connections.py", line 1156, in read
    first_packet = self.connection._read_packet()
  File "D:\Learning software\Python\lib\site-packages\pymysql\connections.py", line 692, in _read_packet
    packet_header = self._read_bytes(4)
  File "D:\Learning software\Python\lib\site-packages\pymysql\connections.py", line 740, in _read_bytes
    "Lost connection to MySQL server during query (%s)" % (e,),
pymysql.err.OperationalError: (2013, 'Lost connection to MySQL server during query ([WinError 10054] 远程主机强迫关闭了一个现有的连接。)')

During handling of the above exception, another exception occurred:

Traceback (most recent call last):
  File "C:\Users\1234\PycharmProjects\domin\ip_agent_pool\core\ip_crawler\run_crawler.py", line 45, in __run_one_crawler
    self.ip_pool.insert(proxy)
  File "C:\Users\1234\PycharmProjects\domin\db\mysql_pool.py", line 32, in insert
    self.db.rollback()
  File "D:\Learning software\Python\lib\site-packages\pymysql\connections.py", line 479, in rollback
    self._execute_command(COMMAND.COM_QUERY, "ROLLBACK")
  File "D:\Learning software\Python\lib\site-packages\pymysql\connections.py", line 793, in _execute_command
    raise err.InterfaceError(0, "")
pymysql.err.InterfaceError: (0, '')
2021-01-26 13:10:05 run_crawler.py [line:48] ERROR: 爬虫<ip_agent_pool.core.ip_crawler.ipweb_crawler.Ip66Crawler object at 0x0000021A3C8A0C50> 出现错误
Traceback (most recent call last):
  File "D:\Learning software\Python\lib\site-packages\pymysql\connections.py", line 732, in _read_bytes
    data = self._rfile.read(num_bytes)
  File "D:\Learning software\Python\lib\socket.py", line 589, in readinto
    return self._sock.recv_into(b)
  File "D:\Learning software\Python\lib\site-packages\gevent\_socketcommon.py", line 688, in recv_into
    return self._sock.recv_into(*args)
ConnectionResetError: [WinError 10054] 远程主机强迫关闭了一个现有的连接。

During handling of the above exception, another exception occurred:

Traceback (most recent call last):
  File "C:\Users\1234\PycharmProjects\domin\db\mysql_pool.py", line 28, in insert
    self.cursor.execute(sql)
  File "D:\Learning software\Python\lib\site-packages\pymysql\cursors.py", line 148, in execute
    result = self._query(query)
  File "D:\Learning software\Python\lib\site-packages\pymysql\cursors.py", line 310, in _query
    conn.query(q)
  File "D:\Learning software\Python\lib\site-packages\pymysql\connections.py", line 548, in query
    self._affected_rows = self._read_query_result(unbuffered=unbuffered)
  File "D:\Learning software\Python\lib\site-packages\pymysql\connections.py", line 775, in _read_query_result
    result.read()
  File "D:\Learning software\Python\lib\site-packages\pymysql\connections.py", line 1156, in read
    first_packet = self.connection._read_packet()
  File "D:\Learning software\Python\lib\site-packages\pymysql\connections.py", line 692, in _read_packet
    packet_header = self._read_bytes(4)
  File "D:\Learning software\Python\lib\site-packages\pymysql\connections.py", line 740, in _read_bytes
    "Lost connection to MySQL server during query (%s)" % (e,),
pymysql.err.OperationalError: (2013, 'Lost connection to MySQL server during query ([WinError 10054] 远程主机强迫关闭了一个现有的连接。)')

During handling of the above exception, another exception occurred:

Traceback (most recent call last):
  File "C:\Users\1234\PycharmProjects\domin\ip_agent_pool\core\ip_crawler\run_crawler.py", line 45, in __run_one_crawler
    self.ip_pool.insert(proxy)
  File "C:\Users\1234\PycharmProjects\domin\db\mysql_pool.py", line 32, in insert
    self.db.rollback()
  File "D:\Learning software\Python\lib\site-packages\pymysql\connections.py", line 479, in rollback
    self._execute_command(COMMAND.COM_QUERY, "ROLLBACK")
  File "D:\Learning software\Python\lib\site-packages\pymysql\connections.py", line 793, in _execute_command
    raise err.InterfaceError(0, "")
pymysql.err.InterfaceError: (0, '')
2021-01-26 13:10:07 connectionpool.py [line:975] DEBUG: Starting new HTTPS connection (1): httpbin.org:443
2021-01-26 13:10:09 connectionpool.py [line:975] DEBUG: Starting new HTTPS connection (1): httpbin.org:443
2021-01-26 13:10:17 httpbin_check.py [line:53] DEBUG: {'ip': '83.241.46.175', 'port': '8080', 'protocol': -1, 'nick_type': -1, 'speed': -1, 'area': 'Latvia', 'score': 50}
2021-01-26 13:10:17 connectionpool.py [line:231] DEBUG: Starting new HTTP connection (1): 104.236.156.162:80
2021-01-26 13:10:19 httpbin_check.py [line:53] DEBUG: {'ip': '60.169.241.118', 'port': '9999', 'protocol': -1, 'nick_type': -1, 'speed': -1, 'area': '高匿_安徽省芜湖市电信', 'score': 50}
2021-01-26 13:10:19 connectionpool.py [line:231] DEBUG: Starting new HTTP connection (1): 27.43.186.237:9999
2021-01-26 13:10:27 connectionpool.py [line:975] DEBUG: Starting new HTTPS connection (1): httpbin.org:443
