2021-02-04 13:39:47 _internal.py [line:113] INFO:  * Running on http://0.0.0.0:6868/ (Press CTRL+C to quit)
2021-02-04 13:39:50 mysql_pool.py [line:128] INFO: 修改代理成功:{'ip': '14.97.2.106', 'port': 80, 'protocol': 0, 'nick_type': 0, 'speed': 1.45, 'area': '高匿_印度', 'score': 50}
2021-02-04 13:40:00 mysql_pool.py [line:128] INFO: 修改代理成功:{'ip': '181.143.17.35', 'port': 3128, 'protocol': -1, 'nick_type': -1, 'speed': -1, 'area': '高匿_哥伦比亚', 'score': 45}
2021-02-04 13:40:01 mysql_pool.py [line:128] INFO: 修改代理成功:{'ip': '116.68.254.94', 'port': 8089, 'protocol': 0, 'nick_type': 2, 'speed': 3.62, 'area': '印度尼西亚', 'score': 50}
2021-02-04 13:40:07 mysql_pool.py [line:128] INFO: 修改代理成功:{'ip': '103.80.83.48', 'port': 3127, 'protocol': -1, 'nick_type': -1, 'speed': -1, 'area': '亚太地区', 'score': 43}
2021-02-04 13:40:07 mysql_pool.py [line:128] INFO: 修改代理成功:{'ip': '115.221.241.140', 'port': 9999, 'protocol': -1, 'nick_type': -1, 'speed': -1, 'area': '浙江省温州市', 'score': 43}
2021-02-04 13:40:07 mysql_pool.py [line:128] INFO: 修改代理成功:{'ip': '183.89.198.132', 'port': 8080, 'protocol': -1, 'nick_type': -1, 'speed': -1, 'area': '高匿_泰国', 'score': 48}
2021-02-04 13:40:07 mysql_pool.py [line:128] INFO: 修改代理成功:{'ip': '186.91.187.166', 'port': 8080, 'protocol': -1, 'nick_type': -1, 'speed': -1, 'area': '委内瑞拉', 'score': 48}
2021-02-04 13:40:07 mysql_pool.py [line:128] INFO: 修改代理成功:{'ip': '186.91.91.90', 'port': 8080, 'protocol': -1, 'nick_type': -1, 'speed': -1, 'area': 'SSL高匿_委内瑞拉', 'score': 46}
2021-02-04 13:40:10 mysql_pool.py [line:128] INFO: 修改代理成功:{'ip': '154.72.197.106', 'port': 42113, 'protocol': -1, 'nick_type': -1, 'speed': -1, 'area': '非洲', 'score': 48}
2021-02-04 13:40:11 mysql_pool.py [line:128] INFO: 修改代理成功:{'ip': '187.111.160.8', 'port': 42579, 'protocol': -1, 'nick_type': -1, 'speed': -1, 'area': '巴西', 'score': 49}
2021-02-04 13:40:12 mysql_pool.py [line:128] INFO: 修改代理成功:{'ip': '191.101.39.118', 'port': 80, 'protocol': -1, 'nick_type': -1, 'speed': -1, 'area': '柬埔寨', 'score': 48}
2021-02-04 13:40:14 mysql_pool.py [line:128] INFO: 修改代理成功:{'ip': '116.68.249.228', 'port': 8089, 'protocol': -1, 'nick_type': -1, 'speed': -1, 'area': '印度尼西亚', 'score': 49}
2021-02-04 13:40:20 mysql_pool.py [line:128] INFO: 修改代理成功:{'ip': '190.207.39.168', 'port': 8080, 'protocol': -1, 'nick_type': -1, 'speed': -1, 'area': 'SSL高匿_委内瑞拉', 'score': 48}
2021-02-04 13:41:09 _internal.py [line:113] INFO:  * Running on http://0.0.0.0:6868/ (Press CTRL+C to quit)
2021-02-04 13:41:11 mysql_pool.py [line:128] INFO: 修改代理成功:{'ip': '14.97.2.106', 'port': 80, 'protocol': 0, 'nick_type': 0, 'speed': 1.37, 'area': '高匿_印度', 'score': 50}
2021-02-04 13:41:19 mysql_pool.py [line:128] INFO: 修改代理成功:{'ip': '181.143.17.35', 'port': 3128, 'protocol': -1, 'nick_type': -1, 'speed': -1, 'area': '高匿_哥伦比亚', 'score': 44}
2021-02-04 13:41:23 mysql_pool.py [line:128] INFO: 修改代理成功:{'ip': '186.91.187.166', 'port': 8080, 'protocol': -1, 'nick_type': -1, 'speed': -1, 'area': '委内瑞拉', 'score': 47}
2021-02-04 13:41:27 mysql_pool.py [line:128] INFO: 修改代理成功:{'ip': '116.68.254.94', 'port': 8089, 'protocol': 0, 'nick_type': 2, 'speed': 14.02, 'area': '印度尼西亚', 'score': 50}
2021-02-04 13:41:29 mysql_pool.py [line:128] INFO: 修改代理成功:{'ip': '103.80.83.48', 'port': 3127, 'protocol': -1, 'nick_type': -1, 'speed': -1, 'area': '亚太地区', 'score': 42}
2021-02-04 13:41:29 mysql_pool.py [line:128] INFO: 修改代理成功:{'ip': '116.68.249.228', 'port': 8089, 'protocol': -1, 'nick_type': -1, 'speed': -1, 'area': '印度尼西亚', 'score': 48}
2021-02-04 13:41:29 mysql_pool.py [line:128] INFO: 修改代理成功:{'ip': '115.221.241.140', 'port': 9999, 'protocol': -1, 'nick_type': -1, 'speed': -1, 'area': '浙江省温州市', 'score': 42}
2021-02-04 13:41:29 mysql_pool.py [line:128] INFO: 修改代理成功:{'ip': '154.72.197.106', 'port': 42113, 'protocol': -1, 'nick_type': -1, 'speed': -1, 'area': '非洲', 'score': 47}
2021-02-04 13:41:29 mysql_pool.py [line:128] INFO: 修改代理成功:{'ip': '183.89.198.132', 'port': 8080, 'protocol': -1, 'nick_type': -1, 'speed': -1, 'area': '高匿_泰国', 'score': 47}
2021-02-04 13:41:29 mysql_pool.py [line:128] INFO: 修改代理成功:{'ip': '186.91.91.90', 'port': 8080, 'protocol': -1, 'nick_type': -1, 'speed': -1, 'area': 'SSL高匿_委内瑞拉', 'score': 45}
2021-02-04 13:41:30 mysql_pool.py [line:128] INFO: 修改代理成功:{'ip': '195.154.173.28', 'port': 80, 'protocol': 0, 'nick_type': 0, 'speed': 0.66, 'area': '法国', 'score': 50}
2021-02-04 13:41:31 mysql_pool.py [line:128] INFO: 修改代理成功:{'ip': '187.111.160.8', 'port': 42579, 'protocol': -1, 'nick_type': -1, 'speed': -1, 'area': '巴西', 'score': 48}
2021-02-04 13:41:34 mysql_pool.py [line:128] INFO: 修改代理成功:{'ip': '191.101.39.118', 'port': 80, 'protocol': -1, 'nick_type': -1, 'speed': -1, 'area': '柬埔寨', 'score': 47}
2021-02-04 13:41:39 mysql_pool.py [line:128] INFO: 修改代理成功:{'ip': '190.207.39.168', 'port': 8080, 'protocol': -1, 'nick_type': -1, 'speed': -1, 'area': 'SSL高匿_委内瑞拉', 'score': 47}
2021-02-04 13:41:45 mysql_pool.py [line:128] INFO: 修改代理成功:{'ip': '78.111.97.180', 'port': 3140, 'protocol': -1, 'nick_type': -1, 'speed': -1, 'area': '土耳其', 'score': 44}
2021-02-04 13:41:45 mysql_pool.py [line:128] INFO: 修改代理成功:{'ip': '216.58.163.118', 'port': 80, 'protocol': 0, 'nick_type': 0, 'speed': 5.56, 'area': '美国', 'score': 50}
2021-02-04 13:41:47 mysql_pool.py [line:128] INFO: 修改代理成功:{'ip': '191.243.217.1', 'port': 53281, 'protocol': -1, 'nick_type': -1, 'speed': -1, 'area': '拉美地区', 'score': 48}
2021-02-04 13:41:49 mysql_pool.py [line:128] INFO: 修改代理成功:{'ip': '197.210.164.66', 'port': 8080, 'protocol': -1, 'nick_type': -1, 'speed': -1, 'area': '尼日利亚', 'score': 48}
2021-02-04 13:41:51 mysql_pool.py [line:128] INFO: 修改代理成功:{'ip': '91.224.182.49', 'port': 8080, 'protocol': -1, 'nick_type': -1, 'speed': -1, 'area': '俄罗斯', 'score': 41}
2021-02-04 13:45:00 mysql_pool.py [line:37] INFO: 插入新的代理:{'ip': '154.113.19.30', 'port': '8080', 'protocol': 0, 'nick_type': 2, 'speed': 5.39, 'area': '非洲', 'score': 50}
2021-04-17 16:57:54 _internal.py [line:113] INFO:  * Running on http://0.0.0.0:6868/ (Press CTRL+C to quit)
2021-04-17 16:57:58 mysql_pool.py [line:128] INFO: 修改代理成功:{'ip': '115.221.241.140', 'port': 9999, 'protocol': -1, 'nick_type': -1, 'speed': -1, 'area': '浙江省温州市', 'score': 41}
2021-04-17 16:58:00 mysql_pool.py [line:128] INFO: 修改代理成功:{'ip': '183.89.198.132', 'port': 8080, 'protocol': -1, 'nick_type': -1, 'speed': -1, 'area': '高匿_泰国', 'score': 46}
2021-04-17 16:58:12 mysql_pool.py [line:128] INFO: 修改代理成功:{'ip': '14.97.2.106', 'port': 80, 'protocol': -1, 'nick_type': -1, 'speed': -1, 'area': '高匿_印度', 'score': 49}
2021-04-17 16:58:14 mysql_pool.py [line:128] INFO: 修改代理成功:{'ip': '116.68.249.228', 'port': 8089, 'protocol': -1, 'nick_type': -1, 'speed': -1, 'area': '印度尼西亚', 'score': 47}
2021-04-17 16:58:14 mysql_pool.py [line:128] INFO: 修改代理成功:{'ip': '116.68.254.94', 'port': 8089, 'protocol': -1, 'nick_type': -1, 'speed': -1, 'area': '印度尼西亚', 'score': 49}
2021-04-17 16:58:16 mysql_pool.py [line:128] INFO: 修改代理成功:{'ip': '103.80.83.48', 'port': 3127, 'protocol': -1, 'nick_type': -1, 'speed': -1, 'area': '亚太地区', 'score': 41}
2021-04-17 16:58:17 mysql_pool.py [line:128] INFO: 修改代理成功:{'ip': '181.143.17.35', 'port': 3128, 'protocol': -1, 'nick_type': -1, 'speed': -1, 'area': '高匿_哥伦比亚', 'score': 43}
2021-04-17 16:58:17 mysql_pool.py [line:128] INFO: 修改代理成功:{'ip': '186.91.187.166', 'port': 8080, 'protocol': -1, 'nick_type': -1, 'speed': -1, 'area': '委内瑞拉', 'score': 46}
2021-04-17 16:58:17 mysql_pool.py [line:128] INFO: 修改代理成功:{'ip': '154.72.197.106', 'port': 42113, 'protocol': -1, 'nick_type': -1, 'speed': -1, 'area': '非洲', 'score': 46}
2021-04-17 16:58:18 mysql_pool.py [line:128] INFO: 修改代理成功:{'ip': '191.101.39.118', 'port': 80, 'protocol': -1, 'nick_type': -1, 'speed': -1, 'area': '柬埔寨', 'score': 46}
2021-04-17 16:58:18 mysql_pool.py [line:128] INFO: 修改代理成功:{'ip': '154.113.19.30', 'port': 8080, 'protocol': -1, 'nick_type': -1, 'speed': -1, 'area': '非洲', 'score': 49}
2021-04-17 16:58:19 mysql_pool.py [line:128] INFO: 修改代理成功:{'ip': '186.91.91.90', 'port': 8080, 'protocol': -1, 'nick_type': -1, 'speed': -1, 'area': 'SSL高匿_委内瑞拉', 'score': 44}
2021-04-17 16:58:20 mysql_pool.py [line:128] INFO: 修改代理成功:{'ip': '190.207.39.168', 'port': 8080, 'protocol': -1, 'nick_type': -1, 'speed': -1, 'area': 'SSL高匿_委内瑞拉', 'score': 46}
2021-04-17 16:58:26 mysql_pool.py [line:128] INFO: 修改代理成功:{'ip': '187.111.160.8', 'port': 42579, 'protocol': -1, 'nick_type': -1, 'speed': -1, 'area': '巴西', 'score': 47}
2021-04-17 16:58:27 mysql_pool.py [line:128] INFO: 修改代理成功:{'ip': '216.58.163.118', 'port': 80, 'protocol': 0, 'nick_type': 0, 'speed': 5.04, 'area': '美国', 'score': 50}
2021-04-17 16:58:33 mysql_pool.py [line:128] INFO: 修改代理成功:{'ip': '197.210.164.66', 'port': 8080, 'protocol': -1, 'nick_type': -1, 'speed': -1, 'area': '尼日利亚', 'score': 47}
2021-04-17 16:58:34 mysql_pool.py [line:128] INFO: 修改代理成功:{'ip': '191.243.217.1', 'port': 53281, 'protocol': -1, 'nick_type': -1, 'speed': -1, 'area': '拉美地区', 'score': 47}
2021-04-17 16:58:36 mysql_pool.py [line:128] INFO: 修改代理成功:{'ip': '195.154.173.28', 'port': 80, 'protocol': -1, 'nick_type': -1, 'speed': -1, 'area': '法国', 'score': 49}
2021-04-17 16:58:38 mysql_pool.py [line:128] INFO: 修改代理成功:{'ip': '78.111.97.180', 'port': 3140, 'protocol': -1, 'nick_type': -1, 'speed': -1, 'area': '土耳其', 'score': 43}
2021-04-17 16:58:45 mysql_pool.py [line:128] INFO: 修改代理成功:{'ip': '91.224.182.49', 'port': 8080, 'protocol': -1, 'nick_type': -1, 'speed': -1, 'area': '俄罗斯', 'score': 40}
2021-04-17 17:01:38 _internal.py [line:113] INFO:  * Running on http://0.0.0.0:6868/ (Press CTRL+C to quit)
2021-04-17 17:01:50 mysql_pool.py [line:128] INFO: 修改代理成功:{'ip': '14.97.2.106', 'port': 80, 'protocol': 0, 'nick_type': 0, 'speed': 1.57, 'area': '高匿_印度', 'score': 50}
2021-04-17 17:01:51 mysql_pool.py [line:128] INFO: 修改代理成功:{'ip': '183.89.198.132', 'port': 8080, 'protocol': -1, 'nick_type': -1, 'speed': -1, 'area': '高匿_泰国', 'score': 45}
2021-04-17 17:01:51 mysql_pool.py [line:128] INFO: 修改代理成功:{'ip': '115.221.241.140', 'port': 9999, 'protocol': -1, 'nick_type': -1, 'speed': -1, 'area': '浙江省温州市', 'score': 40}
2021-04-17 17:01:58 mysql_pool.py [line:128] INFO: 修改代理成功:{'ip': '154.113.19.30', 'port': 8080, 'protocol': 0, 'nick_type': 2, 'speed': 9.63, 'area': '非洲', 'score': 50}
2021-04-17 17:01:58 mysql_pool.py [line:128] INFO: 修改代理成功:{'ip': '103.80.83.48', 'port': 3127, 'protocol': -1, 'nick_type': -1, 'speed': -1, 'area': '亚太地区', 'score': 40}
2021-04-17 17:01:59 mysql_pool.py [line:128] INFO: 修改代理成功:{'ip': '181.143.17.35', 'port': 3128, 'protocol': -1, 'nick_type': -1, 'speed': -1, 'area': '高匿_哥伦比亚', 'score': 42}
2021-04-17 17:01:59 mysql_pool.py [line:128] INFO: 修改代理成功:{'ip': '186.91.187.166', 'port': 8080, 'protocol': -1, 'nick_type': -1, 'speed': -1, 'area': '委内瑞拉', 'score': 45}
2021-04-17 17:01:59 mysql_pool.py [line:128] INFO: 修改代理成功:{'ip': '116.68.249.228', 'port': 8089, 'protocol': -1, 'nick_type': -1, 'speed': -1, 'area': '印度尼西亚', 'score': 46}
2021-04-17 17:02:02 mysql_pool.py [line:128] INFO: 修改代理成功:{'ip': '116.68.254.94', 'port': 8089, 'protocol': -1, 'nick_type': -1, 'speed': -1, 'area': '印度尼西亚', 'score': 48}
2021-04-17 17:02:02 mysql_pool.py [line:128] INFO: 修改代理成功:{'ip': '191.101.39.118', 'port': 80, 'protocol': -1, 'nick_type': -1, 'speed': -1, 'area': '柬埔寨', 'score': 45}
2021-04-17 17:02:03 mysql_pool.py [line:128] INFO: 修改代理成功:{'ip': '190.207.39.168', 'port': 8080, 'protocol': -1, 'nick_type': -1, 'speed': -1, 'area': 'SSL高匿_委内瑞拉', 'score': 45}
2021-04-17 17:02:06 mysql_pool.py [line:128] INFO: 修改代理成功:{'ip': '154.72.197.106', 'port': 42113, 'protocol': -1, 'nick_type': -1, 'speed': -1, 'area': '非洲', 'score': 45}
2021-04-17 17:02:10 mysql_pool.py [line:128] INFO: 修改代理成功:{'ip': '186.91.91.90', 'port': 8080, 'protocol': -1, 'nick_type': -1, 'speed': -1, 'area': 'SSL高匿_委内瑞拉', 'score': 43}
2021-04-17 17:02:16 mysql_pool.py [line:128] INFO: 修改代理成功:{'ip': '187.111.160.8', 'port': 42579, 'protocol': -1, 'nick_type': -1, 'speed': -1, 'area': '巴西', 'score': 46}
2021-04-17 17:02:18 mysql_pool.py [line:128] INFO: 修改代理成功:{'ip': '191.243.217.1', 'port': 53281, 'protocol': -1, 'nick_type': -1, 'speed': -1, 'area': '拉美地区', 'score': 46}
2021-04-17 17:02:19 mysql_pool.py [line:128] INFO: 修改代理成功:{'ip': '216.58.163.118', 'port': 80, 'protocol': 0, 'nick_type': 0, 'speed': 11.29, 'area': '美国', 'score': 50}
2021-04-17 17:02:19 mysql_pool.py [line:128] INFO: 修改代理成功:{'ip': '195.154.173.28', 'port': 80, 'protocol': -1, 'nick_type': -1, 'speed': -1, 'area': '法国', 'score': 48}
2021-04-17 17:02:19 mysql_pool.py [line:128] INFO: 修改代理成功:{'ip': '197.210.164.66', 'port': 8080, 'protocol': -1, 'nick_type': -1, 'speed': -1, 'area': '尼日利亚', 'score': 46}
2021-04-17 17:02:22 mysql_pool.py [line:128] INFO: 修改代理成功:{'ip': '78.111.97.180', 'port': 3140, 'protocol': -1, 'nick_type': -1, 'speed': -1, 'area': '土耳其', 'score': 42}
2021-04-17 17:02:29 mysql_pool.py [line:128] INFO: 修改代理成功:{'ip': '91.224.182.49', 'port': 8080, 'protocol': -1, 'nick_type': -1, 'speed': -1, 'area': '俄罗斯', 'score': 39}
2021-04-17 17:07:34 run_crawler.py [line:47] ERROR: (0, '')
Traceback (most recent call last):
  File "D:\Learning software\Python\lib\site-packages\pymysql\connections.py", line 732, in _read_bytes
    data = self._rfile.read(num_bytes)
  File "D:\Learning software\Python\lib\socket.py", line 589, in readinto
    return self._sock.recv_into(b)
  File "D:\Learning software\Python\lib\site-packages\gevent\_socketcommon.py", line 688, in recv_into
    return self._sock.recv_into(*args)
ConnectionResetError: [WinError 10054] 远程主机强迫关闭了一个现有的连接。

During handling of the above exception, another exception occurred:

Traceback (most recent call last):
  File "C:\Users\1234\PycharmProjects\domin\db\mysql_pool.py", line 30, in insert
    self.cursor.execute(sql)
  File "D:\Learning software\Python\lib\site-packages\pymysql\cursors.py", line 148, in execute
    result = self._query(query)
  File "D:\Learning software\Python\lib\site-packages\pymysql\cursors.py", line 310, in _query
    conn.query(q)
  File "D:\Learning software\Python\lib\site-packages\pymysql\connections.py", line 548, in query
    self._affected_rows = self._read_query_result(unbuffered=unbuffered)
  File "D:\Learning software\Python\lib\site-packages\pymysql\connections.py", line 775, in _read_query_result
    result.read()
  File "D:\Learning software\Python\lib\site-packages\pymysql\connections.py", line 1156, in read
    first_packet = self.connection._read_packet()
  File "D:\Learning software\Python\lib\site-packages\pymysql\connections.py", line 692, in _read_packet
    packet_header = self._read_bytes(4)
  File "D:\Learning software\Python\lib\site-packages\pymysql\connections.py", line 740, in _read_bytes
    "Lost connection to MySQL server during query (%s)" % (e,),
pymysql.err.OperationalError: (2013, 'Lost connection to MySQL server during query ([WinError 10054] 远程主机强迫关闭了一个现有的连接。)')

During handling of the above exception, another exception occurred:

Traceback (most recent call last):
  File "C:\Users\1234\PycharmProjects\domin\ip_agent_pool\ip_crawler\run_crawler.py", line 45, in __run_one_crawler
    self.ip_pool.insert(proxy)
  File "C:\Users\1234\PycharmProjects\domin\db\mysql_pool.py", line 34, in insert
    self.db.rollback()
  File "D:\Learning software\Python\lib\site-packages\pymysql\connections.py", line 479, in rollback
    self._execute_command(COMMAND.COM_QUERY, "ROLLBACK")
  File "D:\Learning software\Python\lib\site-packages\pymysql\connections.py", line 793, in _execute_command
    raise err.InterfaceError(0, "")
pymysql.err.InterfaceError: (0, '')
2021-04-17 17:07:34 run_crawler.py [line:48] ERROR: 爬虫<ip_agent_pool.ip_crawler.ipweb_crawler.Ip3366Crawler object at 0x00000166E95851D0> 出现错误
Traceback (most recent call last):
  File "D:\Learning software\Python\lib\site-packages\pymysql\connections.py", line 732, in _read_bytes
    data = self._rfile.read(num_bytes)
  File "D:\Learning software\Python\lib\socket.py", line 589, in readinto
    return self._sock.recv_into(b)
  File "D:\Learning software\Python\lib\site-packages\gevent\_socketcommon.py", line 688, in recv_into
    return self._sock.recv_into(*args)
ConnectionResetError: [WinError 10054] 远程主机强迫关闭了一个现有的连接。

During handling of the above exception, another exception occurred:

Traceback (most recent call last):
  File "C:\Users\1234\PycharmProjects\domin\db\mysql_pool.py", line 30, in insert
    self.cursor.execute(sql)
  File "D:\Learning software\Python\lib\site-packages\pymysql\cursors.py", line 148, in execute
    result = self._query(query)
  File "D:\Learning software\Python\lib\site-packages\pymysql\cursors.py", line 310, in _query
    conn.query(q)
  File "D:\Learning software\Python\lib\site-packages\pymysql\connections.py", line 548, in query
    self._affected_rows = self._read_query_result(unbuffered=unbuffered)
  File "D:\Learning software\Python\lib\site-packages\pymysql\connections.py", line 775, in _read_query_result
    result.read()
  File "D:\Learning software\Python\lib\site-packages\pymysql\connections.py", line 1156, in read
    first_packet = self.connection._read_packet()
  File "D:\Learning software\Python\lib\site-packages\pymysql\connections.py", line 692, in _read_packet
    packet_header = self._read_bytes(4)
  File "D:\Learning software\Python\lib\site-packages\pymysql\connections.py", line 740, in _read_bytes
    "Lost connection to MySQL server during query (%s)" % (e,),
pymysql.err.OperationalError: (2013, 'Lost connection to MySQL server during query ([WinError 10054] 远程主机强迫关闭了一个现有的连接。)')

During handling of the above exception, another exception occurred:

Traceback (most recent call last):
  File "C:\Users\1234\PycharmProjects\domin\ip_agent_pool\ip_crawler\run_crawler.py", line 45, in __run_one_crawler
    self.ip_pool.insert(proxy)
  File "C:\Users\1234\PycharmProjects\domin\db\mysql_pool.py", line 34, in insert
    self.db.rollback()
  File "D:\Learning software\Python\lib\site-packages\pymysql\connections.py", line 479, in rollback
    self._execute_command(COMMAND.COM_QUERY, "ROLLBACK")
  File "D:\Learning software\Python\lib\site-packages\pymysql\connections.py", line 793, in _execute_command
    raise err.InterfaceError(0, "")
pymysql.err.InterfaceError: (0, '')
2021-04-18 21:00:22 _internal.py [line:113] INFO:  * Running on http://0.0.0.0:6868/ (Press CTRL+C to quit)
2021-04-18 21:00:28 mysql_pool.py [line:150] INFO: 修改代理成功:{'ip': '14.97.2.106', 'port': 80, 'protocol': 0, 'nick_type': 0, 'speed': 2.32, 'area': '高匿_印度', 'score': 50}
2021-04-18 21:00:43 mysql_pool.py [line:150] INFO: 修改代理成功:{'ip': '103.80.83.48', 'port': 3127, 'protocol': -1, 'nick_type': -1, 'speed': -1, 'area': '亚太地区', 'score': 39}
2021-04-18 21:00:44 mysql_pool.py [line:150] INFO: 修改代理成功:{'ip': '115.221.241.140', 'port': 9999, 'protocol': -1, 'nick_type': -1, 'speed': -1, 'area': '浙江省温州市', 'score': 39}
2021-04-18 21:00:44 mysql_pool.py [line:150] INFO: 修改代理成功:{'ip': '116.68.249.228', 'port': 8089, 'protocol': -1, 'nick_type': -1, 'speed': -1, 'area': '印度尼西亚', 'score': 45}
2021-04-18 21:00:44 mysql_pool.py [line:150] INFO: 修改代理成功:{'ip': '116.68.254.94', 'port': 8089, 'protocol': -1, 'nick_type': -1, 'speed': -1, 'area': '印度尼西亚', 'score': 47}
2021-04-18 21:00:44 mysql_pool.py [line:150] INFO: 修改代理成功:{'ip': '154.113.19.30', 'port': 8080, 'protocol': -1, 'nick_type': -1, 'speed': -1, 'area': '非洲', 'score': 49}
2021-04-18 21:00:45 mysql_pool.py [line:150] INFO: 修改代理成功:{'ip': '183.89.198.132', 'port': 8080, 'protocol': -1, 'nick_type': -1, 'speed': -1, 'area': '高匿_泰国', 'score': 44}
2021-04-18 21:00:45 mysql_pool.py [line:150] INFO: 修改代理成功:{'ip': '186.91.187.166', 'port': 8080, 'protocol': -1, 'nick_type': -1, 'speed': -1, 'area': '委内瑞拉', 'score': 44}
2021-04-18 21:00:45 mysql_pool.py [line:150] INFO: 修改代理成功:{'ip': '181.143.17.35', 'port': 3128, 'protocol': -1, 'nick_type': -1, 'speed': -1, 'area': '高匿_哥伦比亚', 'score': 41}
2021-04-18 21:00:47 mysql_pool.py [line:150] INFO: 修改代理成功:{'ip': '154.72.197.106', 'port': 42113, 'protocol': -1, 'nick_type': -1, 'speed': -1, 'area': '非洲', 'score': 44}
2021-04-18 21:00:48 mysql_pool.py [line:150] INFO: 修改代理成功:{'ip': '186.91.91.90', 'port': 8080, 'protocol': -1, 'nick_type': -1, 'speed': -1, 'area': 'SSL高匿_委内瑞拉', 'score': 42}
2021-04-18 21:00:51 mysql_pool.py [line:150] INFO: 修改代理成功:{'ip': '216.58.163.118', 'port': 80, 'protocol': -1, 'nick_type': -1, 'speed': -1, 'area': '美国', 'score': 49}
2021-04-18 21:00:57 mysql_pool.py [line:150] INFO: 修改代理成功:{'ip': '191.101.39.118', 'port': 80, 'protocol': -1, 'nick_type': -1, 'speed': -1, 'area': '柬埔寨', 'score': 44}
2021-04-18 21:01:03 mysql_pool.py [line:150] INFO: 修改代理成功:{'ip': '187.111.160.8', 'port': 42579, 'protocol': -1, 'nick_type': -1, 'speed': -1, 'area': '巴西', 'score': 45}
2021-04-18 21:01:04 mysql_pool.py [line:150] INFO: 修改代理成功:{'ip': '190.207.39.168', 'port': 8080, 'protocol': -1, 'nick_type': -1, 'speed': -1, 'area': 'SSL高匿_委内瑞拉', 'score': 44}
2021-04-18 21:01:05 mysql_pool.py [line:150] INFO: 修改代理成功:{'ip': '191.243.217.1', 'port': 53281, 'protocol': -1, 'nick_type': -1, 'speed': -1, 'area': '拉美地区', 'score': 45}
2021-04-18 21:01:05 mysql_pool.py [line:150] INFO: 修改代理成功:{'ip': '195.154.173.28', 'port': 80, 'protocol': -1, 'nick_type': -1, 'speed': -1, 'area': '法国', 'score': 47}
2021-04-18 21:01:05 mysql_pool.py [line:150] INFO: 修改代理成功:{'ip': '78.111.97.180', 'port': 3140, 'protocol': -1, 'nick_type': -1, 'speed': -1, 'area': '土耳其', 'score': 41}
2021-04-18 21:01:07 mysql_pool.py [line:150] INFO: 修改代理成功:{'ip': '91.224.182.49', 'port': 8080, 'protocol': -1, 'nick_type': -1, 'speed': -1, 'area': '俄罗斯', 'score': 38}
2021-04-18 21:01:15 mysql_pool.py [line:150] INFO: 修改代理成功:{'ip': '197.210.164.66', 'port': 8080, 'protocol': -1, 'nick_type': -1, 'speed': -1, 'area': '尼日利亚', 'score': 45}
2021-04-18 21:09:44 connectionpool.py [line:231] DEBUG: Starting new HTTP connection (1): 103.80.83.48:3127
2021-04-18 21:09:44 connectionpool.py [line:231] DEBUG: Starting new HTTP connection (1): 115.221.241.140:9999
2021-04-18 21:09:44 connectionpool.py [line:231] DEBUG: Starting new HTTP connection (1): 116.68.249.228:8089
2021-04-18 21:09:44 connectionpool.py [line:231] DEBUG: Starting new HTTP connection (1): 116.68.254.94:8089
2021-04-18 21:09:44 connectionpool.py [line:231] DEBUG: Starting new HTTP connection (1): 14.97.2.106:80
2021-04-18 21:09:44 connectionpool.py [line:231] DEBUG: Starting new HTTP connection (1): 154.113.19.30:8080
2021-04-18 21:09:44 connectionpool.py [line:231] DEBUG: Starting new HTTP connection (1): 154.72.197.106:42113
2021-04-18 21:09:44 connectionpool.py [line:231] DEBUG: Starting new HTTP connection (1): 181.143.17.35:3128
2021-04-18 21:09:44 connectionpool.py [line:231] DEBUG: Starting new HTTP connection (1): 183.89.198.132:8080
2021-04-18 21:09:44 connectionpool.py [line:231] DEBUG: Starting new HTTP connection (1): 186.91.187.166:8080
2021-04-18 21:09:45 connectionpool.py [line:231] DEBUG: Starting new HTTP connection (1): www.66ip.cn:80
2021-04-18 21:09:45 connectionpool.py [line:231] DEBUG: Starting new HTTP connection (1): www.ip3366.net:80
2021-04-18 21:09:45 connectionpool.py [line:975] DEBUG: Starting new HTTPS connection (1): list.proxylistplus.com:443
2021-04-18 21:09:45 connectionpool.py [line:461] DEBUG: http://www.ip3366.net:80 "GET /free/?stype=1&page=1 HTTP/1.1" 200 5384
2021-04-18 21:09:45 connectionpool.py [line:461] DEBUG: http://www.66ip.cn:80 "GET /1.html HTTP/1.1" 200 9392
2021-04-18 21:09:45 connectionpool.py [line:231] DEBUG: Starting new HTTP connection (1): 183.141.218.217:8090
2021-04-18 21:09:45 connectionpool.py [line:231] DEBUG: Starting new HTTP connection (1): www.66ip.cn:80
2021-04-18 21:09:45 _internal.py [line:113] INFO:  * Running on http://0.0.0.0:6868/ (Press CTRL+C to quit)
2021-04-18 21:09:45 connectionpool.py [line:461] DEBUG: http://www.66ip.cn:80 "GET /2.html HTTP/1.1" 200 9426
2021-04-18 21:09:45 connectionpool.py [line:231] DEBUG: Starting new HTTP connection (1): www.66ip.cn:80
2021-04-18 21:09:45 connectionpool.py [line:461] DEBUG: http://www.66ip.cn:80 "GET /3.html HTTP/1.1" 200 9438
2021-04-18 21:09:46 connectionpool.py [line:231] DEBUG: Starting new HTTP connection (1): www.66ip.cn:80
2021-04-18 21:09:46 connectionpool.py [line:461] DEBUG: http://www.66ip.cn:80 "GET /4.html HTTP/1.1" 200 9445
2021-04-18 21:09:46 connectionpool.py [line:461] DEBUG: https://list.proxylistplus.com:443 "GET /Fresh-HTTP-Proxy-List-1 HTTP/1.1" 200 None
2021-04-18 21:09:46 connectionpool.py [line:231] DEBUG: Starting new HTTP connection (1): 110.77.134.112:8080
2021-04-18 21:09:46 connectionpool.py [line:231] DEBUG: Starting new HTTP connection (1): www.66ip.cn:80
2021-04-18 21:09:46 connectionpool.py [line:461] DEBUG: http://www.66ip.cn:80 "GET /5.html HTTP/1.1" 200 9450
2021-04-18 21:09:46 connectionpool.py [line:231] DEBUG: Starting new HTTP connection (1): www.66ip.cn:80
2021-04-18 21:09:48 connectionpool.py [line:975] DEBUG: Starting new HTTPS connection (1): httpbin.org:443
2021-04-18 21:09:50 connectionpool.py [line:461] DEBUG: http://www.66ip.cn:80 "GET /6.html HTTP/1.1" 200 9448
2021-04-18 21:09:50 connectionpool.py [line:231] DEBUG: Starting new HTTP connection (1): www.66ip.cn:80
2021-04-18 21:09:50 connectionpool.py [line:461] DEBUG: http://www.66ip.cn:80 "GET /7.html HTTP/1.1" 200 9449
2021-04-18 21:09:50 httpbin_check.py [line:47] DEBUG: {'ip': '183.141.218.217', 'port': '8090', 'protocol': -1, 'nick_type': -1, 'speed': -1, 'area': '高匿_浙江省电信中心网络', 'score': 50}
2021-04-18 21:09:50 connectionpool.py [line:231] DEBUG: Starting new HTTP connection (1): 59.60.208.120:9999
2021-04-18 21:09:52 connectionpool.py [line:231] DEBUG: Starting new HTTP connection (1): www.66ip.cn:80
2021-04-18 21:09:53 connectionpool.py [line:461] DEBUG: http://www.66ip.cn:80 "GET /8.html HTTP/1.1" 200 9575
2021-04-18 21:09:53 connectionpool.py [line:231] DEBUG: Starting new HTTP connection (1): www.66ip.cn:80
2021-04-18 21:09:53 connectionpool.py [line:461] DEBUG: http://14.97.2.106:80 "GET http://httpbin.org/get HTTP/1.1" 200 379
2021-04-18 21:09:53 connectionpool.py [line:975] DEBUG: Starting new HTTPS connection (1): httpbin.org:443
2021-04-18 21:09:53 connectionpool.py [line:461] DEBUG: http://www.66ip.cn:80 "GET /9.html HTTP/1.1" 200 9563
2021-04-18 21:09:54 connectionpool.py [line:975] DEBUG: Starting new HTTPS connection (1): httpbin.org:443
2021-04-18 21:09:54 connectionpool.py [line:975] DEBUG: Starting new HTTPS connection (1): httpbin.org:443
2021-04-18 21:09:54 connectionpool.py [line:975] DEBUG: Starting new HTTPS connection (1): httpbin.org:443
2021-04-18 21:09:54 connectionpool.py [line:975] DEBUG: Starting new HTTPS connection (1): httpbin.org:443
2021-04-18 21:09:54 connectionpool.py [line:975] DEBUG: Starting new HTTPS connection (1): httpbin.org:443
2021-04-18 21:09:54 connectionpool.py [line:975] DEBUG: Starting new HTTPS connection (1): httpbin.org:443
2021-04-18 21:09:54 connectionpool.py [line:975] DEBUG: Starting new HTTPS connection (1): httpbin.org:443
2021-04-18 21:09:54 connectionpool.py [line:975] DEBUG: Starting new HTTPS connection (1): httpbin.org:443
2021-04-18 21:09:54 connectionpool.py [line:975] DEBUG: Starting new HTTPS connection (1): httpbin.org:443
2021-04-18 21:09:55 httpbin_check.py [line:47] DEBUG: {'ip': '14.97.2.106', 'port': 80, 'protocol': 0, 'nick_type': 0, 'speed': 8.59, 'area': '高匿_印度', 'score': 50}
2021-04-18 21:09:55 mysql_pool.py [line:150] INFO: 修改代理成功:{'ip': '14.97.2.106', 'port': 80, 'protocol': 0, 'nick_type': 0, 'speed': 8.59, 'area': '高匿_印度', 'score': 50}
2021-04-18 21:09:55 connectionpool.py [line:231] DEBUG: Starting new HTTP connection (1): 186.91.91.90:8080
2021-04-18 21:09:56 connectionpool.py [line:975] DEBUG: Starting new HTTPS connection (1): httpbin.org:443
2021-04-18 21:09:56 connectionpool.py [line:975] DEBUG: Starting new HTTPS connection (1): httpbin.org:443
2021-04-18 21:09:56 httpbin_check.py [line:47] DEBUG: {'ip': '59.60.208.120', 'port': '9999', 'protocol': -1, 'nick_type': -1, 'speed': -1, 'area': '高匿_福建省三明市电信', 'score': 50}
2021-04-18 21:09:56 connectionpool.py [line:231] DEBUG: Starting new HTTP connection (1): 61.161.30.104:9999
2021-04-18 21:10:04 httpbin_check.py [line:47] DEBUG: {'ip': '103.80.83.48', 'port': 3127, 'protocol': -1, 'nick_type': -1, 'speed': -1, 'area': '亚太地区', 'score': 39}
2021-04-18 21:10:04 httpbin_check.py [line:47] DEBUG: {'ip': '115.221.241.140', 'port': 9999, 'protocol': -1, 'nick_type': -1, 'speed': -1, 'area': '浙江省温州市', 'score': 39}
2021-04-18 21:10:04 httpbin_check.py [line:47] DEBUG: {'ip': '116.68.249.228', 'port': 8089, 'protocol': -1, 'nick_type': -1, 'speed': -1, 'area': '印度尼西亚', 'score': 45}
2021-04-18 21:10:04 httpbin_check.py [line:47] DEBUG: {'ip': '116.68.254.94', 'port': 8089, 'protocol': -1, 'nick_type': -1, 'speed': -1, 'area': '印度尼西亚', 'score': 47}
2021-04-18 21:10:04 httpbin_check.py [line:47] DEBUG: {'ip': '154.72.197.106', 'port': 42113, 'protocol': -1, 'nick_type': -1, 'speed': -1, 'area': '非洲', 'score': 44}
2021-04-18 21:10:04 httpbin_check.py [line:47] DEBUG: {'ip': '181.143.17.35', 'port': 3128, 'protocol': -1, 'nick_type': -1, 'speed': -1, 'area': '高匿_哥伦比亚', 'score': 41}
2021-04-18 21:10:04 httpbin_check.py [line:47] DEBUG: {'ip': '183.89.198.132', 'port': 8080, 'protocol': -1, 'nick_type': -1, 'speed': -1, 'area': '高匿_泰国', 'score': 44}
2021-04-18 21:10:04 httpbin_check.py [line:47] DEBUG: {'ip': '186.91.187.166', 'port': 8080, 'protocol': -1, 'nick_type': -1, 'speed': -1, 'area': '委内瑞拉', 'score': 44}
2021-04-18 21:10:05 mysql_pool.py [line:150] INFO: 修改代理成功:{'ip': '103.80.83.48', 'port': 3127, 'protocol': -1, 'nick_type': -1, 'speed': -1, 'area': '亚太地区', 'score': 38}
2021-04-18 21:10:05 connectionpool.py [line:231] DEBUG: Starting new HTTP connection (1): 187.111.160.8:42579
2021-04-18 21:10:05 mysql_pool.py [line:150] INFO: 修改代理成功:{'ip': '115.221.241.140', 'port': 9999, 'protocol': -1, 'nick_type': -1, 'speed': -1, 'area': '浙江省温州市', 'score': 38}
2021-04-18 21:10:05 connectionpool.py [line:231] DEBUG: Starting new HTTP connection (1): 190.207.39.168:8080
2021-04-18 21:10:05 mysql_pool.py [line:150] INFO: 修改代理成功:{'ip': '116.68.249.228', 'port': 8089, 'protocol': -1, 'nick_type': -1, 'speed': -1, 'area': '印度尼西亚', 'score': 44}
2021-04-18 21:10:05 connectionpool.py [line:231] DEBUG: Starting new HTTP connection (1): 191.101.39.118:80
2021-04-18 21:10:05 connectionpool.py [line:975] DEBUG: Starting new HTTPS connection (1): httpbin.org:443
2021-04-18 21:10:05 mysql_pool.py [line:150] INFO: 修改代理成功:{'ip': '116.68.254.94', 'port': 8089, 'protocol': -1, 'nick_type': -1, 'speed': -1, 'area': '印度尼西亚', 'score': 46}
2021-04-18 21:10:05 connectionpool.py [line:231] DEBUG: Starting new HTTP connection (1): 191.243.217.1:53281
2021-04-18 21:10:05 mysql_pool.py [line:150] INFO: 修改代理成功:{'ip': '154.72.197.106', 'port': 42113, 'protocol': -1, 'nick_type': -1, 'speed': -1, 'area': '非洲', 'score': 43}
2021-04-18 21:10:05 connectionpool.py [line:231] DEBUG: Starting new HTTP connection (1): 195.154.173.28:80
2021-04-18 21:10:05 mysql_pool.py [line:150] INFO: 修改代理成功:{'ip': '181.143.17.35', 'port': 3128, 'protocol': -1, 'nick_type': -1, 'speed': -1, 'area': '高匿_哥伦比亚', 'score': 40}
2021-04-18 21:10:05 connectionpool.py [line:231] DEBUG: Starting new HTTP connection (1): 197.210.164.66:8080
2021-04-18 21:10:06 mysql_pool.py [line:150] INFO: 修改代理成功:{'ip': '183.89.198.132', 'port': 8080, 'protocol': -1, 'nick_type': -1, 'speed': -1, 'area': '高匿_泰国', 'score': 43}
2021-04-18 21:10:06 connectionpool.py [line:231] DEBUG: Starting new HTTP connection (1): 216.58.163.118:80
2021-04-18 21:10:06 mysql_pool.py [line:150] INFO: 修改代理成功:{'ip': '186.91.187.166', 'port': 8080, 'protocol': -1, 'nick_type': -1, 'speed': -1, 'area': '委内瑞拉', 'score': 43}
2021-04-18 21:10:06 connectionpool.py [line:231] DEBUG: Starting new HTTP connection (1): 78.111.97.180:3140
2021-04-18 21:10:06 httpbin_check.py [line:47] DEBUG: {'ip': '110.77.134.112', 'port': '8080', 'protocol': -1, 'nick_type': -1, 'speed': -1, 'area': 'Thailand', 'score': 50}
2021-04-18 21:10:06 connectionpool.py [line:231] DEBUG: Starting new HTTP connection (1): 178.19.97.1:8088
2021-04-18 21:10:06 httpbin_check.py [line:47] DEBUG: {'ip': '154.113.19.30', 'port': 8080, 'protocol': -1, 'nick_type': -1, 'speed': -1, 'area': '非洲', 'score': 49}
2021-04-18 21:10:06 mysql_pool.py [line:150] INFO: 修改代理成功:{'ip': '154.113.19.30', 'port': 8080, 'protocol': -1, 'nick_type': -1, 'speed': -1, 'area': '非洲', 'score': 48}
2021-04-18 21:10:06 connectionpool.py [line:231] DEBUG: Starting new HTTP connection (1): 91.224.182.49:8080
2021-04-18 21:10:06 connectionpool.py [line:975] DEBUG: Starting new HTTPS connection (1): httpbin.org:443
2021-04-18 21:10:08 connectionpool.py [line:975] DEBUG: Starting new HTTPS connection (1): httpbin.org:443
2021-04-18 21:10:09 connectionpool.py [line:975] DEBUG: Starting new HTTPS connection (1): httpbin.org:443
2021-04-18 21:10:10 connectionpool.py [line:975] DEBUG: Starting new HTTPS connection (1): httpbin.org:443
2021-04-18 21:10:13 httpbin_check.py [line:47] DEBUG: {'ip': '216.58.163.118', 'port': 80, 'protocol': -1, 'nick_type': -1, 'speed': -1, 'area': '美国', 'score': 49}
2021-04-18 21:10:13 mysql_pool.py [line:150] INFO: 修改代理成功:{'ip': '216.58.163.118', 'port': 80, 'protocol': -1, 'nick_type': -1, 'speed': -1, 'area': '美国', 'score': 48}
2021-04-18 21:10:14 httpbin_check.py [line:47] DEBUG: {'ip': '178.19.97.1', 'port': '8088', 'protocol': -1, 'nick_type': -1, 'speed': -1, 'area': 'Poland', 'score': 50}
2021-04-18 21:10:14 connectionpool.py [line:231] DEBUG: Starting new HTTP connection (1): 71.41.27.245:8080
2021-04-18 21:10:15 connectionpool.py [line:975] DEBUG: Starting new HTTPS connection (1): httpbin.org:443
2021-04-18 21:10:15 connectionpool.py [line:975] DEBUG: Starting new HTTPS connection (1): httpbin.org:443
2021-04-18 21:10:15 httpbin_check.py [line:47] DEBUG: {'ip': '186.91.91.90', 'port': 8080, 'protocol': -1, 'nick_type': -1, 'speed': -1, 'area': 'SSL高匿_委内瑞拉', 'score': 42}
2021-04-18 21:10:15 mysql_pool.py [line:150] INFO: 修改代理成功:{'ip': '186.91.91.90', 'port': 8080, 'protocol': -1, 'nick_type': -1, 'speed': -1, 'area': 'SSL高匿_委内瑞拉', 'score': 41}
2021-04-18 21:10:15 connectionpool.py [line:975] DEBUG: Starting new HTTPS connection (1): httpbin.org:443
2021-04-18 21:10:15 connectionpool.py [line:975] DEBUG: Starting new HTTPS connection (1): httpbin.org:443
2021-04-18 21:10:16 connectionpool.py [line:975] DEBUG: Starting new HTTPS connection (1): httpbin.org:443
2021-04-18 21:10:16 connectionpool.py [line:975] DEBUG: Starting new HTTPS connection (1): httpbin.org:443
2021-04-18 21:10:16 httpbin_check.py [line:47] DEBUG: {'ip': '61.161.30.104', 'port': '9999', 'protocol': -1, 'nick_type': -1, 'speed': -1, 'area': '吉林省白山市', 'score': 50}
2021-04-18 21:10:16 connectionpool.py [line:231] DEBUG: Starting new HTTP connection (1): 60.184.6.194:9999
2021-04-18 21:10:17 connectionpool.py [line:975] DEBUG: Starting new HTTPS connection (1): httpbin.org:443
2021-04-18 21:10:18 httpbin_check.py [line:47] DEBUG: {'ip': '191.101.39.118', 'port': 80, 'protocol': -1, 'nick_type': -1, 'speed': -1, 'area': '柬埔寨', 'score': 44}
2021-04-18 21:10:18 mysql_pool.py [line:150] INFO: 修改代理成功:{'ip': '191.101.39.118', 'port': 80, 'protocol': -1, 'nick_type': -1, 'speed': -1, 'area': '柬埔寨', 'score': 43}
2021-04-18 21:10:24 connectionpool.py [line:975] DEBUG: Starting new HTTPS connection (1): httpbin.org:443
2021-04-18 21:10:25 httpbin_check.py [line:47] DEBUG: {'ip': '187.111.160.8', 'port': 42579, 'protocol': -1, 'nick_type': -1, 'speed': -1, 'area': '巴西', 'score': 45}
2021-04-18 21:10:25 httpbin_check.py [line:47] DEBUG: {'ip': '190.207.39.168', 'port': 8080, 'protocol': -1, 'nick_type': -1, 'speed': -1, 'area': 'SSL高匿_委内瑞拉', 'score': 44}
2021-04-18 21:10:25 mysql_pool.py [line:150] INFO: 修改代理成功:{'ip': '187.111.160.8', 'port': 42579, 'protocol': -1, 'nick_type': -1, 'speed': -1, 'area': '巴西', 'score': 44}
2021-04-18 21:10:25 mysql_pool.py [line:150] INFO: 修改代理成功:{'ip': '190.207.39.168', 'port': 8080, 'protocol': -1, 'nick_type': -1, 'speed': -1, 'area': 'SSL高匿_委内瑞拉', 'score': 43}
2021-04-18 21:10:25 httpbin_check.py [line:47] DEBUG: {'ip': '191.243.217.1', 'port': 53281, 'protocol': -1, 'nick_type': -1, 'speed': -1, 'area': '拉美地区', 'score': 45}
2021-04-18 21:10:25 httpbin_check.py [line:47] DEBUG: {'ip': '195.154.173.28', 'port': 80, 'protocol': -1, 'nick_type': -1, 'speed': -1, 'area': '法国', 'score': 47}
2021-04-18 21:10:25 mysql_pool.py [line:150] INFO: 修改代理成功:{'ip': '191.243.217.1', 'port': 53281, 'protocol': -1, 'nick_type': -1, 'speed': -1, 'area': '拉美地区', 'score': 44}
2021-04-18 21:10:26 mysql_pool.py [line:150] INFO: 修改代理成功:{'ip': '195.154.173.28', 'port': 80, 'protocol': -1, 'nick_type': -1, 'speed': -1, 'area': '法国', 'score': 46}
2021-04-18 21:10:26 httpbin_check.py [line:47] DEBUG: {'ip': '78.111.97.180', 'port': 3140, 'protocol': -1, 'nick_type': -1, 'speed': -1, 'area': '土耳其', 'score': 41}
2021-04-18 21:10:26 mysql_pool.py [line:150] INFO: 修改代理成功:{'ip': '78.111.97.180', 'port': 3140, 'protocol': -1, 'nick_type': -1, 'speed': -1, 'area': '土耳其', 'score': 40}
2021-04-18 21:10:26 connectionpool.py [line:975] DEBUG: Starting new HTTPS connection (1): httpbin.org:443
2021-04-18 21:10:27 httpbin_check.py [line:47] DEBUG: {'ip': '91.224.182.49', 'port': 8080, 'protocol': -1, 'nick_type': -1, 'speed': -1, 'area': '俄罗斯', 'score': 38}
2021-04-18 21:10:27 mysql_pool.py [line:150] INFO: 修改代理成功:{'ip': '91.224.182.49', 'port': 8080, 'protocol': -1, 'nick_type': -1, 'speed': -1, 'area': '俄罗斯', 'score': 37}
2021-04-18 21:10:27 httpbin_check.py [line:47] DEBUG: {'ip': '197.210.164.66', 'port': 8080, 'protocol': -1, 'nick_type': -1, 'speed': -1, 'area': '尼日利亚', 'score': 45}
2021-04-18 21:10:28 mysql_pool.py [line:150] INFO: 修改代理成功:{'ip': '197.210.164.66', 'port': 8080, 'protocol': -1, 'nick_type': -1, 'speed': -1, 'area': '尼日利亚', 'score': 44}
2021-04-18 21:10:34 httpbin_check.py [line:47] DEBUG: {'ip': '71.41.27.245', 'port': '8080', 'protocol': -1, 'nick_type': -1, 'speed': -1, 'area': 'United States', 'score': 50}
2021-04-18 21:10:34 connectionpool.py [line:231] DEBUG: Starting new HTTP connection (1): 176.106.120.82:8080
2021-04-18 21:10:36 httpbin_check.py [line:47] DEBUG: {'ip': '60.184.6.194', 'port': '9999', 'protocol': -1, 'nick_type': -1, 'speed': -1, 'area': '浙江省湖州市', 'score': 50}
2021-04-18 21:10:36 connectionpool.py [line:231] DEBUG: Starting new HTTP connection (1): 58.253.153.210:9999
2021-04-18 21:10:44 connectionpool.py [line:975] DEBUG: Starting new HTTPS connection (1): httpbin.org:443
2021-04-18 21:10:46 connectionpool.py [line:975] DEBUG: Starting new HTTPS connection (1): httpbin.org:443
2021-04-18 21:10:54 httpbin_check.py [line:47] DEBUG: {'ip': '176.106.120.82', 'port': '8080', 'protocol': -1, 'nick_type': -1, 'speed': -1, 'area': 'Serbia', 'score': 50}
2021-04-18 21:10:54 connectionpool.py [line:231] DEBUG: Starting new HTTP connection (1): 190.104.170.234:8080
2021-04-18 21:10:56 httpbin_check.py [line:47] DEBUG: {'ip': '58.253.153.210', 'port': '9999', 'protocol': -1, 'nick_type': -1, 'speed': -1, 'area': '广东省揭阳市', 'score': 50}
2021-04-18 21:10:56 connectionpool.py [line:231] DEBUG: Starting new HTTP connection (1): 223.215.19.202:9999
2021-04-18 21:11:04 connectionpool.py [line:975] DEBUG: Starting new HTTPS connection (1): httpbin.org:443
2021-04-18 21:11:06 connectionpool.py [line:975] DEBUG: Starting new HTTPS connection (1): httpbin.org:443
2021-04-18 21:11:14 httpbin_check.py [line:47] DEBUG: {'ip': '190.104.170.234', 'port': '8080', 'protocol': -1, 'nick_type': -1, 'speed': -1, 'area': 'Paraguay', 'score': 50}
2021-04-18 21:11:14 connectionpool.py [line:231] DEBUG: Starting new HTTP connection (1): 203.160.163.58:8080
2021-04-18 21:11:16 httpbin_check.py [line:47] DEBUG: {'ip': '223.215.19.202', 'port': '9999', 'protocol': -1, 'nick_type': -1, 'speed': -1, 'area': '安徽省', 'score': 50}
2021-04-18 21:11:16 connectionpool.py [line:231] DEBUG: Starting new HTTP connection (1): 27.205.44.205:9000
2021-04-18 21:11:24 connectionpool.py [line:975] DEBUG: Starting new HTTPS connection (1): httpbin.org:443
2021-04-18 21:11:26 connectionpool.py [line:975] DEBUG: Starting new HTTPS connection (1): httpbin.org:443
2021-04-18 21:11:34 httpbin_check.py [line:47] DEBUG: {'ip': '203.160.163.58', 'port': '8080', 'protocol': -1, 'nick_type': -1, 'speed': -1, 'area': 'Philippines', 'score': 50}
2021-04-18 21:11:34 connectionpool.py [line:231] DEBUG: Starting new HTTP connection (1): 75.134.84.195:8080
2021-04-18 21:11:36 httpbin_check.py [line:47] DEBUG: {'ip': '27.205.44.205', 'port': '9000', 'protocol': -1, 'nick_type': -1, 'speed': -1, 'area': '高匿_山东省潍坊市联通', 'score': 50}
2021-04-18 21:11:36 connectionpool.py [line:231] DEBUG: Starting new HTTP connection (1): 49.86.179.133:9999
2021-04-18 21:11:44 connectionpool.py [line:975] DEBUG: Starting new HTTPS connection (1): httpbin.org:443
2021-04-18 21:11:46 connectionpool.py [line:975] DEBUG: Starting new HTTPS connection (1): httpbin.org:443
2021-04-18 21:11:54 httpbin_check.py [line:47] DEBUG: {'ip': '75.134.84.195', 'port': '8080', 'protocol': -1, 'nick_type': -1, 'speed': -1, 'area': 'United States', 'score': 50}
2021-04-18 21:11:54 connectionpool.py [line:231] DEBUG: Starting new HTTP connection (1): 182.180.154.47:3128
2021-04-18 21:11:56 httpbin_check.py [line:47] DEBUG: {'ip': '49.86.179.133', 'port': '9999', 'protocol': -1, 'nick_type': -1, 'speed': -1, 'area': '江苏省扬州市', 'score': 50}
2021-04-18 21:11:56 connectionpool.py [line:231] DEBUG: Starting new HTTP connection (1): 218.27.221.155:9999
2021-04-18 21:12:01 connectionpool.py [line:975] DEBUG: Starting new HTTPS connection (1): httpbin.org:443
2021-04-18 21:12:06 connectionpool.py [line:975] DEBUG: Starting new HTTPS connection (1): httpbin.org:443
2021-04-18 21:12:11 httpbin_check.py [line:47] DEBUG: {'ip': '182.180.154.47', 'port': '3128', 'protocol': -1, 'nick_type': -1, 'speed': -1, 'area': 'Pakistan', 'score': 50}
2021-04-18 21:12:11 connectionpool.py [line:231] DEBUG: Starting new HTTP connection (1): 23.95.43.171:3128
2021-04-18 21:12:16 httpbin_check.py [line:47] DEBUG: {'ip': '218.27.221.155', 'port': '9999', 'protocol': -1, 'nick_type': -1, 'speed': -1, 'area': '吉林省白山市', 'score': 50}
2021-04-18 21:12:16 connectionpool.py [line:231] DEBUG: Starting new HTTP connection (1): 218.27.220.239:9999
2021-04-18 21:12:21 connectionpool.py [line:975] DEBUG: Starting new HTTPS connection (1): httpbin.org:443
2021-04-18 21:12:26 connectionpool.py [line:975] DEBUG: Starting new HTTPS connection (1): httpbin.org:443
2021-04-18 21:12:31 httpbin_check.py [line:47] DEBUG: {'ip': '23.95.43.171', 'port': '3128', 'protocol': -1, 'nick_type': -1, 'speed': -1, 'area': 'United States', 'score': 50}
2021-04-18 21:12:31 connectionpool.py [line:231] DEBUG: Starting new HTTP connection (1): 82.192.30.238:8080
2021-04-18 21:12:36 httpbin_check.py [line:47] DEBUG: {'ip': '218.27.220.239', 'port': '9999', 'protocol': -1, 'nick_type': -1, 'speed': -1, 'area': '吉林省白山市', 'score': 50}
2021-04-18 21:12:36 connectionpool.py [line:231] DEBUG: Starting new HTTP connection (1): 27.43.189.253:9999
2021-04-18 21:12:41 connectionpool.py [line:975] DEBUG: Starting new HTTPS connection (1): httpbin.org:443
2021-04-18 21:12:46 connectionpool.py [line:975] DEBUG: Starting new HTTPS connection (1): httpbin.org:443
2021-04-18 21:12:51 httpbin_check.py [line:47] DEBUG: {'ip': '82.192.30.238', 'port': '8080', 'protocol': -1, 'nick_type': -1, 'speed': -1, 'area': 'Austria', 'score': 50}
2021-04-18 21:12:51 connectionpool.py [line:231] DEBUG: Starting new HTTP connection (1): 198.23.143.27:8080
2021-04-18 21:12:55 connectionpool.py [line:975] DEBUG: Starting new HTTPS connection (1): httpbin.org:443
2021-04-18 21:12:57 httpbin_check.py [line:47] DEBUG: {'ip': '27.43.189.253', 'port': '9999', 'protocol': -1, 'nick_type': -1, 'speed': -1, 'area': '广东省梅州市', 'score': 50}
2021-04-18 21:12:57 connectionpool.py [line:231] DEBUG: Starting new HTTP connection (1): 223.247.165.190:9999
2021-04-18 21:13:05 httpbin_check.py [line:47] DEBUG: {'ip': '198.23.143.27', 'port': '8080', 'protocol': -1, 'nick_type': -1, 'speed': -1, 'area': 'United States', 'score': 50}
2021-04-18 21:13:05 connectionpool.py [line:231] DEBUG: Starting new HTTP connection (1): 190.186.42.124:8080
2021-04-18 21:13:07 connectionpool.py [line:975] DEBUG: Starting new HTTPS connection (1): httpbin.org:443
2021-04-18 21:13:15 connectionpool.py [line:975] DEBUG: Starting new HTTPS connection (1): httpbin.org:443
2021-04-18 21:13:17 httpbin_check.py [line:47] DEBUG: {'ip': '223.247.165.190', 'port': '9999', 'protocol': -1, 'nick_type': -1, 'speed': -1, 'area': '安徽省淮北市', 'score': 50}
2021-04-18 21:13:17 connectionpool.py [line:231] DEBUG: Starting new HTTP connection (1): 223.241.119.108:8888
2021-04-18 21:13:25 httpbin_check.py [line:47] DEBUG: {'ip': '190.186.42.124', 'port': '8080', 'protocol': -1, 'nick_type': -1, 'speed': -1, 'area': 'Bolivia', 'score': 50}
2021-04-18 21:13:25 connectionpool.py [line:231] DEBUG: Starting new HTTP connection (1): 36.66.34.10:8080
2021-04-18 21:13:27 connectionpool.py [line:975] DEBUG: Starting new HTTPS connection (1): httpbin.org:443
2021-04-18 21:13:30 connectionpool.py [line:975] DEBUG: Starting new HTTPS connection (1): httpbin.org:443
2021-04-18 21:13:37 httpbin_check.py [line:47] DEBUG: {'ip': '223.241.119.108', 'port': '8888', 'protocol': -1, 'nick_type': -1, 'speed': -1, 'area': '安徽省芜湖市', 'score': 50}
2021-04-18 21:13:37 connectionpool.py [line:231] DEBUG: Starting new HTTP connection (1): 218.27.250.253:9999
2021-04-18 21:13:40 httpbin_check.py [line:47] DEBUG: {'ip': '36.66.34.10', 'port': '8080', 'protocol': -1, 'nick_type': -1, 'speed': -1, 'area': 'Indonesia', 'score': 50}
2021-04-18 21:13:40 connectionpool.py [line:231] DEBUG: Starting new HTTP connection (1): 84.22.46.25:8080
2021-04-18 21:13:47 connectionpool.py [line:975] DEBUG: Starting new HTTPS connection (1): httpbin.org:443
2021-04-18 21:13:47 connectionpool.py [line:975] DEBUG: Starting new HTTPS connection (1): httpbin.org:443
2021-04-18 21:13:49 httpbin_check.py [line:47] DEBUG: {'ip': '218.27.250.253', 'port': '9999', 'protocol': -1, 'nick_type': -1, 'speed': -1, 'area': '吉林省白山市', 'score': 50}
2021-04-18 21:13:49 connectionpool.py [line:231] DEBUG: Starting new HTTP connection (1): 27.10.153.152:9999
2021-04-18 21:13:57 httpbin_check.py [line:47] DEBUG: {'ip': '84.22.46.25', 'port': '8080', 'protocol': -1, 'nick_type': -1, 'speed': -1, 'area': 'Serbia', 'score': 50}
2021-04-18 21:13:57 connectionpool.py [line:231] DEBUG: Starting new HTTP connection (1): 103.19.109.186:8088
2021-04-18 21:13:59 connectionpool.py [line:975] DEBUG: Starting new HTTPS connection (1): httpbin.org:443
2021-04-18 21:14:07 connectionpool.py [line:975] DEBUG: Starting new HTTPS connection (1): httpbin.org:443
2021-04-18 21:14:09 httpbin_check.py [line:47] DEBUG: {'ip': '27.10.153.152', 'port': '9999', 'protocol': -1, 'nick_type': -1, 'speed': -1, 'area': '高匿_重庆市联通', 'score': 50}
2021-04-18 21:14:09 connectionpool.py [line:231] DEBUG: Starting new HTTP connection (1): www.ip3366.net:80
2021-04-18 21:14:09 connectionpool.py [line:461] DEBUG: http://www.ip3366.net:80 "GET /free/?stype=3&page=1 HTTP/1.1" 200 5263
2021-04-18 21:14:09 connectionpool.py [line:231] DEBUG: Starting new HTTP connection (1): 134.35.125.10:8080
2021-04-18 21:14:17 httpbin_check.py [line:47] DEBUG: {'ip': '103.19.109.186', 'port': '8088', 'protocol': -1, 'nick_type': -1, 'speed': -1, 'area': 'Indonesia', 'score': 50}
2021-04-18 21:14:17 connectionpool.py [line:231] DEBUG: Starting new HTTP connection (1): 61.90.41.97:8888
2021-04-18 21:14:19 connectionpool.py [line:975] DEBUG: Starting new HTTPS connection (1): httpbin.org:443
2021-04-18 21:14:27 connectionpool.py [line:975] DEBUG: Starting new HTTPS connection (1): httpbin.org:443
2021-04-18 21:14:29 httpbin_check.py [line:47] DEBUG: {'ip': '134.35.125.10', 'port': '8080', 'protocol': -1, 'nick_type': -1, 'speed': -1, 'area': '高匿_也门', 'score': 50}
2021-04-18 21:14:29 connectionpool.py [line:231] DEBUG: Starting new HTTP connection (1): 134.35.125.196:8080
2021-04-18 21:14:37 httpbin_check.py [line:47] DEBUG: {'ip': '61.90.41.97', 'port': '8888', 'protocol': -1, 'nick_type': -1, 'speed': -1, 'area': 'Thailand', 'score': 50}
2021-04-18 21:14:37 connectionpool.py [line:231] DEBUG: Starting new HTTP connection (1): 176.123.129.14:8080
2021-04-18 21:14:39 connectionpool.py [line:975] DEBUG: Starting new HTTPS connection (1): httpbin.org:443
2021-04-18 21:14:40 connectionpool.py [line:975] DEBUG: Starting new HTTPS connection (1): httpbin.org:443
2021-04-18 21:14:44 httpbin_check.py [line:47] DEBUG: {'ip': '176.123.129.14', 'port': '8080', 'protocol': -1, 'nick_type': -1, 'speed': -1, 'area': 'Russian Federation', 'score': 50}
2021-04-18 21:14:44 connectionpool.py [line:231] DEBUG: Starting new HTTP connection (1): 46.39.192.48:8080
2021-04-18 21:14:49 httpbin_check.py [line:47] DEBUG: {'ip': '134.35.125.196', 'port': '8080', 'protocol': -1, 'nick_type': -1, 'speed': -1, 'area': '高匿_也门', 'score': 50}
2021-04-18 21:14:49 connectionpool.py [line:231] DEBUG: Starting new HTTP connection (1): 186.90.218.206:8080
2021-04-18 21:14:54 connectionpool.py [line:975] DEBUG: Starting new HTTPS connection (1): httpbin.org:443
2021-04-18 21:15:00 connectionpool.py [line:975] DEBUG: Starting new HTTPS connection (1): httpbin.org:443
2021-04-18 21:15:04 httpbin_check.py [line:47] DEBUG: {'ip': '46.39.192.48', 'port': '8080', 'protocol': -1, 'nick_type': -1, 'speed': -1, 'area': 'Spain', 'score': 50}
2021-04-18 21:15:04 connectionpool.py [line:231] DEBUG: Starting new HTTP connection (1): 103.247.101.102:8080
2021-04-18 21:15:10 httpbin_check.py [line:47] DEBUG: {'ip': '186.90.218.206', 'port': '8080', 'protocol': -1, 'nick_type': -1, 'speed': -1, 'area': 'SSL高匿_委内瑞拉', 'score': 50}
2021-04-18 21:15:10 connectionpool.py [line:231] DEBUG: Starting new HTTP connection (1): 186.88.243.93:8080
2021-04-18 21:15:13 connectionpool.py [line:461] DEBUG: http://186.88.243.93:8080 "GET http://httpbin.org/get HTTP/1.1" 200 427
2021-04-18 21:15:14 connectionpool.py [line:975] DEBUG: Starting new HTTPS connection (1): httpbin.org:443
2021-04-18 21:15:14 connectionpool.py [line:975] DEBUG: Starting new HTTPS connection (1): httpbin.org:443
2021-04-18 21:15:24 httpbin_check.py [line:47] DEBUG: {'ip': '103.247.101.102', 'port': '8080', 'protocol': -1, 'nick_type': -1, 'speed': -1, 'area': 'Indonesia', 'score': 50}
2021-04-18 21:15:24 connectionpool.py [line:231] DEBUG: Starting new HTTP connection (1): 103.4.66.45:8080
2021-04-18 21:15:25 httpbin_check.py [line:47] DEBUG: {'ip': '186.88.243.93', 'port': '8080', 'protocol': 0, 'nick_type': 2, 'speed': 3.89, 'area': 'SSL高匿_委内瑞拉', 'score': 50}
2021-04-18 21:15:28 connectionpool.py [line:975] DEBUG: Starting new HTTPS connection (1): httpbin.org:443
2021-04-18 21:15:32 httpbin_check.py [line:47] DEBUG: {'ip': '103.4.66.45', 'port': '8080', 'protocol': -1, 'nick_type': -1, 'speed': -1, 'area': 'Bangladesh', 'score': 50}
2021-04-18 21:15:32 connectionpool.py [line:231] DEBUG: Starting new HTTP connection (1): 202.56.160.110:8080
2021-04-18 21:15:42 connectionpool.py [line:975] DEBUG: Starting new HTTPS connection (1): httpbin.org:443
2021-04-18 21:15:47 run_crawler.py [line:47] ERROR: (0, '')
Traceback (most recent call last):
  File "D:\Learning software\Python\lib\site-packages\pymysql\connections.py", line 732, in _read_bytes
    data = self._rfile.read(num_bytes)
  File "D:\Learning software\Python\lib\socket.py", line 589, in readinto
    return self._sock.recv_into(b)
  File "D:\Learning software\Python\lib\site-packages\gevent\_socketcommon.py", line 688, in recv_into
    return self._sock.recv_into(*args)
ConnectionResetError: [WinError 10054] 远程主机强迫关闭了一个现有的连接。

During handling of the above exception, another exception occurred:

Traceback (most recent call last):
  File "C:\Users\1234\PycharmProjects\domin\db\mysql_pool.py", line 29, in insert
    cursor.execute(sql)
  File "D:\Learning software\Python\lib\site-packages\pymysql\cursors.py", line 148, in execute
    result = self._query(query)
  File "D:\Learning software\Python\lib\site-packages\pymysql\cursors.py", line 310, in _query
    conn.query(q)
  File "D:\Learning software\Python\lib\site-packages\pymysql\connections.py", line 548, in query
    self._affected_rows = self._read_query_result(unbuffered=unbuffered)
  File "D:\Learning software\Python\lib\site-packages\pymysql\connections.py", line 775, in _read_query_result
    result.read()
  File "D:\Learning software\Python\lib\site-packages\pymysql\connections.py", line 1156, in read
    first_packet = self.connection._read_packet()
  File "D:\Learning software\Python\lib\site-packages\pymysql\connections.py", line 692, in _read_packet
    packet_header = self._read_bytes(4)
  File "D:\Learning software\Python\lib\site-packages\pymysql\connections.py", line 740, in _read_bytes
    "Lost connection to MySQL server during query (%s)" % (e,),
pymysql.err.OperationalError: (2013, 'Lost connection to MySQL server during query ([WinError 10054] 远程主机强迫关闭了一个现有的连接。)')

During handling of the above exception, another exception occurred:

Traceback (most recent call last):
  File "C:\Users\1234\PycharmProjects\domin\ip_agent_pool\ip_crawler\run_crawler.py", line 45, in __run_one_crawler
    self.ip_pool.insert(proxy)
  File "C:\Users\1234\PycharmProjects\domin\db\mysql_pool.py", line 34, in insert
    self.db.rollback()
  File "D:\Learning software\Python\lib\site-packages\pymysql\connections.py", line 479, in rollback
    self._execute_command(COMMAND.COM_QUERY, "ROLLBACK")
  File "D:\Learning software\Python\lib\site-packages\pymysql\connections.py", line 793, in _execute_command
    raise err.InterfaceError(0, "")
pymysql.err.InterfaceError: (0, '')
2021-04-18 21:15:47 run_crawler.py [line:48] ERROR: 爬虫<ip_agent_pool.ip_crawler.ipweb_crawler.Ip3366Crawler object at 0x000001D328A29B00> 出现错误
Traceback (most recent call last):
  File "D:\Learning software\Python\lib\site-packages\pymysql\connections.py", line 732, in _read_bytes
    data = self._rfile.read(num_bytes)
  File "D:\Learning software\Python\lib\socket.py", line 589, in readinto
    return self._sock.recv_into(b)
  File "D:\Learning software\Python\lib\site-packages\gevent\_socketcommon.py", line 688, in recv_into
    return self._sock.recv_into(*args)
ConnectionResetError: [WinError 10054] 远程主机强迫关闭了一个现有的连接。

During handling of the above exception, another exception occurred:

Traceback (most recent call last):
  File "C:\Users\1234\PycharmProjects\domin\db\mysql_pool.py", line 29, in insert
    cursor.execute(sql)
  File "D:\Learning software\Python\lib\site-packages\pymysql\cursors.py", line 148, in execute
    result = self._query(query)
  File "D:\Learning software\Python\lib\site-packages\pymysql\cursors.py", line 310, in _query
    conn.query(q)
  File "D:\Learning software\Python\lib\site-packages\pymysql\connections.py", line 548, in query
    self._affected_rows = self._read_query_result(unbuffered=unbuffered)
  File "D:\Learning software\Python\lib\site-packages\pymysql\connections.py", line 775, in _read_query_result
    result.read()
  File "D:\Learning software\Python\lib\site-packages\pymysql\connections.py", line 1156, in read
    first_packet = self.connection._read_packet()
  File "D:\Learning software\Python\lib\site-packages\pymysql\connections.py", line 692, in _read_packet
    packet_header = self._read_bytes(4)
  File "D:\Learning software\Python\lib\site-packages\pymysql\connections.py", line 740, in _read_bytes
    "Lost connection to MySQL server during query (%s)" % (e,),
pymysql.err.OperationalError: (2013, 'Lost connection to MySQL server during query ([WinError 10054] 远程主机强迫关闭了一个现有的连接。)')

During handling of the above exception, another exception occurred:

Traceback (most recent call last):
  File "C:\Users\1234\PycharmProjects\domin\ip_agent_pool\ip_crawler\run_crawler.py", line 45, in __run_one_crawler
    self.ip_pool.insert(proxy)
  File "C:\Users\1234\PycharmProjects\domin\db\mysql_pool.py", line 34, in insert
    self.db.rollback()
  File "D:\Learning software\Python\lib\site-packages\pymysql\connections.py", line 479, in rollback
    self._execute_command(COMMAND.COM_QUERY, "ROLLBACK")
  File "D:\Learning software\Python\lib\site-packages\pymysql\connections.py", line 793, in _execute_command
    raise err.InterfaceError(0, "")
pymysql.err.InterfaceError: (0, '')
2021-04-18 21:15:52 httpbin_check.py [line:47] DEBUG: {'ip': '202.56.160.110', 'port': '8080', 'protocol': -1, 'nick_type': -1, 'speed': -1, 'area': 'Indonesia', 'score': 50}
2021-04-18 21:15:52 connectionpool.py [line:231] DEBUG: Starting new HTTP connection (1): 78.189.178.224:80
2021-04-18 21:16:02 connectionpool.py [line:975] DEBUG: Starting new HTTPS connection (1): httpbin.org:443
2021-04-18 21:16:12 httpbin_check.py [line:47] DEBUG: {'ip': '78.189.178.224', 'port': '80', 'protocol': -1, 'nick_type': -1, 'speed': -1, 'area': 'Turkey', 'score': 50}
2021-04-18 21:16:12 connectionpool.py [line:231] DEBUG: Starting new HTTP connection (1): 186.19.175.6:3128
2021-04-18 21:16:22 connectionpool.py [line:975] DEBUG: Starting new HTTPS connection (1): httpbin.org:443
2021-04-18 21:16:32 httpbin_check.py [line:47] DEBUG: {'ip': '186.19.175.6', 'port': '3128', 'protocol': -1, 'nick_type': -1, 'speed': -1, 'area': 'Argentina', 'score': 50}
2021-04-18 21:16:32 connectionpool.py [line:231] DEBUG: Starting new HTTP connection (1): 103.246.1.101:8080
2021-04-18 21:16:42 connectionpool.py [line:975] DEBUG: Starting new HTTPS connection (1): httpbin.org:443
2021-04-18 21:16:52 httpbin_check.py [line:47] DEBUG: {'ip': '103.246.1.101', 'port': '8080', 'protocol': -1, 'nick_type': -1, 'speed': -1, 'area': 'Indonesia', 'score': 50}
2021-04-18 21:16:52 connectionpool.py [line:231] DEBUG: Starting new HTTP connection (1): 119.18.153.18:8080
2021-04-18 21:17:02 connectionpool.py [line:975] DEBUG: Starting new HTTPS connection (1): httpbin.org:443
2021-04-18 21:17:06 httpbin_check.py [line:47] DEBUG: {'ip': '119.18.153.18', 'port': '8080', 'protocol': -1, 'nick_type': -1, 'speed': -1, 'area': 'Indonesia', 'score': 50}
2021-04-18 21:17:06 connectionpool.py [line:231] DEBUG: Starting new HTTP connection (1): 125.209.73.57:8080
2021-04-18 21:17:16 connectionpool.py [line:975] DEBUG: Starting new HTTPS connection (1): httpbin.org:443
2021-04-18 21:17:21 httpbin_check.py [line:47] DEBUG: {'ip': '125.209.73.57', 'port': '8080', 'protocol': -1, 'nick_type': -1, 'speed': -1, 'area': 'Pakistan', 'score': 50}
2021-04-18 21:17:21 connectionpool.py [line:231] DEBUG: Starting new HTTP connection (1): 186.101.113.234:8080
2021-04-18 21:17:31 connectionpool.py [line:975] DEBUG: Starting new HTTPS connection (1): httpbin.org:443
2021-04-18 21:17:41 httpbin_check.py [line:47] DEBUG: {'ip': '186.101.113.234', 'port': '8080', 'protocol': -1, 'nick_type': -1, 'speed': -1, 'area': 'Ecuador', 'score': 50}
2021-04-18 21:17:41 connectionpool.py [line:231] DEBUG: Starting new HTTP connection (1): 36.66.242.10:8080
2021-04-18 21:17:51 connectionpool.py [line:975] DEBUG: Starting new HTTPS connection (1): httpbin.org:443
2021-04-18 21:18:01 httpbin_check.py [line:47] DEBUG: {'ip': '36.66.242.10', 'port': '8080', 'protocol': -1, 'nick_type': -1, 'speed': -1, 'area': 'Indonesia', 'score': 50}
2021-04-18 21:18:01 connectionpool.py [line:231] DEBUG: Starting new HTTP connection (1): 180.250.100.66:3128
2021-04-18 21:18:11 connectionpool.py [line:975] DEBUG: Starting new HTTPS connection (1): httpbin.org:443
2021-04-18 21:18:21 httpbin_check.py [line:47] DEBUG: {'ip': '180.250.100.66', 'port': '3128', 'protocol': -1, 'nick_type': -1, 'speed': -1, 'area': 'Indonesia', 'score': 50}
2021-04-18 21:18:21 connectionpool.py [line:231] DEBUG: Starting new HTTP connection (1): 94.154.222.95:8080
2021-04-18 21:18:31 connectionpool.py [line:975] DEBUG: Starting new HTTPS connection (1): httpbin.org:443
2021-04-18 21:18:41 httpbin_check.py [line:47] DEBUG: {'ip': '94.154.222.95', 'port': '8080', 'protocol': -1, 'nick_type': -1, 'speed': -1, 'area': 'Ukraine', 'score': 50}
2021-04-18 21:18:41 connectionpool.py [line:231] DEBUG: Starting new HTTP connection (1): 80.188.135.10:8080
2021-04-18 21:18:51 connectionpool.py [line:975] DEBUG: Starting new HTTPS connection (1): httpbin.org:443
2021-04-18 21:19:01 httpbin_check.py [line:47] DEBUG: {'ip': '80.188.135.10', 'port': '8080', 'protocol': -1, 'nick_type': -1, 'speed': -1, 'area': 'Czech Republic', 'score': 50}
2021-04-18 21:19:01 connectionpool.py [line:231] DEBUG: Starting new HTTP connection (1): 83.241.46.175:8080
2021-04-18 21:19:11 connectionpool.py [line:975] DEBUG: Starting new HTTPS connection (1): httpbin.org:443
2021-04-18 21:19:21 httpbin_check.py [line:47] DEBUG: {'ip': '83.241.46.175', 'port': '8080', 'protocol': -1, 'nick_type': -1, 'speed': -1, 'area': 'Latvia', 'score': 50}
2021-04-18 21:19:21 connectionpool.py [line:231] DEBUG: Starting new HTTP connection (1): 104.236.156.162:80
2021-04-18 21:19:31 connectionpool.py [line:975] DEBUG: Starting new HTTPS connection (1): httpbin.org:443
2021-04-18 21:19:41 httpbin_check.py [line:47] DEBUG: {'ip': '104.236.156.162', 'port': '80', 'protocol': -1, 'nick_type': -1, 'speed': -1, 'area': 'United States', 'score': 50}
2021-04-18 21:19:41 connectionpool.py [line:231] DEBUG: Starting new HTTP connection (1): 190.77.134.96:8080
2021-04-18 21:19:51 connectionpool.py [line:975] DEBUG: Starting new HTTPS connection (1): httpbin.org:443
2021-04-18 21:20:01 httpbin_check.py [line:47] DEBUG: {'ip': '190.77.134.96', 'port': '8080', 'protocol': -1, 'nick_type': -1, 'speed': -1, 'area': 'Venezuela', 'score': 50}
2021-04-18 21:20:01 connectionpool.py [line:231] DEBUG: Starting new HTTP connection (1): 188.214.23.78:80
2021-04-18 21:20:11 connectionpool.py [line:975] DEBUG: Starting new HTTPS connection (1): httpbin.org:443
2021-04-18 21:20:21 httpbin_check.py [line:47] DEBUG: {'ip': '188.214.23.78', 'port': '80', 'protocol': -1, 'nick_type': -1, 'speed': -1, 'area': 'Romania', 'score': 50}
2021-04-18 21:20:21 connectionpool.py [line:231] DEBUG: Starting new HTTP connection (1): 89.122.149.97:3128
2021-04-18 21:20:31 connectionpool.py [line:975] DEBUG: Starting new HTTPS connection (1): httpbin.org:443
2021-04-18 21:20:41 httpbin_check.py [line:47] DEBUG: {'ip': '89.122.149.97', 'port': '3128', 'protocol': -1, 'nick_type': -1, 'speed': -1, 'area': 'Romania', 'score': 50}
2021-04-18 21:20:41 connectionpool.py [line:231] DEBUG: Starting new HTTP connection (1): 217.117.13.170:8080
2021-04-18 21:20:51 connectionpool.py [line:975] DEBUG: Starting new HTTPS connection (1): httpbin.org:443
2021-04-18 21:21:01 httpbin_check.py [line:47] DEBUG: {'ip': '217.117.13.170', 'port': '8080', 'protocol': -1, 'nick_type': -1, 'speed': -1, 'area': 'Nigeria', 'score': 50}
2021-04-18 21:21:01 connectionpool.py [line:231] DEBUG: Starting new HTTP connection (1): 46.97.0.186:8080
2021-04-18 21:21:11 connectionpool.py [line:975] DEBUG: Starting new HTTPS connection (1): httpbin.org:443
2021-04-18 21:21:21 httpbin_check.py [line:47] DEBUG: {'ip': '46.97.0.186', 'port': '8080', 'protocol': -1, 'nick_type': -1, 'speed': -1, 'area': 'Romania', 'score': 50}
2021-04-18 21:21:21 connectionpool.py [line:231] DEBUG: Starting new HTTP connection (1): 107.163.117.80:808
2021-04-18 21:21:31 connectionpool.py [line:975] DEBUG: Starting new HTTPS connection (1): httpbin.org:443
2021-04-18 21:21:41 httpbin_check.py [line:47] DEBUG: {'ip': '107.163.117.80', 'port': '808', 'protocol': -1, 'nick_type': -1, 'speed': -1, 'area': 'United States', 'score': 50}
2021-04-18 21:21:41 connectionpool.py [line:231] DEBUG: Starting new HTTP connection (1): 104.40.159.62:8118
2021-04-18 21:21:51 connectionpool.py [line:975] DEBUG: Starting new HTTPS connection (1): httpbin.org:443
2021-04-18 21:22:01 httpbin_check.py [line:47] DEBUG: {'ip': '104.40.159.62', 'port': '8118', 'protocol': -1, 'nick_type': -1, 'speed': -1, 'area': 'Netherlands', 'score': 50}
2021-04-18 21:22:01 connectionpool.py [line:231] DEBUG: Starting new HTTP connection (1): 107.163.117.160:808
2021-04-18 21:22:11 connectionpool.py [line:975] DEBUG: Starting new HTTPS connection (1): httpbin.org:443
2021-04-18 21:22:21 httpbin_check.py [line:47] DEBUG: {'ip': '107.163.117.160', 'port': '808', 'protocol': -1, 'nick_type': -1, 'speed': -1, 'area': 'United States', 'score': 50}
2021-04-18 21:22:21 connectionpool.py [line:231] DEBUG: Starting new HTTP connection (1): 107.163.117.58:808
2021-04-18 21:22:31 connectionpool.py [line:975] DEBUG: Starting new HTTPS connection (1): httpbin.org:443
2021-04-18 21:22:41 httpbin_check.py [line:47] DEBUG: {'ip': '107.163.117.58', 'port': '808', 'protocol': -1, 'nick_type': -1, 'speed': -1, 'area': 'United States', 'score': 50}
2021-04-18 21:22:41 connectionpool.py [line:231] DEBUG: Starting new HTTP connection (1): 107.163.117.239:808
2021-04-18 21:22:51 connectionpool.py [line:975] DEBUG: Starting new HTTPS connection (1): httpbin.org:443
2021-04-18 21:23:01 httpbin_check.py [line:47] DEBUG: {'ip': '107.163.117.239', 'port': '808', 'protocol': -1, 'nick_type': -1, 'speed': -1, 'area': 'United States', 'score': 50}
2021-04-18 21:23:01 connectionpool.py [line:231] DEBUG: Starting new HTTP connection (1): 80.79.127.140:8080
2021-04-18 21:23:11 connectionpool.py [line:975] DEBUG: Starting new HTTPS connection (1): httpbin.org:443
2021-04-18 21:23:21 httpbin_check.py [line:47] DEBUG: {'ip': '80.79.127.140', 'port': '8080', 'protocol': -1, 'nick_type': -1, 'speed': -1, 'area': 'Estonia', 'score': 50}
2021-04-18 21:23:21 connectionpool.py [line:231] DEBUG: Starting new HTTP connection (1): 107.163.117.178:808
2021-04-18 21:23:31 connectionpool.py [line:975] DEBUG: Starting new HTTPS connection (1): httpbin.org:443
2021-04-18 21:23:41 httpbin_check.py [line:47] DEBUG: {'ip': '107.163.117.178', 'port': '808', 'protocol': -1, 'nick_type': -1, 'speed': -1, 'area': 'United States', 'score': 50}
2021-04-18 21:23:41 connectionpool.py [line:231] DEBUG: Starting new HTTP connection (1): 107.163.117.13:808
2021-04-18 21:23:51 connectionpool.py [line:975] DEBUG: Starting new HTTPS connection (1): httpbin.org:443
2021-04-18 21:24:01 httpbin_check.py [line:47] DEBUG: {'ip': '107.163.117.13', 'port': '808', 'protocol': -1, 'nick_type': -1, 'speed': -1, 'area': 'United States', 'score': 50}
2021-04-18 21:24:01 connectionpool.py [line:231] DEBUG: Starting new HTTP connection (1): 107.163.117.61:808
2021-04-18 21:24:11 connectionpool.py [line:975] DEBUG: Starting new HTTPS connection (1): httpbin.org:443
2021-04-18 21:24:21 httpbin_check.py [line:47] DEBUG: {'ip': '107.163.117.61', 'port': '808', 'protocol': -1, 'nick_type': -1, 'speed': -1, 'area': 'United States', 'score': 50}
2021-04-18 21:24:21 connectionpool.py [line:231] DEBUG: Starting new HTTP connection (1): 111.68.123.214:8080
2021-04-18 21:24:28 connectionpool.py [line:975] DEBUG: Starting new HTTPS connection (1): httpbin.org:443
2021-04-18 21:24:38 httpbin_check.py [line:47] DEBUG: {'ip': '111.68.123.214', 'port': '8080', 'protocol': -1, 'nick_type': -1, 'speed': -1, 'area': 'Indonesia', 'score': 50}
2021-04-18 21:24:38 connectionpool.py [line:231] DEBUG: Starting new HTTP connection (1): 107.163.208.201:808
2021-04-18 21:24:48 connectionpool.py [line:975] DEBUG: Starting new HTTPS connection (1): httpbin.org:443
2021-04-18 21:24:58 httpbin_check.py [line:47] DEBUG: {'ip': '107.163.208.201', 'port': '808', 'protocol': -1, 'nick_type': -1, 'speed': -1, 'area': 'United States', 'score': 50}
2021-04-18 21:24:58 connectionpool.py [line:231] DEBUG: Starting new HTTP connection (1): 112.105.11.196:8088
2021-04-18 21:25:08 connectionpool.py [line:975] DEBUG: Starting new HTTPS connection (1): httpbin.org:443
2021-04-18 21:25:18 httpbin_check.py [line:47] DEBUG: {'ip': '112.105.11.196', 'port': '8088', 'protocol': -1, 'nick_type': -1, 'speed': -1, 'area': 'Taiwan', 'score': 50}
2021-04-18 21:25:18 connectionpool.py [line:975] DEBUG: Starting new HTTPS connection (1): list.proxylistplus.com:443
2021-04-18 21:25:19 connectionpool.py [line:461] DEBUG: https://list.proxylistplus.com:443 "GET /Fresh-HTTP-Proxy-List-2 HTTP/1.1" 200 None
2021-04-18 21:25:19 connectionpool.py [line:231] DEBUG: Starting new HTTP connection (1): 162.243.55.213:8118
2021-04-18 21:25:29 connectionpool.py [line:975] DEBUG: Starting new HTTPS connection (1): httpbin.org:443
2021-04-18 21:25:39 httpbin_check.py [line:47] DEBUG: {'ip': '162.243.55.213', 'port': '8118', 'protocol': -1, 'nick_type': -1, 'speed': -1, 'area': 'United States', 'score': 50}
2021-04-18 21:25:39 connectionpool.py [line:231] DEBUG: Starting new HTTP connection (1): 173.164.40.13:8118
2021-04-18 21:25:50 connectionpool.py [line:975] DEBUG: Starting new HTTPS connection (1): httpbin.org:443
2021-04-18 21:26:00 httpbin_check.py [line:47] DEBUG: {'ip': '173.164.40.13', 'port': '8118', 'protocol': -1, 'nick_type': -1, 'speed': -1, 'area': 'United States', 'score': 50}
2021-04-18 21:26:00 connectionpool.py [line:231] DEBUG: Starting new HTTP connection (1): 190.121.138.162:8080
2021-04-18 21:26:10 connectionpool.py [line:975] DEBUG: Starting new HTTPS connection (1): httpbin.org:443
2021-04-18 21:26:20 httpbin_check.py [line:47] DEBUG: {'ip': '190.121.138.162', 'port': '8080', 'protocol': -1, 'nick_type': -1, 'speed': -1, 'area': 'Colombia', 'score': 50}
2021-04-18 21:26:20 connectionpool.py [line:231] DEBUG: Starting new HTTP connection (1): 202.137.230.220:80
2021-04-18 21:26:30 connectionpool.py [line:975] DEBUG: Starting new HTTPS connection (1): httpbin.org:443
2021-04-18 21:26:40 httpbin_check.py [line:47] DEBUG: {'ip': '202.137.230.220', 'port': '80', 'protocol': -1, 'nick_type': -1, 'speed': -1, 'area': 'Indonesia', 'score': 50}
2021-04-18 21:26:40 connectionpool.py [line:231] DEBUG: Starting new HTTP connection (1): 152.8.244.29:8080
2021-04-18 21:26:50 connectionpool.py [line:975] DEBUG: Starting new HTTPS connection (1): httpbin.org:443
2021-04-18 21:27:00 httpbin_check.py [line:47] DEBUG: {'ip': '152.8.244.29', 'port': '8080', 'protocol': -1, 'nick_type': -1, 'speed': -1, 'area': 'United States', 'score': 50}
2021-04-18 21:27:00 connectionpool.py [line:231] DEBUG: Starting new HTTP connection (1): 107.163.117.117:808
2021-04-18 21:27:10 connectionpool.py [line:975] DEBUG: Starting new HTTPS connection (1): httpbin.org:443
2021-04-18 21:27:20 httpbin_check.py [line:47] DEBUG: {'ip': '107.163.117.117', 'port': '808', 'protocol': -1, 'nick_type': -1, 'speed': -1, 'area': 'United States', 'score': 50}
2021-04-18 21:27:20 connectionpool.py [line:231] DEBUG: Starting new HTTP connection (1): 37.187.7.213:8118
2021-04-18 21:27:23 connectionpool.py [line:975] DEBUG: Starting new HTTPS connection (1): httpbin.org:443
2021-04-18 21:27:33 httpbin_check.py [line:47] DEBUG: {'ip': '37.187.7.213', 'port': '8118', 'protocol': -1, 'nick_type': -1, 'speed': -1, 'area': 'France', 'score': 50}
2021-04-18 21:27:33 connectionpool.py [line:231] DEBUG: Starting new HTTP connection (1): 80.91.157.124:80
2021-04-18 21:27:43 connectionpool.py [line:975] DEBUG: Starting new HTTPS connection (1): httpbin.org:443
2021-04-18 21:27:53 httpbin_check.py [line:47] DEBUG: {'ip': '80.91.157.124', 'port': '80', 'protocol': -1, 'nick_type': -1, 'speed': -1, 'area': 'Belgium', 'score': 50}
2021-04-18 21:27:53 connectionpool.py [line:231] DEBUG: Starting new HTTP connection (1): 107.163.208.189:808
2021-04-18 21:28:03 connectionpool.py [line:975] DEBUG: Starting new HTTPS connection (1): httpbin.org:443
2021-04-18 21:28:13 httpbin_check.py [line:47] DEBUG: {'ip': '107.163.208.189', 'port': '808', 'protocol': -1, 'nick_type': -1, 'speed': -1, 'area': 'United States', 'score': 50}
2021-04-18 21:28:13 connectionpool.py [line:231] DEBUG: Starting new HTTP connection (1): 88.255.31.34:9999
2021-04-18 21:28:23 connectionpool.py [line:975] DEBUG: Starting new HTTPS connection (1): httpbin.org:443
2021-04-18 21:28:33 httpbin_check.py [line:47] DEBUG: {'ip': '88.255.31.34', 'port': '9999', 'protocol': -1, 'nick_type': -1, 'speed': -1, 'area': 'Turkey', 'score': 50}
2021-04-18 21:28:33 connectionpool.py [line:231] DEBUG: Starting new HTTP connection (1): 212.126.99.125:8080
2021-04-18 21:28:43 connectionpool.py [line:975] DEBUG: Starting new HTTPS connection (1): httpbin.org:443
2021-04-18 21:28:53 httpbin_check.py [line:47] DEBUG: {'ip': '212.126.99.125', 'port': '8080', 'protocol': -1, 'nick_type': -1, 'speed': -1, 'area': 'Iraq', 'score': 50}
2021-04-18 21:28:53 connectionpool.py [line:231] DEBUG: Starting new HTTP connection (1): 171.97.75.235:8888
2021-04-18 21:29:03 connectionpool.py [line:975] DEBUG: Starting new HTTPS connection (1): httpbin.org:443
2021-04-18 21:29:13 httpbin_check.py [line:47] DEBUG: {'ip': '171.97.75.235', 'port': '8888', 'protocol': -1, 'nick_type': -1, 'speed': -1, 'area': 'Thailand', 'score': 50}
2021-04-18 21:29:13 connectionpool.py [line:231] DEBUG: Starting new HTTP connection (1): 124.122.177.243:8888
2021-04-18 21:29:23 connectionpool.py [line:975] DEBUG: Starting new HTTPS connection (1): httpbin.org:443
2021-04-18 21:29:33 httpbin_check.py [line:47] DEBUG: {'ip': '124.122.177.243', 'port': '8888', 'protocol': -1, 'nick_type': -1, 'speed': -1, 'area': 'Thailand', 'score': 50}
2021-04-18 21:29:33 connectionpool.py [line:231] DEBUG: Starting new HTTP connection (1): 193.124.181.189:4444
2021-04-18 21:29:43 connectionpool.py [line:975] DEBUG: Starting new HTTPS connection (1): httpbin.org:443
2021-04-18 21:29:53 httpbin_check.py [line:47] DEBUG: {'ip': '193.124.181.189', 'port': '4444', 'protocol': -1, 'nick_type': -1, 'speed': -1, 'area': 'Russian Federation', 'score': 50}
2021-04-18 21:29:53 connectionpool.py [line:231] DEBUG: Starting new HTTP connection (1): 171.96.126.170:8888
2021-04-18 21:30:03 connectionpool.py [line:975] DEBUG: Starting new HTTPS connection (1): httpbin.org:443
2021-04-18 21:30:13 httpbin_check.py [line:47] DEBUG: {'ip': '171.96.126.170', 'port': '8888', 'protocol': -1, 'nick_type': -1, 'speed': -1, 'area': 'Thailand', 'score': 50}
2021-04-18 21:30:13 connectionpool.py [line:231] DEBUG: Starting new HTTP connection (1): 58.11.65.141:8888
2021-04-18 22:52:42 _internal.py [line:113] INFO:  * Running on http://0.0.0.0:6868/ (Press CTRL+C to quit)
2021-04-18 22:52:42 connectionpool.py [line:231] DEBUG: Starting new HTTP connection (1): 103.80.83.48:3127
2021-04-18 22:52:42 connectionpool.py [line:231] DEBUG: Starting new HTTP connection (1): 115.221.241.140:9999
2021-04-18 22:52:42 connectionpool.py [line:231] DEBUG: Starting new HTTP connection (1): 116.68.249.228:8089
2021-04-18 22:52:42 connectionpool.py [line:231] DEBUG: Starting new HTTP connection (1): 116.68.254.94:8089
2021-04-18 22:52:42 connectionpool.py [line:231] DEBUG: Starting new HTTP connection (1): 14.97.2.106:80
2021-04-18 22:52:42 connectionpool.py [line:231] DEBUG: Starting new HTTP connection (1): 154.113.19.30:8080
2021-04-18 22:52:42 connectionpool.py [line:231] DEBUG: Starting new HTTP connection (1): 154.72.197.106:42113
2021-04-18 22:52:42 connectionpool.py [line:231] DEBUG: Starting new HTTP connection (1): 181.143.17.35:3128
2021-04-18 22:52:42 connectionpool.py [line:231] DEBUG: Starting new HTTP connection (1): 183.89.198.132:8080
2021-04-18 22:52:42 connectionpool.py [line:231] DEBUG: Starting new HTTP connection (1): 186.91.187.166:8080
2021-04-18 22:52:42 connectionpool.py [line:231] DEBUG: Starting new HTTP connection (1): www.66ip.cn:80
2021-04-18 22:52:42 connectionpool.py [line:231] DEBUG: Starting new HTTP connection (1): www.ip3366.net:80
2021-04-18 22:52:42 connectionpool.py [line:975] DEBUG: Starting new HTTPS connection (1): list.proxylistplus.com:443
2021-04-18 22:52:42 connectionpool.py [line:461] DEBUG: http://www.66ip.cn:80 "GET /1.html HTTP/1.1" 200 9500
2021-04-18 22:52:42 connectionpool.py [line:231] DEBUG: Starting new HTTP connection (1): www.66ip.cn:80
2021-04-18 22:52:42 connectionpool.py [line:461] DEBUG: http://www.66ip.cn:80 "GET /2.html HTTP/1.1" 200 9426
2021-04-18 22:52:42 connectionpool.py [line:461] DEBUG: http://www.ip3366.net:80 "GET /free/?stype=1&page=1 HTTP/1.1" 200 5477
2021-04-18 22:52:42 connectionpool.py [line:231] DEBUG: Starting new HTTP connection (1): 163.204.94.164:9999
2021-04-18 22:52:42 connectionpool.py [line:231] DEBUG: Starting new HTTP connection (1): www.66ip.cn:80
2021-04-18 22:52:43 connectionpool.py [line:461] DEBUG: http://www.66ip.cn:80 "GET /3.html HTTP/1.1" 200 9438
2021-04-18 22:52:43 connectionpool.py [line:231] DEBUG: Starting new HTTP connection (1): www.66ip.cn:80
2021-04-18 22:52:43 connectionpool.py [line:461] DEBUG: http://www.66ip.cn:80 "GET /4.html HTTP/1.1" 200 9445
2021-04-18 22:52:43 connectionpool.py [line:231] DEBUG: Starting new HTTP connection (1): www.66ip.cn:80
2021-04-18 22:52:43 connectionpool.py [line:461] DEBUG: http://www.66ip.cn:80 "GET /5.html HTTP/1.1" 200 9450
2021-04-18 22:52:43 connectionpool.py [line:231] DEBUG: Starting new HTTP connection (1): www.66ip.cn:80
2021-04-18 22:52:44 connectionpool.py [line:461] DEBUG: http://www.66ip.cn:80 "GET /6.html HTTP/1.1" 200 9448
2021-04-18 22:52:44 connectionpool.py [line:231] DEBUG: Starting new HTTP connection (1): www.66ip.cn:80
2021-04-18 22:52:44 connectionpool.py [line:461] DEBUG: http://www.66ip.cn:80 "GET /7.html HTTP/1.1" 200 9449
2021-04-18 22:52:44 connectionpool.py [line:231] DEBUG: Starting new HTTP connection (1): www.66ip.cn:80
2021-04-18 22:52:44 connectionpool.py [line:461] DEBUG: https://list.proxylistplus.com:443 "GET /Fresh-HTTP-Proxy-List-1 HTTP/1.1" 200 None
2021-04-18 22:52:44 connectionpool.py [line:461] DEBUG: http://www.66ip.cn:80 "GET /8.html HTTP/1.1" 200 9575
2021-04-18 22:52:44 connectionpool.py [line:231] DEBUG: Starting new HTTP connection (1): www.66ip.cn:80
2021-04-18 22:52:44 connectionpool.py [line:461] DEBUG: http://www.66ip.cn:80 "GET /9.html HTTP/1.1" 200 9563
2021-04-18 22:52:44 connectionpool.py [line:231] DEBUG: Starting new HTTP connection (1): 110.77.134.112:8080
2021-04-18 22:52:45 connectionpool.py [line:975] DEBUG: Starting new HTTPS connection (1): httpbin.org:443
2021-04-18 22:52:47 httpbin_check.py [line:47] DEBUG: {'ip': '163.204.94.164', 'port': '9999', 'protocol': -1, 'nick_type': -1, 'speed': -1, 'area': '广东省梅州市', 'score': 50}
2021-04-18 22:52:47 connectionpool.py [line:231] DEBUG: Starting new HTTP connection (1): 120.83.104.237:9999
2021-04-18 22:52:52 connectionpool.py [line:975] DEBUG: Starting new HTTPS connection (1): httpbin.org:443
2021-04-18 22:52:52 connectionpool.py [line:975] DEBUG: Starting new HTTPS connection (1): httpbin.org:443
2021-04-18 22:52:52 connectionpool.py [line:975] DEBUG: Starting new HTTPS connection (1): httpbin.org:443
2021-04-18 22:52:52 connectionpool.py [line:975] DEBUG: Starting new HTTPS connection (1): httpbin.org:443
2021-04-18 22:52:52 connectionpool.py [line:975] DEBUG: Starting new HTTPS connection (1): httpbin.org:443
2021-04-18 22:52:52 connectionpool.py [line:975] DEBUG: Starting new HTTPS connection (1): httpbin.org:443
2021-04-18 22:52:52 connectionpool.py [line:975] DEBUG: Starting new HTTPS connection (1): httpbin.org:443
2021-04-18 22:52:52 connectionpool.py [line:975] DEBUG: Starting new HTTPS connection (1): httpbin.org:443
2021-04-18 22:52:52 connectionpool.py [line:975] DEBUG: Starting new HTTPS connection (1): httpbin.org:443
2021-04-18 22:52:52 connectionpool.py [line:975] DEBUG: Starting new HTTPS connection (1): httpbin.org:443
2021-04-18 22:52:54 connectionpool.py [line:975] DEBUG: Starting new HTTPS connection (1): httpbin.org:443
2021-04-18 22:52:58 connectionpool.py [line:461] DEBUG: http://120.83.104.237:9999 "GET http://httpbin.org/get HTTP/1.1" 200 427
2021-04-18 22:52:58 connectionpool.py [line:975] DEBUG: Starting new HTTPS connection (1): httpbin.org:443
2021-04-18 22:53:00 httpbin_check.py [line:47] DEBUG: {'ip': '14.97.2.106', 'port': 80, 'protocol': -1, 'nick_type': -1, 'speed': -1, 'area': '高匿_印度', 'score': 50}
2021-04-18 22:53:01 mysql_pool.py [line:153] INFO: 修改代理成功:{'ip': '14.97.2.106', 'port': 80, 'protocol': -1, 'nick_type': -1, 'speed': -1, 'area': '高匿_印度', 'score': 49}
2021-04-18 22:53:01 connectionpool.py [line:231] DEBUG: Starting new HTTP connection (1): 186.91.91.90:8080
2021-04-18 22:53:02 httpbin_check.py [line:47] DEBUG: {'ip': '103.80.83.48', 'port': 3127, 'protocol': -1, 'nick_type': -1, 'speed': -1, 'area': '亚太地区', 'score': 38}
2021-04-18 22:53:02 httpbin_check.py [line:47] DEBUG: {'ip': '115.221.241.140', 'port': 9999, 'protocol': -1, 'nick_type': -1, 'speed': -1, 'area': '浙江省温州市', 'score': 38}
2021-04-18 22:53:02 httpbin_check.py [line:47] DEBUG: {'ip': '116.68.249.228', 'port': 8089, 'protocol': -1, 'nick_type': -1, 'speed': -1, 'area': '印度尼西亚', 'score': 44}
2021-04-18 22:53:02 httpbin_check.py [line:47] DEBUG: {'ip': '116.68.254.94', 'port': 8089, 'protocol': -1, 'nick_type': -1, 'speed': -1, 'area': '印度尼西亚', 'score': 46}
2021-04-18 22:53:02 httpbin_check.py [line:47] DEBUG: {'ip': '154.113.19.30', 'port': 8080, 'protocol': -1, 'nick_type': -1, 'speed': -1, 'area': '非洲', 'score': 48}
2021-04-18 22:53:02 httpbin_check.py [line:47] DEBUG: {'ip': '154.72.197.106', 'port': 42113, 'protocol': -1, 'nick_type': -1, 'speed': -1, 'area': '非洲', 'score': 43}
2021-04-18 22:53:02 httpbin_check.py [line:47] DEBUG: {'ip': '181.143.17.35', 'port': 3128, 'protocol': -1, 'nick_type': -1, 'speed': -1, 'area': '高匿_哥伦比亚', 'score': 40}
2021-04-18 22:53:02 httpbin_check.py [line:47] DEBUG: {'ip': '186.91.187.166', 'port': 8080, 'protocol': -1, 'nick_type': -1, 'speed': -1, 'area': '委内瑞拉', 'score': 43}
2021-04-18 22:53:02 httpbin_check.py [line:47] DEBUG: {'ip': '183.89.198.132', 'port': 8080, 'protocol': -1, 'nick_type': -1, 'speed': -1, 'area': '高匿_泰国', 'score': 43}
2021-04-18 22:53:02 mysql_pool.py [line:153] INFO: 修改代理成功:{'ip': '103.80.83.48', 'port': 3127, 'protocol': -1, 'nick_type': -1, 'speed': -1, 'area': '亚太地区', 'score': 37}
2021-04-18 22:53:02 connectionpool.py [line:231] DEBUG: Starting new HTTP connection (1): 187.111.160.8:42579
2021-04-18 22:53:02 mysql_pool.py [line:153] INFO: 修改代理成功:{'ip': '115.221.241.140', 'port': 9999, 'protocol': -1, 'nick_type': -1, 'speed': -1, 'area': '浙江省温州市', 'score': 37}
2021-04-18 22:53:02 connectionpool.py [line:231] DEBUG: Starting new HTTP connection (1): 190.207.39.168:8080
2021-04-18 22:53:02 mysql_pool.py [line:153] INFO: 修改代理成功:{'ip': '116.68.249.228', 'port': 8089, 'protocol': -1, 'nick_type': -1, 'speed': -1, 'area': '印度尼西亚', 'score': 43}
2021-04-18 22:53:02 connectionpool.py [line:231] DEBUG: Starting new HTTP connection (1): 191.101.39.118:80
2021-04-18 22:53:02 mysql_pool.py [line:153] INFO: 修改代理成功:{'ip': '116.68.254.94', 'port': 8089, 'protocol': -1, 'nick_type': -1, 'speed': -1, 'area': '印度尼西亚', 'score': 45}
2021-04-18 22:53:02 connectionpool.py [line:231] DEBUG: Starting new HTTP connection (1): 191.243.217.1:53281
2021-04-18 22:53:03 mysql_pool.py [line:153] INFO: 修改代理成功:{'ip': '154.113.19.30', 'port': 8080, 'protocol': -1, 'nick_type': -1, 'speed': -1, 'area': '非洲', 'score': 47}
2021-04-18 22:53:03 connectionpool.py [line:231] DEBUG: Starting new HTTP connection (1): 195.154.173.28:80
2021-04-18 22:53:03 mysql_pool.py [line:153] INFO: 修改代理成功:{'ip': '154.72.197.106', 'port': 42113, 'protocol': -1, 'nick_type': -1, 'speed': -1, 'area': '非洲', 'score': 42}
2021-04-18 22:53:03 connectionpool.py [line:231] DEBUG: Starting new HTTP connection (1): 197.210.164.66:8080
2021-04-18 22:53:03 mysql_pool.py [line:153] INFO: 修改代理成功:{'ip': '181.143.17.35', 'port': 3128, 'protocol': -1, 'nick_type': -1, 'speed': -1, 'area': '高匿_哥伦比亚', 'score': 39}
2021-04-18 22:53:03 connectionpool.py [line:231] DEBUG: Starting new HTTP connection (1): 216.58.163.118:80
2021-04-18 22:53:03 mysql_pool.py [line:153] INFO: 修改代理成功:{'ip': '186.91.187.166', 'port': 8080, 'protocol': -1, 'nick_type': -1, 'speed': -1, 'area': '委内瑞拉', 'score': 42}
2021-04-18 22:53:03 connectionpool.py [line:231] DEBUG: Starting new HTTP connection (1): 78.111.97.180:3140
2021-04-18 22:53:03 mysql_pool.py [line:153] INFO: 修改代理成功:{'ip': '183.89.198.132', 'port': 8080, 'protocol': -1, 'nick_type': -1, 'speed': -1, 'area': '高匿_泰国', 'score': 42}
2021-04-18 22:53:03 connectionpool.py [line:231] DEBUG: Starting new HTTP connection (1): 91.224.182.49:8080
2021-04-18 22:53:04 httpbin_check.py [line:47] DEBUG: {'ip': '110.77.134.112', 'port': '8080', 'protocol': -1, 'nick_type': -1, 'speed': -1, 'area': 'Thailand', 'score': 50}
2021-04-18 22:53:04 connectionpool.py [line:231] DEBUG: Starting new HTTP connection (1): 178.19.97.1:8088
2021-04-18 22:53:05 connectionpool.py [line:975] DEBUG: Starting new HTTPS connection (1): httpbin.org:443
2021-04-18 22:53:06 connectionpool.py [line:975] DEBUG: Starting new HTTPS connection (1): httpbin.org:443
2021-04-18 22:53:08 connectionpool.py [line:975] DEBUG: Starting new HTTPS connection (1): httpbin.org:443
2021-04-18 22:53:08 httpbin_check.py [line:47] DEBUG: {'ip': '120.83.104.237', 'port': '9999', 'protocol': 0, 'nick_type': 0, 'speed': 10.97, 'area': '高匿_广东省揭阳市联通', 'score': 50}
2021-04-18 22:53:08 mysql_pool.py [line:38] INFO: 插入新的代理:{'ip': '120.83.104.237', 'port': '9999', 'protocol': 0, 'nick_type': 0, 'speed': 10.97, 'area': '高匿_广东省揭阳市联通', 'score': 50}
2021-04-18 22:53:08 connectionpool.py [line:231] DEBUG: Starting new HTTP connection (1): 175.43.106.130:8888
2021-04-18 22:53:09 httpbin_check.py [line:47] DEBUG: {'ip': '191.101.39.118', 'port': 80, 'protocol': -1, 'nick_type': -1, 'speed': -1, 'area': '柬埔寨', 'score': 43}
2021-04-18 22:53:09 mysql_pool.py [line:153] INFO: 修改代理成功:{'ip': '191.101.39.118', 'port': 80, 'protocol': -1, 'nick_type': -1, 'speed': -1, 'area': '柬埔寨', 'score': 42}
2021-04-18 22:53:11 connectionpool.py [line:975] DEBUG: Starting new HTTPS connection (1): httpbin.org:443
2021-04-18 22:53:11 httpbin_check.py [line:47] DEBUG: {'ip': '178.19.97.1', 'port': '8088', 'protocol': -1, 'nick_type': -1, 'speed': -1, 'area': 'Poland', 'score': 50}
2021-04-18 22:53:11 connectionpool.py [line:231] DEBUG: Starting new HTTP connection (1): 71.41.27.245:8080
2021-04-18 22:53:11 connectionpool.py [line:975] DEBUG: Starting new HTTPS connection (1): httpbin.org:443
2021-04-18 22:53:12 connectionpool.py [line:975] DEBUG: Starting new HTTPS connection (1): httpbin.org:443
2021-04-18 22:53:12 connectionpool.py [line:975] DEBUG: Starting new HTTPS connection (1): httpbin.org:443
2021-04-18 22:53:13 connectionpool.py [line:975] DEBUG: Starting new HTTPS connection (1): httpbin.org:443
2021-04-18 22:53:13 connectionpool.py [line:975] DEBUG: Starting new HTTPS connection (1): httpbin.org:443
2021-04-18 22:53:13 connectionpool.py [line:975] DEBUG: Starting new HTTPS connection (1): httpbin.org:443
2021-04-18 22:53:14 connectionpool.py [line:975] DEBUG: Starting new HTTPS connection (1): httpbin.org:443
2021-04-18 22:53:18 connectionpool.py [line:975] DEBUG: Starting new HTTPS connection (1): httpbin.org:443
2021-04-18 22:53:20 httpbin_check.py [line:47] DEBUG: {'ip': '216.58.163.118', 'port': 80, 'protocol': -1, 'nick_type': -1, 'speed': -1, 'area': '美国', 'score': 48}
2021-04-18 22:53:20 mysql_pool.py [line:153] INFO: 修改代理成功:{'ip': '216.58.163.118', 'port': 80, 'protocol': -1, 'nick_type': -1, 'speed': -1, 'area': '美国', 'score': 47}
2021-04-18 22:53:21 httpbin_check.py [line:47] DEBUG: {'ip': '186.91.91.90', 'port': 8080, 'protocol': -1, 'nick_type': -1, 'speed': -1, 'area': 'SSL高匿_委内瑞拉', 'score': 41}
2021-04-18 22:53:21 mysql_pool.py [line:153] INFO: 修改代理成功:{'ip': '186.91.91.90', 'port': 8080, 'protocol': -1, 'nick_type': -1, 'speed': -1, 'area': 'SSL高匿_委内瑞拉', 'score': 40}
2021-04-18 22:53:21 connectionpool.py [line:975] DEBUG: Starting new HTTPS connection (1): httpbin.org:443
2021-04-18 22:53:21 httpbin_check.py [line:47] DEBUG: {'ip': '187.111.160.8', 'port': 42579, 'protocol': -1, 'nick_type': -1, 'speed': -1, 'area': '巴西', 'score': 44}
2021-04-18 22:53:22 mysql_pool.py [line:153] INFO: 修改代理成功:{'ip': '187.111.160.8', 'port': 42579, 'protocol': -1, 'nick_type': -1, 'speed': -1, 'area': '巴西', 'score': 43}
2021-04-18 22:53:22 httpbin_check.py [line:47] DEBUG: {'ip': '190.207.39.168', 'port': 8080, 'protocol': -1, 'nick_type': -1, 'speed': -1, 'area': 'SSL高匿_委内瑞拉', 'score': 43}
2021-04-18 22:53:22 mysql_pool.py [line:153] INFO: 修改代理成功:{'ip': '190.207.39.168', 'port': 8080, 'protocol': -1, 'nick_type': -1, 'speed': -1, 'area': 'SSL高匿_委内瑞拉', 'score': 42}
2021-04-18 22:53:22 httpbin_check.py [line:47] DEBUG: {'ip': '191.243.217.1', 'port': 53281, 'protocol': -1, 'nick_type': -1, 'speed': -1, 'area': '拉美地区', 'score': 44}
2021-04-18 22:53:23 mysql_pool.py [line:153] INFO: 修改代理成功:{'ip': '191.243.217.1', 'port': 53281, 'protocol': -1, 'nick_type': -1, 'speed': -1, 'area': '拉美地区', 'score': 43}
2021-04-18 22:53:23 httpbin_check.py [line:47] DEBUG: {'ip': '195.154.173.28', 'port': 80, 'protocol': -1, 'nick_type': -1, 'speed': -1, 'area': '法国', 'score': 46}
2021-04-18 22:53:23 httpbin_check.py [line:47] DEBUG: {'ip': '197.210.164.66', 'port': 8080, 'protocol': -1, 'nick_type': -1, 'speed': -1, 'area': '尼日利亚', 'score': 44}
2021-04-18 22:53:23 mysql_pool.py [line:153] INFO: 修改代理成功:{'ip': '195.154.173.28', 'port': 80, 'protocol': -1, 'nick_type': -1, 'speed': -1, 'area': '法国', 'score': 45}
2021-04-18 22:53:23 mysql_pool.py [line:153] INFO: 修改代理成功:{'ip': '197.210.164.66', 'port': 8080, 'protocol': -1, 'nick_type': -1, 'speed': -1, 'area': '尼日利亚', 'score': 43}
2021-04-18 22:53:23 httpbin_check.py [line:47] DEBUG: {'ip': '78.111.97.180', 'port': 3140, 'protocol': -1, 'nick_type': -1, 'speed': -1, 'area': '土耳其', 'score': 40}
2021-04-18 22:53:23 mysql_pool.py [line:153] INFO: 修改代理成功:{'ip': '78.111.97.180', 'port': 3140, 'protocol': -1, 'nick_type': -1, 'speed': -1, 'area': '土耳其', 'score': 39}
2021-04-18 22:53:24 httpbin_check.py [line:47] DEBUG: {'ip': '91.224.182.49', 'port': 8080, 'protocol': -1, 'nick_type': -1, 'speed': -1, 'area': '俄罗斯', 'score': 37}
2021-04-18 22:53:24 mysql_pool.py [line:153] INFO: 修改代理成功:{'ip': '91.224.182.49', 'port': 8080, 'protocol': -1, 'nick_type': -1, 'speed': -1, 'area': '俄罗斯', 'score': 36}
2021-04-18 22:53:28 httpbin_check.py [line:47] DEBUG: {'ip': '175.43.106.130', 'port': '8888', 'protocol': -1, 'nick_type': -1, 'speed': -1, 'area': '高匿_福建省泉州市联通', 'score': 50}
2021-04-18 22:53:28 connectionpool.py [line:231] DEBUG: Starting new HTTP connection (1): 120.83.109.109:9999
2021-04-18 22:53:31 httpbin_check.py [line:47] DEBUG: {'ip': '71.41.27.245', 'port': '8080', 'protocol': -1, 'nick_type': -1, 'speed': -1, 'area': 'United States', 'score': 50}
2021-04-18 22:53:31 connectionpool.py [line:231] DEBUG: Starting new HTTP connection (1): 176.106.120.82:8080
2021-04-18 22:53:38 connectionpool.py [line:975] DEBUG: Starting new HTTPS connection (1): httpbin.org:443
2021-04-18 22:53:41 connectionpool.py [line:975] DEBUG: Starting new HTTPS connection (1): httpbin.org:443
2021-04-18 22:53:49 httpbin_check.py [line:47] DEBUG: {'ip': '120.83.109.109', 'port': '9999', 'protocol': -1, 'nick_type': -1, 'speed': -1, 'area': '广东省揭阳市普宁市', 'score': 50}
2021-04-18 22:53:49 connectionpool.py [line:231] DEBUG: Starting new HTTP connection (1): 150.255.129.15:9999
2021-04-18 22:53:51 httpbin_check.py [line:47] DEBUG: {'ip': '176.106.120.82', 'port': '8080', 'protocol': -1, 'nick_type': -1, 'speed': -1, 'area': 'Serbia', 'score': 50}
2021-04-18 22:53:51 connectionpool.py [line:231] DEBUG: Starting new HTTP connection (1): 190.104.170.234:8080
2021-04-18 22:53:59 connectionpool.py [line:975] DEBUG: Starting new HTTPS connection (1): httpbin.org:443
2021-04-18 22:54:01 connectionpool.py [line:975] DEBUG: Starting new HTTPS connection (1): httpbin.org:443
2021-04-18 22:54:11 httpbin_check.py [line:47] DEBUG: {'ip': '190.104.170.234', 'port': '8080', 'protocol': -1, 'nick_type': -1, 'speed': -1, 'area': 'Paraguay', 'score': 50}
2021-04-18 22:54:11 connectionpool.py [line:231] DEBUG: Starting new HTTP connection (1): 203.160.163.58:8080
2021-04-18 22:54:12 httpbin_check.py [line:47] DEBUG: {'ip': '150.255.129.15', 'port': '9999', 'protocol': -1, 'nick_type': -1, 'speed': -1, 'area': '高匿_海南省五指山市联通', 'score': 50}
2021-04-18 22:54:12 connectionpool.py [line:231] DEBUG: Starting new HTTP connection (1): 183.141.218.217:8090
2021-04-18 22:54:12 connectionpool.py [line:975] DEBUG: Starting new HTTPS connection (1): httpbin.org:443
2021-04-18 22:54:21 connectionpool.py [line:975] DEBUG: Starting new HTTPS connection (1): httpbin.org:443
2021-04-18 22:54:22 httpbin_check.py [line:47] DEBUG: {'ip': '183.141.218.217', 'port': '8090', 'protocol': -1, 'nick_type': -1, 'speed': -1, 'area': '高匿_浙江省电信中心网络', 'score': 50}
2021-04-18 22:54:22 connectionpool.py [line:231] DEBUG: Starting new HTTP connection (1): 59.60.208.120:9999
2021-04-18 22:54:31 httpbin_check.py [line:47] DEBUG: {'ip': '203.160.163.58', 'port': '8080', 'protocol': -1, 'nick_type': -1, 'speed': -1, 'area': 'Philippines', 'score': 50}
2021-04-18 22:54:31 connectionpool.py [line:231] DEBUG: Starting new HTTP connection (1): 75.134.84.195:8080
2021-04-18 22:54:32 connectionpool.py [line:975] DEBUG: Starting new HTTPS connection (1): httpbin.org:443
2021-04-18 22:54:41 connectionpool.py [line:975] DEBUG: Starting new HTTPS connection (1): httpbin.org:443
2021-04-18 22:54:42 httpbin_check.py [line:47] DEBUG: {'ip': '59.60.208.120', 'port': '9999', 'protocol': -1, 'nick_type': -1, 'speed': -1, 'area': '高匿_福建省三明市电信', 'score': 50}
2021-04-18 22:54:42 connectionpool.py [line:231] DEBUG: Starting new HTTP connection (1): 61.161.30.104:9999
2021-04-18 22:54:51 httpbin_check.py [line:47] DEBUG: {'ip': '75.134.84.195', 'port': '8080', 'protocol': -1, 'nick_type': -1, 'speed': -1, 'area': 'United States', 'score': 50}
2021-04-18 22:54:51 connectionpool.py [line:231] DEBUG: Starting new HTTP connection (1): 182.180.154.47:3128
2021-04-18 22:54:52 connectionpool.py [line:975] DEBUG: Starting new HTTPS connection (1): httpbin.org:443
2021-04-18 22:55:01 connectionpool.py [line:975] DEBUG: Starting new HTTPS connection (1): httpbin.org:443
2021-04-18 22:55:02 httpbin_check.py [line:47] DEBUG: {'ip': '61.161.30.104', 'port': '9999', 'protocol': -1, 'nick_type': -1, 'speed': -1, 'area': '吉林省白山市', 'score': 50}
2021-04-18 22:55:02 connectionpool.py [line:231] DEBUG: Starting new HTTP connection (1): 60.184.6.194:9999
2021-04-18 22:55:11 httpbin_check.py [line:47] DEBUG: {'ip': '182.180.154.47', 'port': '3128', 'protocol': -1, 'nick_type': -1, 'speed': -1, 'area': 'Pakistan', 'score': 50}
2021-04-18 22:55:11 connectionpool.py [line:231] DEBUG: Starting new HTTP connection (1): 23.95.43.171:3128
2021-04-18 22:55:12 connectionpool.py [line:975] DEBUG: Starting new HTTPS connection (1): httpbin.org:443
2021-04-18 22:55:21 connectionpool.py [line:975] DEBUG: Starting new HTTPS connection (1): httpbin.org:443
2021-04-18 22:55:22 httpbin_check.py [line:47] DEBUG: {'ip': '60.184.6.194', 'port': '9999', 'protocol': -1, 'nick_type': -1, 'speed': -1, 'area': '浙江省湖州市', 'score': 50}
2021-04-18 22:55:22 connectionpool.py [line:231] DEBUG: Starting new HTTP connection (1): 58.253.153.210:9999
2021-04-18 22:55:31 httpbin_check.py [line:47] DEBUG: {'ip': '23.95.43.171', 'port': '3128', 'protocol': -1, 'nick_type': -1, 'speed': -1, 'area': 'United States', 'score': 50}
2021-04-18 22:55:31 connectionpool.py [line:231] DEBUG: Starting new HTTP connection (1): 82.192.30.238:8080
2021-04-18 22:55:32 connectionpool.py [line:975] DEBUG: Starting new HTTPS connection (1): httpbin.org:443
2021-04-18 22:55:41 connectionpool.py [line:975] DEBUG: Starting new HTTPS connection (1): httpbin.org:443
2021-04-18 22:55:42 httpbin_check.py [line:47] DEBUG: {'ip': '58.253.153.210', 'port': '9999', 'protocol': -1, 'nick_type': -1, 'speed': -1, 'area': '广东省揭阳市', 'score': 50}
2021-04-18 22:55:42 connectionpool.py [line:231] DEBUG: Starting new HTTP connection (1): 223.215.19.202:9999
2021-04-18 22:55:51 httpbin_check.py [line:47] DEBUG: {'ip': '82.192.30.238', 'port': '8080', 'protocol': -1, 'nick_type': -1, 'speed': -1, 'area': 'Austria', 'score': 50}
2021-04-18 22:55:51 connectionpool.py [line:231] DEBUG: Starting new HTTP connection (1): 198.23.143.27:8080
2021-04-18 22:55:52 connectionpool.py [line:975] DEBUG: Starting new HTTPS connection (1): httpbin.org:443
2021-04-18 22:55:55 connectionpool.py [line:975] DEBUG: Starting new HTTPS connection (1): httpbin.org:443
2021-04-18 22:56:03 httpbin_check.py [line:47] DEBUG: {'ip': '223.215.19.202', 'port': '9999', 'protocol': -1, 'nick_type': -1, 'speed': -1, 'area': '安徽省', 'score': 50}
2021-04-18 22:56:03 connectionpool.py [line:231] DEBUG: Starting new HTTP connection (1): 27.205.44.205:9000
2021-04-18 22:56:04 httpbin_check.py [line:47] DEBUG: {'ip': '198.23.143.27', 'port': '8080', 'protocol': -1, 'nick_type': -1, 'speed': -1, 'area': 'United States', 'score': 50}
2021-04-18 22:56:04 connectionpool.py [line:231] DEBUG: Starting new HTTP connection (1): 190.186.42.124:8080
2021-04-18 22:56:13 connectionpool.py [line:975] DEBUG: Starting new HTTPS connection (1): httpbin.org:443
2021-04-18 22:56:14 connectionpool.py [line:975] DEBUG: Starting new HTTPS connection (1): httpbin.org:443
2021-04-18 22:56:23 httpbin_check.py [line:47] DEBUG: {'ip': '27.205.44.205', 'port': '9000', 'protocol': -1, 'nick_type': -1, 'speed': -1, 'area': '高匿_山东省潍坊市联通', 'score': 50}
2021-04-18 22:56:23 connectionpool.py [line:231] DEBUG: Starting new HTTP connection (1): 49.86.179.133:9999
2021-04-18 22:56:24 httpbin_check.py [line:47] DEBUG: {'ip': '190.186.42.124', 'port': '8080', 'protocol': -1, 'nick_type': -1, 'speed': -1, 'area': 'Bolivia', 'score': 50}
2021-04-18 22:56:24 connectionpool.py [line:231] DEBUG: Starting new HTTP connection (1): 36.66.34.10:8080
2021-04-18 22:56:28 connectionpool.py [line:975] DEBUG: Starting new HTTPS connection (1): httpbin.org:443
2021-04-18 22:56:33 connectionpool.py [line:975] DEBUG: Starting new HTTPS connection (1): httpbin.org:443
2021-04-18 22:56:38 httpbin_check.py [line:47] DEBUG: {'ip': '36.66.34.10', 'port': '8080', 'protocol': -1, 'nick_type': -1, 'speed': -1, 'area': 'Indonesia', 'score': 50}
2021-04-18 22:56:38 connectionpool.py [line:231] DEBUG: Starting new HTTP connection (1): 84.22.46.25:8080
2021-04-18 22:56:42 connectionpool.py [line:975] DEBUG: Starting new HTTPS connection (1): httpbin.org:443
2021-04-18 22:56:43 httpbin_check.py [line:47] DEBUG: {'ip': '49.86.179.133', 'port': '9999', 'protocol': -1, 'nick_type': -1, 'speed': -1, 'area': '江苏省扬州市', 'score': 50}
2021-04-18 22:56:43 connectionpool.py [line:231] DEBUG: Starting new HTTP connection (1): 218.27.221.155:9999
2021-04-18 22:56:46 httpbin_check.py [line:47] DEBUG: {'ip': '84.22.46.25', 'port': '8080', 'protocol': -1, 'nick_type': -1, 'speed': -1, 'area': 'Serbia', 'score': 50}
2021-04-18 22:56:46 connectionpool.py [line:231] DEBUG: Starting new HTTP connection (1): 103.19.109.186:8088
2021-04-18 22:56:53 connectionpool.py [line:975] DEBUG: Starting new HTTPS connection (1): httpbin.org:443
2021-04-18 22:56:56 connectionpool.py [line:975] DEBUG: Starting new HTTPS connection (1): httpbin.org:443
2021-04-18 22:57:03 httpbin_check.py [line:47] DEBUG: {'ip': '218.27.221.155', 'port': '9999', 'protocol': -1, 'nick_type': -1, 'speed': -1, 'area': '吉林省白山市', 'score': 50}
2021-04-18 22:57:03 connectionpool.py [line:231] DEBUG: Starting new HTTP connection (1): 218.27.220.239:9999
2021-04-18 22:57:06 httpbin_check.py [line:47] DEBUG: {'ip': '103.19.109.186', 'port': '8088', 'protocol': -1, 'nick_type': -1, 'speed': -1, 'area': 'Indonesia', 'score': 50}
2021-04-18 22:57:06 connectionpool.py [line:231] DEBUG: Starting new HTTP connection (1): 61.90.41.97:8888
2021-04-18 22:57:13 connectionpool.py [line:975] DEBUG: Starting new HTTPS connection (1): httpbin.org:443
2021-04-18 22:57:16 connectionpool.py [line:975] DEBUG: Starting new HTTPS connection (1): httpbin.org:443
2021-04-18 22:57:23 httpbin_check.py [line:47] DEBUG: {'ip': '218.27.220.239', 'port': '9999', 'protocol': -1, 'nick_type': -1, 'speed': -1, 'area': '吉林省白山市', 'score': 50}
2021-04-18 22:57:23 connectionpool.py [line:231] DEBUG: Starting new HTTP connection (1): www.ip3366.net:80
2021-04-18 22:57:23 connectionpool.py [line:461] DEBUG: http://www.ip3366.net:80 "GET /free/?stype=3&page=1 HTTP/1.1" 200 5309
2021-04-18 22:57:23 connectionpool.py [line:231] DEBUG: Starting new HTTP connection (1): 134.35.79.234:8080
2021-04-18 22:57:26 httpbin_check.py [line:47] DEBUG: {'ip': '61.90.41.97', 'port': '8888', 'protocol': -1, 'nick_type': -1, 'speed': -1, 'area': 'Thailand', 'score': 50}
2021-04-18 22:57:26 connectionpool.py [line:231] DEBUG: Starting new HTTP connection (1): 176.123.129.14:8080
2021-04-18 22:57:29 connectionpool.py [line:975] DEBUG: Starting new HTTPS connection (1): httpbin.org:443
2021-04-18 22:57:33 httpbin_check.py [line:47] DEBUG: {'ip': '176.123.129.14', 'port': '8080', 'protocol': -1, 'nick_type': -1, 'speed': -1, 'area': 'Russian Federation', 'score': 50}
2021-04-18 22:57:33 connectionpool.py [line:231] DEBUG: Starting new HTTP connection (1): 46.39.192.48:8080
2021-04-18 22:57:33 connectionpool.py [line:975] DEBUG: Starting new HTTPS connection (1): httpbin.org:443
2021-04-18 22:57:43 connectionpool.py [line:975] DEBUG: Starting new HTTPS connection (1): httpbin.org:443
2021-04-18 22:57:44 httpbin_check.py [line:47] DEBUG: {'ip': '134.35.79.234', 'port': '8080', 'protocol': -1, 'nick_type': -1, 'speed': -1, 'area': 'SSL高匿_也门', 'score': 50}
2021-04-18 22:57:44 connectionpool.py [line:231] DEBUG: Starting new HTTP connection (1): 180.241.174.8:8080
2021-04-18 22:57:53 httpbin_check.py [line:47] DEBUG: {'ip': '46.39.192.48', 'port': '8080', 'protocol': -1, 'nick_type': -1, 'speed': -1, 'area': 'Spain', 'score': 50}
2021-04-18 22:57:53 connectionpool.py [line:231] DEBUG: Starting new HTTP connection (1): 103.247.101.102:8080
2021-04-18 22:57:54 connectionpool.py [line:975] DEBUG: Starting new HTTPS connection (1): httpbin.org:443
2021-04-18 22:58:03 connectionpool.py [line:975] DEBUG: Starting new HTTPS connection (1): httpbin.org:443
2021-04-18 22:58:04 httpbin_check.py [line:47] DEBUG: {'ip': '180.241.174.8', 'port': '8080', 'protocol': -1, 'nick_type': -1, 'speed': -1, 'area': '高匿_印度尼西亚', 'score': 50}
2021-04-18 22:58:04 connectionpool.py [line:231] DEBUG: Starting new HTTP connection (1): 186.91.226.196:8080
2021-04-18 22:58:13 httpbin_check.py [line:47] DEBUG: {'ip': '103.247.101.102', 'port': '8080', 'protocol': -1, 'nick_type': -1, 'speed': -1, 'area': 'Indonesia', 'score': 50}
2021-04-18 22:58:13 connectionpool.py [line:231] DEBUG: Starting new HTTP connection (1): 103.4.66.45:8080
2021-04-18 22:58:14 connectionpool.py [line:975] DEBUG: Starting new HTTPS connection (1): httpbin.org:443
2021-04-18 22:58:17 connectionpool.py [line:975] DEBUG: Starting new HTTPS connection (1): httpbin.org:443
2021-04-18 22:58:20 httpbin_check.py [line:47] DEBUG: {'ip': '103.4.66.45', 'port': '8080', 'protocol': -1, 'nick_type': -1, 'speed': -1, 'area': 'Bangladesh', 'score': 50}
2021-04-18 22:58:20 connectionpool.py [line:231] DEBUG: Starting new HTTP connection (1): 202.56.160.110:8080
2021-04-18 22:58:27 httpbin_check.py [line:47] DEBUG: {'ip': '186.91.226.196', 'port': '8080', 'protocol': -1, 'nick_type': -1, 'speed': -1, 'area': 'SSL高匿_委内瑞拉', 'score': 50}
2021-04-18 22:58:27 connectionpool.py [line:231] DEBUG: Starting new HTTP connection (1): 134.35.125.10:8080
2021-04-18 22:58:30 connectionpool.py [line:975] DEBUG: Starting new HTTPS connection (1): httpbin.org:443
2021-04-18 22:58:37 connectionpool.py [line:975] DEBUG: Starting new HTTPS connection (1): httpbin.org:443
2021-04-18 22:58:40 httpbin_check.py [line:47] DEBUG: {'ip': '202.56.160.110', 'port': '8080', 'protocol': -1, 'nick_type': -1, 'speed': -1, 'area': 'Indonesia', 'score': 50}
2021-04-18 22:58:40 connectionpool.py [line:231] DEBUG: Starting new HTTP connection (1): 78.189.178.224:80
2021-04-18 22:58:47 httpbin_check.py [line:47] DEBUG: {'ip': '134.35.125.10', 'port': '8080', 'protocol': -1, 'nick_type': -1, 'speed': -1, 'area': '高匿_也门', 'score': 50}
2021-04-18 22:58:47 connectionpool.py [line:231] DEBUG: Starting new HTTP connection (1): 134.35.125.196:8080
2021-04-18 22:58:50 connectionpool.py [line:975] DEBUG: Starting new HTTPS connection (1): httpbin.org:443
2021-04-18 22:58:57 connectionpool.py [line:975] DEBUG: Starting new HTTPS connection (1): httpbin.org:443
2021-04-18 22:59:00 httpbin_check.py [line:47] DEBUG: {'ip': '78.189.178.224', 'port': '80', 'protocol': -1, 'nick_type': -1, 'speed': -1, 'area': 'Turkey', 'score': 50}
2021-04-18 22:59:00 connectionpool.py [line:231] DEBUG: Starting new HTTP connection (1): 186.19.175.6:3128
2021-04-18 22:59:07 httpbin_check.py [line:47] DEBUG: {'ip': '134.35.125.196', 'port': '8080', 'protocol': -1, 'nick_type': -1, 'speed': -1, 'area': '高匿_也门', 'score': 50}
2021-04-18 22:59:07 connectionpool.py [line:231] DEBUG: Starting new HTTP connection (1): 186.90.218.206:8080
2021-04-18 22:59:10 connectionpool.py [line:975] DEBUG: Starting new HTTPS connection (1): httpbin.org:443
2021-04-18 22:59:17 connectionpool.py [line:975] DEBUG: Starting new HTTPS connection (1): httpbin.org:443
2021-04-18 22:59:18 httpbin_check.py [line:47] DEBUG: {'ip': '186.90.218.206', 'port': '8080', 'protocol': -1, 'nick_type': -1, 'speed': -1, 'area': 'SSL高匿_委内瑞拉', 'score': 50}
2021-04-18 22:59:18 connectionpool.py [line:231] DEBUG: Starting new HTTP connection (1): 186.88.243.93:8080
2021-04-18 22:59:20 httpbin_check.py [line:47] DEBUG: {'ip': '186.19.175.6', 'port': '3128', 'protocol': -1, 'nick_type': -1, 'speed': -1, 'area': 'Argentina', 'score': 50}
2021-04-18 22:59:20 connectionpool.py [line:231] DEBUG: Starting new HTTP connection (1): 103.246.1.101:8080
2021-04-18 22:59:30 connectionpool.py [line:975] DEBUG: Starting new HTTPS connection (1): httpbin.org:443
2021-04-18 22:59:32 connectionpool.py [line:975] DEBUG: Starting new HTTPS connection (1): httpbin.org:443
2021-04-18 22:59:40 httpbin_check.py [line:47] DEBUG: {'ip': '103.246.1.101', 'port': '8080', 'protocol': -1, 'nick_type': -1, 'speed': -1, 'area': 'Indonesia', 'score': 50}
2021-04-18 22:59:40 connectionpool.py [line:231] DEBUG: Starting new HTTP connection (1): 119.18.153.18:8080
2021-04-18 22:59:42 httpbin_check.py [line:47] DEBUG: {'ip': '186.88.243.93', 'port': '8080', 'protocol': -1, 'nick_type': -1, 'speed': -1, 'area': 'SSL高匿_委内瑞拉', 'score': 50}
2021-04-18 22:59:42 connectionpool.py [line:231] DEBUG: Starting new HTTP connection (1): 180.183.15.250:8213
2021-04-18 22:59:43 connectionpool.py [line:975] DEBUG: Starting new HTTPS connection (1): httpbin.org:443
2021-04-18 22:59:48 httpbin_check.py [line:47] DEBUG: {'ip': '119.18.153.18', 'port': '8080', 'protocol': -1, 'nick_type': -1, 'speed': -1, 'area': 'Indonesia', 'score': 50}
2021-04-18 22:59:48 connectionpool.py [line:231] DEBUG: Starting new HTTP connection (1): 125.209.73.57:8080
2021-04-18 22:59:53 connectionpool.py [line:975] DEBUG: Starting new HTTPS connection (1): httpbin.org:443
2021-04-18 22:59:55 connectionpool.py [line:975] DEBUG: Starting new HTTPS connection (1): httpbin.org:443
2021-04-18 23:00:03 httpbin_check.py [line:47] DEBUG: {'ip': '180.183.15.250', 'port': '8213', 'protocol': -1, 'nick_type': -1, 'speed': -1, 'area': 'SSL高匿_泰国', 'score': 50}
2021-04-18 23:00:03 connectionpool.py [line:231] DEBUG: Starting new HTTP connection (1): 180.246.11.175:8080
2021-04-18 23:00:05 httpbin_check.py [line:47] DEBUG: {'ip': '125.209.73.57', 'port': '8080', 'protocol': -1, 'nick_type': -1, 'speed': -1, 'area': 'Pakistan', 'score': 50}
2021-04-18 23:00:05 connectionpool.py [line:231] DEBUG: Starting new HTTP connection (1): 186.101.113.234:8080
2021-04-18 23:00:15 connectionpool.py [line:975] DEBUG: Starting new HTTPS connection (1): httpbin.org:443
2021-04-18 23:00:17 connectionpool.py [line:975] DEBUG: Starting new HTTPS connection (1): httpbin.org:443
2021-04-18 23:00:25 httpbin_check.py [line:47] DEBUG: {'ip': '186.101.113.234', 'port': '8080', 'protocol': -1, 'nick_type': -1, 'speed': -1, 'area': 'Ecuador', 'score': 50}
2021-04-18 23:00:25 connectionpool.py [line:231] DEBUG: Starting new HTTP connection (1): 36.66.242.10:8080
2021-04-18 23:00:27 httpbin_check.py [line:47] DEBUG: {'ip': '180.246.11.175', 'port': '8080', 'protocol': -1, 'nick_type': -1, 'speed': -1, 'area': 'SSL高匿_印度尼西亚', 'score': 50}
2021-04-18 23:00:27 connectionpool.py [line:231] DEBUG: Starting new HTTP connection (1): 134.35.21.245:8080
2021-04-18 23:00:35 connectionpool.py [line:975] DEBUG: Starting new HTTPS connection (1): httpbin.org:443
2021-04-18 23:00:37 connectionpool.py [line:975] DEBUG: Starting new HTTPS connection (1): httpbin.org:443
2021-04-18 23:00:45 httpbin_check.py [line:47] DEBUG: {'ip': '36.66.242.10', 'port': '8080', 'protocol': -1, 'nick_type': -1, 'speed': -1, 'area': 'Indonesia', 'score': 50}
2021-04-18 23:00:45 connectionpool.py [line:231] DEBUG: Starting new HTTP connection (1): 180.250.100.66:3128
2021-04-18 23:00:47 httpbin_check.py [line:47] DEBUG: {'ip': '134.35.21.245', 'port': '8080', 'protocol': -1, 'nick_type': -1, 'speed': -1, 'area': 'SSL高匿_也门', 'score': 50}
2021-04-18 23:00:47 connectionpool.py [line:231] DEBUG: Starting new HTTP connection (1): 134.35.103.238:8080
2021-04-18 23:00:55 connectionpool.py [line:975] DEBUG: Starting new HTTPS connection (1): httpbin.org:443
2021-04-18 23:00:57 connectionpool.py [line:975] DEBUG: Starting new HTTPS connection (1): httpbin.org:443
2021-04-18 23:01:05 httpbin_check.py [line:47] DEBUG: {'ip': '180.250.100.66', 'port': '3128', 'protocol': -1, 'nick_type': -1, 'speed': -1, 'area': 'Indonesia', 'score': 50}
2021-04-18 23:01:05 connectionpool.py [line:231] DEBUG: Starting new HTTP connection (1): 94.154.222.95:8080
2021-04-18 23:01:07 httpbin_check.py [line:47] DEBUG: {'ip': '134.35.103.238', 'port': '8080', 'protocol': -1, 'nick_type': -1, 'speed': -1, 'area': '高匿_也门', 'score': 50}
2021-04-18 23:01:07 connectionpool.py [line:231] DEBUG: Starting new HTTP connection (1): 178.212.51.130:41258
2021-04-18 23:01:15 connectionpool.py [line:975] DEBUG: Starting new HTTPS connection (1): httpbin.org:443
2021-04-18 23:01:17 connectionpool.py [line:975] DEBUG: Starting new HTTPS connection (1): httpbin.org:443
2021-04-18 23:01:25 httpbin_check.py [line:47] DEBUG: {'ip': '94.154.222.95', 'port': '8080', 'protocol': -1, 'nick_type': -1, 'speed': -1, 'area': 'Ukraine', 'score': 50}
2021-04-18 23:01:25 connectionpool.py [line:231] DEBUG: Starting new HTTP connection (1): 80.188.135.10:8080
2021-04-18 23:01:27 httpbin_check.py [line:47] DEBUG: {'ip': '178.212.51.130', 'port': '41258', 'protocol': -1, 'nick_type': -1, 'speed': -1, 'area': '高匿_波兰', 'score': 50}
2021-04-18 23:01:27 connectionpool.py [line:231] DEBUG: Starting new HTTP connection (1): 134.35.180.53:8080
2021-04-18 23:01:35 connectionpool.py [line:975] DEBUG: Starting new HTTPS connection (1): httpbin.org:443
2021-04-18 23:01:37 connectionpool.py [line:975] DEBUG: Starting new HTTPS connection (1): httpbin.org:443
2021-04-18 23:01:45 httpbin_check.py [line:47] DEBUG: {'ip': '80.188.135.10', 'port': '8080', 'protocol': -1, 'nick_type': -1, 'speed': -1, 'area': 'Czech Republic', 'score': 50}
2021-04-18 23:01:45 connectionpool.py [line:231] DEBUG: Starting new HTTP connection (1): 83.241.46.175:8080
2021-04-18 23:01:47 httpbin_check.py [line:47] DEBUG: {'ip': '134.35.180.53', 'port': '8080', 'protocol': -1, 'nick_type': -1, 'speed': -1, 'area': 'SSL高匿_也门', 'score': 50}
2021-04-18 23:01:47 connectionpool.py [line:231] DEBUG: Starting new HTTP connection (1): 110.78.146.225:8080
2021-04-18 23:01:55 connectionpool.py [line:975] DEBUG: Starting new HTTPS connection (1): httpbin.org:443
2021-04-18 23:01:57 connectionpool.py [line:975] DEBUG: Starting new HTTPS connection (1): httpbin.org:443
2021-04-18 23:02:05 httpbin_check.py [line:47] DEBUG: {'ip': '83.241.46.175', 'port': '8080', 'protocol': -1, 'nick_type': -1, 'speed': -1, 'area': 'Latvia', 'score': 50}
2021-04-18 23:02:05 connectionpool.py [line:231] DEBUG: Starting new HTTP connection (1): 104.236.156.162:80
2021-04-18 23:02:07 httpbin_check.py [line:47] DEBUG: {'ip': '110.78.146.225', 'port': '8080', 'protocol': -1, 'nick_type': -1, 'speed': -1, 'area': '高匿_泰国', 'score': 50}
2021-04-18 23:02:07 connectionpool.py [line:231] DEBUG: Starting new HTTP connection (1): 177.73.3.60:3138
2021-04-18 23:02:12 connectionpool.py [line:461] DEBUG: http://177.73.3.60:3138 "GET http://httpbin.org/get HTTP/1.1" 200 454
2021-04-18 23:02:13 connectionpool.py [line:975] DEBUG: Starting new HTTPS connection (1): httpbin.org:443
2021-04-18 23:02:15 connectionpool.py [line:975] DEBUG: Starting new HTTPS connection (1): httpbin.org:443
2021-04-18 23:02:23 httpbin_check.py [line:47] DEBUG: {'ip': '177.73.3.60', 'port': '3138', 'protocol': 0, 'nick_type': 2, 'speed': 5.5, 'area': '高匿_巴西', 'score': 50}
2021-04-18 23:02:25 httpbin_check.py [line:47] DEBUG: {'ip': '104.236.156.162', 'port': '80', 'protocol': -1, 'nick_type': -1, 'speed': -1, 'area': 'United States', 'score': 50}
2021-04-18 23:02:25 connectionpool.py [line:231] DEBUG: Starting new HTTP connection (1): 190.77.134.96:8080
2021-04-18 23:02:35 connectionpool.py [line:975] DEBUG: Starting new HTTPS connection (1): httpbin.org:443
2021-04-18 23:02:42 mysql_pool.py [line:38] INFO: 插入新的代理:{'ip': '177.73.3.60', 'port': '3138', 'protocol': 0, 'nick_type': 2, 'speed': 5.5, 'area': '高匿_巴西', 'score': 50}
2021-04-18 23:02:42 connectionpool.py [line:231] DEBUG: Starting new HTTP connection (1): www.ip3366.net:80
2021-04-18 23:02:42 connectionpool.py [line:461] DEBUG: http://www.ip3366.net:80 "GET /free/?stype=1&page=2 HTTP/1.1" 200 5451
2021-04-18 23:02:42 connectionpool.py [line:231] DEBUG: Starting new HTTP connection (1): 27.43.189.253:9999
2021-04-18 23:02:45 httpbin_check.py [line:47] DEBUG: {'ip': '190.77.134.96', 'port': '8080', 'protocol': -1, 'nick_type': -1, 'speed': -1, 'area': 'Venezuela', 'score': 50}
2021-04-18 23:02:45 connectionpool.py [line:231] DEBUG: Starting new HTTP connection (1): 188.214.23.78:80
2021-04-18 23:02:53 connectionpool.py [line:975] DEBUG: Starting new HTTPS connection (1): httpbin.org:443
2021-04-18 23:02:55 connectionpool.py [line:975] DEBUG: Starting new HTTPS connection (1): httpbin.org:443
2021-04-18 23:03:03 httpbin_check.py [line:47] DEBUG: {'ip': '27.43.189.253', 'port': '9999', 'protocol': -1, 'nick_type': -1, 'speed': -1, 'area': '广东省梅州市', 'score': 50}
2021-04-18 23:03:03 connectionpool.py [line:231] DEBUG: Starting new HTTP connection (1): 223.247.165.190:9999
2021-04-18 23:03:05 httpbin_check.py [line:47] DEBUG: {'ip': '188.214.23.78', 'port': '80', 'protocol': -1, 'nick_type': -1, 'speed': -1, 'area': 'Romania', 'score': 50}
2021-04-18 23:03:05 connectionpool.py [line:231] DEBUG: Starting new HTTP connection (1): 89.122.149.97:3128
2021-04-18 23:03:13 connectionpool.py [line:975] DEBUG: Starting new HTTPS connection (1): httpbin.org:443
2021-04-18 23:03:15 connectionpool.py [line:975] DEBUG: Starting new HTTPS connection (1): httpbin.org:443
2021-04-18 23:03:23 httpbin_check.py [line:47] DEBUG: {'ip': '223.247.165.190', 'port': '9999', 'protocol': -1, 'nick_type': -1, 'speed': -1, 'area': '安徽省淮北市', 'score': 50}
2021-04-18 23:03:23 connectionpool.py [line:231] DEBUG: Starting new HTTP connection (1): 223.241.119.108:8888
2021-04-18 23:03:25 httpbin_check.py [line:47] DEBUG: {'ip': '89.122.149.97', 'port': '3128', 'protocol': -1, 'nick_type': -1, 'speed': -1, 'area': 'Romania', 'score': 50}
2021-04-18 23:03:25 connectionpool.py [line:231] DEBUG: Starting new HTTP connection (1): 217.117.13.170:8080
2021-04-18 23:03:33 connectionpool.py [line:975] DEBUG: Starting new HTTPS connection (1): httpbin.org:443
2021-04-18 23:03:35 connectionpool.py [line:975] DEBUG: Starting new HTTPS connection (1): httpbin.org:443
2021-04-18 23:03:43 httpbin_check.py [line:47] DEBUG: {'ip': '223.241.119.108', 'port': '8888', 'protocol': -1, 'nick_type': -1, 'speed': -1, 'area': '安徽省芜湖市', 'score': 50}
2021-04-18 23:03:43 connectionpool.py [line:231] DEBUG: Starting new HTTP connection (1): 218.27.250.253:9999
2021-04-18 23:03:45 connectionpool.py [line:975] DEBUG: Starting new HTTPS connection (1): httpbin.org:443
